Action.c(103): CancelFlightsBodyParam =1=on&2=on&flightID=288037457-795-CS&flightID=205741172-15483-CS&flightID=288037468-23225-CS&flightID=41148568-30848-CS&removeFlights.x=56&removeFlights.y=12&.cgifields=1&.cgifields=2&.cgifields=3&.cgifields=4	[MsgId: MMSG-17999]
Action.c(103): CancelFlightsBodyParam =1=on&2=on&3=on&flightID=288045629-7922-CD&flightID=205749321-15490-CD&flightID=1646011902-23182-CD&flightID=82304915-30937-CD&flightID=2468974854-38543-CD&flightID=2057493384-46470-CD&removeFlights.x=56&removeFlights.y=12&.cgifields=1&.cgifields=2&.cgifields=3&.cgifields=4&.cgifields=5&.cgifields=6	[MsgId: MMSG-17999]
Action.c(103): CancelFlightsBodyParam =1=on&flightID=823293403-7838-JC&flightID=2057737111-15694-JC&removeFlights.x=56&removeFlights.y=12&.cgifields=1&.cgifields=2	[MsgId: MMSG-17999]
Action.c(103): CancelFlightsBodyParam =1=on&flightID=411567084-7990-RS&flightID=2468974854-15466-RS&removeFlights.x=56&removeFlights.y=12&.cgifields=1&.cgifields=2	[MsgId: MMSG-17999]
Action.c(103): CancelFlightsBodyParam =1=on&2=on&flightID=411648556-7772-HC&flightID=205757474-15569-HC&flightID=823130038-23156-HC&flightID=2057574482-30849-HC&removeFlights.x=56&removeFlights.y=12&.cgifields=1&.cgifields=2&.cgifields=3&.cgifields=4	[MsgId: MMSG-17999]
Action.c(103): CancelFlightsBodyParam =1=on&2=on&3=on&flightID=82321190-781-FD&flightID=246913783-1550-FD&flightID=246913782-2316-FD&removeFlights.x=56&removeFlights.y=12&.cgifields=1&.cgifields=2&.cgifields=3	[MsgId: MMSG-17999]
Action.c(103): CancelFlightsBodyParam =1=on&flightID=2880700795-8031-MJ&flightID=2880700778-15462-MJ&flightID=823293387-23416-MJ&removeFlights.x=56&removeFlights.y=12&.cgifields=1&.cgifields=2&.cgifields=3	[MsgId: MMSG-17999]
Action.c(103): CancelFlightsBodyParam =1=on&2=on&3=on&flightID=288037468-7840-CS&flightID=41148568-15463-CS&flightID=246889286-2363-CS&flightID=82296680-30858-CS&flightID=205741131-38547-CS&flightID=41148651-46244-CS&removeFlights.x=56&removeFlights.y=12&.cgifields=1&.cgifields=2&.cgifields=3&.cgifields=4&.cgifields=5&.cgifields=6	[MsgId: MMSG-17999]
Action.c(103): CancelFlightsBodyParam =1=on&flightID=82304915-7861-CD&flightID=2468974854-15466-CD&flightID=2057493384-23393-CD&flightID=411567446-30932-CD&flightID=411567446-38543-CD&flightID=164601212-46266-CD&flightID=41156767-54014-CD&removeFlights.x=56&removeFlights.y=12&.cgifields=1&.cgifields=2&.cgifields=3&.cgifields=4&.cgifields=5&.cgifields=6&.cgifields=7	[MsgId: MMSG-17999]
Action.c(103): CancelFlightsBodyParam =1=on&2=on&flightID=41164961-7838-CC&flightID=205757553-1611-CC&flightID=205757553-23296-CC&flightID=164609389-3116-CC&removeFlights.x=56&removeFlights.y=12&.cgifields=1&.cgifields=2&.cgifields=3&.cgifields=4	[MsgId: MMSG-17999]
Action.c(103): CancelFlightsBodyParam =1=on&2=on&3=on&flightID=246913783-792-EC&flightID=8232121-1551-EC&flightID=41173041-2316-EC&flightID=28806195-314-EC&removeFlights.x=56&removeFlights.y=12&.cgifields=1&.cgifields=2&.cgifields=3&.cgifields=4	[MsgId: MMSG-17999]
Action.c(103): CancelFlightsBodyParam =1=on&2=on&flightID=2057737111-8002-JC&flightID=2880700057-15743-JC&flightID=1646255595-23324-JC&flightID=2469218593-31078-JC&flightID=2057738195-38755-JC&removeFlights.x=56&removeFlights.y=12&.cgifields=1&.cgifields=2&.cgifields=3&.cgifields=4&.cgifields=5	[MsgId: MMSG-17999]
Action.c(103): CancelFlightsBodyParam =1=on&2=on&3=on&flightID=82296727-818-RE&flightID=82296727-15483-RE&flightID=164593018-2384-RE&flightID=205741239-30874-RE&removeFlights.x=56&removeFlights.y=12&.cgifields=1&.cgifields=2&.cgifields=3&.cgifields=4	[MsgId: MMSG-17999]
Action.c(103): CancelFlightsBodyParam =1=on&flightID=2468974854-7773-RS&flightID=411567084-15583-RS&flightID=82304877-2360-RS&flightID=288045629-3153-RS&flightID=205749333-38691-RS&removeFlights.x=56&removeFlights.y=12&.cgifields=1&.cgifields=2&.cgifields=3&.cgifields=4&.cgifields=5	[MsgId: MMSG-17999]
Action.c(103): CancelFlightsBodyParam =1=on&2=on&3=on&flightID=823130038-7772-HC&flightID=2057574482-15464-HC&flightID=82313029-2369-HC&flightID=82313029-30954-HC&flightID=1646093001-38621-HC&flightID=246905622-4677-HC&removeFlights.x=56&removeFlights.y=12&.cgifields=1&.cgifields=2&.cgifields=3&.cgifields=4&.cgifields=5&.cgifields=6	[MsgId: MMSG-17999]
Action.c(103): CancelFlightsBodyParam =1=on&flightID=288061931-792-FD&flightID=20576566-1551-FD&flightID=246913782-2316-FD&flightID=82321153-3099-FD&removeFlights.x=56&removeFlights.y=12&.cgifields=1&.cgifields=2&.cgifields=3&.cgifields=4	[MsgId: MMSG-17999]
Action.c(103): CancelFlightsBodyParam =1=on&2=on&flightID=2880700778-7770-MJ&flightID=823293387-15724-MJ&flightID=2469218940-23290-MJ&flightID=205773776-30916-MJ&flightID=2880700421-38781-MJ&flightID=411811532-46260-MJ&removeFlights.x=56&removeFlights.y=12&.cgifields=1&.cgifields=2&.cgifields=3&.cgifields=4&.cgifields=5&.cgifields=6	[MsgId: MMSG-17999]
Action.c(103): CancelFlightsBodyParam =1=on&2=on&3=on&flightID=82296680-7781-CS&flightID=205741131-15470-CS&flightID=41148651-23168-CS&flightID=82296722-30884-CS&removeFlights.x=56&removeFlights.y=12&.cgifields=1&.cgifields=2&.cgifields=3&.cgifields=4	[MsgId: MMSG-17999]
Action.c(103): CancelFlightsBodyParam =1=on&2=on&flightID=2468974854-7773-CD&flightID=2057493384-15700-CD&flightID=411567446-23240-CD&flightID=411567446-30850-CD&flightID=164601212-38574-CD&flightID=41156767-46322-CD&flightID=82304915-54014-CD&removeFlights.x=56&removeFlights.y=12&.cgifields=1&.cgifields=2&.cgifields=3&.cgifields=4&.cgifields=5&.cgifields=6&.cgifields=7	[MsgId: MMSG-17999]
Action.c(103): CancelFlightsBodyParam =1=on&2=on&3=on&flightID=205757553-7912-CC&flightID=164609389-1577-CC&flightID=164609316-23204-CC&removeFlights.x=56&removeFlights.y=12&.cgifields=1&.cgifields=2&.cgifields=3	[MsgId: MMSG-17999]
Action.c(103): CancelFlightsBodyParam =1=on&2=on&flightID=28806195-83-EC&flightID=8232114-1558-EC&removeFlights.x=56&removeFlights.y=12&.cgifields=1&.cgifields=2	[MsgId: MMSG-17999]
Action.c(103): CancelFlightsBodyParam =1=on&2=on&3=on&flightID=1646255595-7939-JC&flightID=2469218593-15694-JC&flightID=2057738195-23370-JC&flightID=2469219296-30847-JC&removeFlights.x=56&removeFlights.y=12&.cgifields=1&.cgifields=2&.cgifields=3&.cgifields=4	[MsgId: MMSG-17999]
Action.c(103): CancelFlightsBodyParam =1=on&flightID=205741239-7798-RE&flightID=205741198-15468-RE&removeFlights.x=56&removeFlights.y=12&.cgifields=1&.cgifields=2	[MsgId: MMSG-17999]
Action.c(103): CancelFlightsBodyParam =1=on&2=on&flightID=411567084-7890-RS&flightID=82304877-1591-RS&flightID=288045629-2384-RS&flightID=205749333-30999-RS&flightID=823048939-38777-RS&removeFlights.x=56&removeFlights.y=12&.cgifields=1&.cgifields=2&.cgifields=3&.cgifields=4&.cgifields=5	[MsgId: MMSG-17999]
