Action.c(103): CancelFlightsBodyParam =1=on&2=on&3=on&flightID=41148574-845-CS&flightID=205741166-1615-CS&flightID=82296760-23199-CS&flightID=246889309-30848-CS&flightID=41148568-3872-CS&flightID=164593018-4653-CS&removeFlights.x=56&removeFlights.y=12&.cgifields=1&.cgifields=2&.cgifields=3&.cgifields=4&.cgifields=5&.cgifields=6	[MsgId: MMSG-17999]
Action.c(103): CancelFlightsBodyParam =1=on&flightID=2468974115-7951-CD&removeFlights.x=56&removeFlights.y=12&.cgifields=1	[MsgId: MMSG-17999]
Action.c(103): CancelFlightsBodyParam =1=on&flightID=246913746-780-EC&removeFlights.x=56&removeFlights.y=12&.cgifields=1	[MsgId: MMSG-17999]
Action.c(103): CancelFlightsBodyParam =1=on&flightID=164625699-7894-JC&removeFlights.x=56&removeFlights.y=12&.cgifields=1	[MsgId: MMSG-17999]
Action.c(103): CancelFlightsBodyParam =1=on&flightID=82296716-795-RE&removeFlights.x=56&removeFlights.y=12&.cgifields=1	[MsgId: MMSG-17999]
Action.c(103): CancelFlightsBodyParam =1=on&flightID=41156767-7804-RS&removeFlights.x=56&removeFlights.y=12&.cgifields=1	[MsgId: MMSG-17999]
Action.c(103): CancelFlightsBodyParam =1=on&flightID=41164944-7809-HC&removeFlights.x=56&removeFlights.y=12&.cgifields=1	[MsgId: MMSG-17999]
Action.c(103): CancelFlightsBodyParam =1=on&flightID=4117306-788-FD&removeFlights.x=56&removeFlights.y=12&.cgifields=1	[MsgId: MMSG-17999]
Action.c(103): CancelFlightsBodyParam =1=on&flightID=2057737458-7905-MJ&removeFlights.x=56&removeFlights.y=12&.cgifields=1	[MsgId: MMSG-17999]
Action.c(103): CancelFlightsBodyParam =1=on&flightID=205741233-841-HC&removeFlights.x=56&removeFlights.y=12&.cgifields=1	[MsgId: MMSG-17999]
Action.c(103): CancelFlightsBodyParam =1=on&flightID=82304915-825-BA&removeFlights.x=56&removeFlights.y=12&.cgifields=1	[MsgId: MMSG-17999]
Action.c(103): CancelFlightsBodyParam =1=on&flightID=205757553-842-JC&removeFlights.x=56&removeFlights.y=12&.cgifields=1	[MsgId: MMSG-17999]
Action.c(103): CancelFlightsBodyParam =1=on&flightID=28806198-785-HJ&removeFlights.x=56&removeFlights.y=12&.cgifields=1	[MsgId: MMSG-17999]
Action.c(103): CancelFlightsBodyParam =1=on&flightID=1646255630-7847-FD&removeFlights.x=56&removeFlights.y=12&.cgifields=1	[MsgId: MMSG-17999]
Action.c(103): CancelFlightsBodyParam =1=on&flightID=288037535-804-HA&removeFlights.x=56&removeFlights.y=12&.cgifields=1	[MsgId: MMSG-17999]
Action.c(103): CancelFlightsBodyParam =1=on&flightID=205749393-817-SA&removeFlights.x=56&removeFlights.y=12&.cgifields=1	[MsgId: MMSG-17999]
Action.c(103): CancelFlightsBodyParam =1=on&flightID=164609326-830-EA&removeFlights.x=56&removeFlights.y=12&.cgifields=1	[MsgId: MMSG-17999]
Action.c(103): CancelFlightsBodyParam =1=on&flightID=4117302-787-AR&removeFlights.x=56&removeFlights.y=12&.cgifields=1	[MsgId: MMSG-17999]
Action.c(103): CancelFlightsBodyParam =1=on&flightID=1646256727-8072-SJ&removeFlights.x=56&removeFlights.y=12&.cgifields=1	[MsgId: MMSG-17999]
Action.c(103): CancelFlightsBodyParam =1=on&flightID=288037535-839-RC&removeFlights.x=56&removeFlights.y=12&.cgifields=1	[MsgId: MMSG-17999]
Action.c(103): CancelFlightsBodyParam =1=on&flightID=205749333-846-TR&removeFlights.x=56&removeFlights.y=12&.cgifields=1	[MsgId: MMSG-17999]
Action.c(103): CancelFlightsBodyParam =1=on&flightID=82313020-7819-BJ&removeFlights.x=56&removeFlights.y=12&.cgifields=1	[MsgId: MMSG-17999]
Action.c(103): CancelFlightsBodyParam =1=on&flightID=28806188-789-MC&removeFlights.x=56&removeFlights.y=12&.cgifields=1	[MsgId: MMSG-17999]
Action.c(103): CancelFlightsBodyParam =1=on&flightID=411811906-8031-LD&removeFlights.x=56&removeFlights.y=12&.cgifields=1	[MsgId: MMSG-17999]
Action.c(103): CancelFlightsBodyParam =1=on&flightID=246889273-7781-LJ&removeFlights.x=56&removeFlights.y=12&.cgifields=1	[MsgId: MMSG-17999]
Action.c(103): CancelFlightsBodyParam =1=on&flightID=41156695-7811-GR&removeFlights.x=56&removeFlights.y=12&.cgifields=1	[MsgId: MMSG-17999]
