Action.c(103): CancelFlightsBodyParam =1=on&2=on&flightID=246889309-795-CS&flightID=82296722-1615-CS&flightID=164593023-2357-CS&removeFlights.x=56&removeFlights.y=12&.cgifields=1&.cgifields=2&.cgifields=3	[MsgId: MMSG-17999]
Action.c(103): CancelFlightsBodyParam =1=on&2=on&3=on&flightID=205749393-817-CD&flightID=164601245-1587-CD&flightID=2468975229-23168-CD&removeFlights.x=56&removeFlights.y=12&.cgifields=1&.cgifields=2&.cgifields=3	[MsgId: MMSG-17999]
Action.c(103): CancelFlightsBodyParam =1=on&flightID=246913708-798-EC&removeFlights.x=56&removeFlights.y=12&.cgifields=1	[MsgId: MMSG-17999]
Action.c(103): CancelFlightsBodyParam =1=on&flightID=205757464-7819-HC&removeFlights.x=56&removeFlights.y=12&.cgifields=1	[MsgId: MMSG-17999]
Action.c(103): CancelFlightsBodyParam =1=on&flightID=41173004-795-FD&removeFlights.x=56&removeFlights.y=12&.cgifields=1	[MsgId: MMSG-17999]
Action.c(103): CancelFlightsBodyParam =1=on&2=on&flightID=2880700039-7857-MJ&flightID=1646255630-15539-MJ&removeFlights.x=56&removeFlights.y=12&.cgifields=1&.cgifields=2	[MsgId: MMSG-17999]
Action.c(103): CancelFlightsBodyParam =1=on&2=on&flightID=164593023-818-CS&flightID=82296716-15463-CS&flightID=164593018-23191-CS&flightID=205741166-3153-CS&flightID=205741166-3884-CS&removeFlights.x=56&removeFlights.y=12&.cgifields=1&.cgifields=2&.cgifields=3&.cgifields=4&.cgifields=5	[MsgId: MMSG-17999]
Action.c(103): CancelFlightsBodyParam =1=on&flightID=246897481-846-CD&flightID=1646011529-15483-CD&flightID=288045629-23307-CD&flightID=205749321-30875-CD&removeFlights.x=56&removeFlights.y=12&.cgifields=1&.cgifields=2&.cgifields=3&.cgifields=4	[MsgId: MMSG-17999]
Action.c(103): CancelFlightsBodyParam =1=on&2=on&flightID=41164944-7809-CC&flightID=246905578-15480-CC&flightID=2880537080-23166-CC&flightID=411648191-30858-CC&removeFlights.x=56&removeFlights.y=12&.cgifields=1&.cgifields=2&.cgifields=3&.cgifields=4	[MsgId: MMSG-17999]
Action.c(103): CancelFlightsBodyParam =1=on&2=on&3=on&flightID=246913744-777-EC&flightID=246913709-1563-EC&flightID=246913708-2336-EC&flightID=24691373-314-EC&removeFlights.x=56&removeFlights.y=12&.cgifields=1&.cgifields=2&.cgifields=3&.cgifields=4	[MsgId: MMSG-17999]
Action.c(103): CancelFlightsBodyParam =1=on&flightID=2880700074-7847-JC&flightID=2469219329-15531-JC&flightID=2880700811-23223-JC&flightID=823293403-30915-JC&removeFlights.x=56&removeFlights.y=12&.cgifields=1&.cgifields=2&.cgifields=3&.cgifields=4	[MsgId: MMSG-17999]
Action.c(103): CancelFlightsBodyParam =1=on&2=on&3=on&flightID=205741166-845-RE&flightID=82296687-15513-RE&flightID=205741137-2363-RE&flightID=164592983-30898-RE&removeFlights.x=56&removeFlights.y=12&.cgifields=1&.cgifields=2&.cgifields=3&.cgifields=4	[MsgId: MMSG-17999]
Action.c(103): CancelFlightsBodyParam =1=on&flightID=823048566-7990-RS&flightID=1646011529-15682-RS&flightID=205749333-23230-RS&flightID=411567084-31067-RS&removeFlights.x=56&removeFlights.y=12&.cgifields=1&.cgifields=2&.cgifields=3&.cgifields=4	[MsgId: MMSG-17999]
Action.c(103): CancelFlightsBodyParam =1=on&flightID=411648556-7772-HC&removeFlights.x=56&removeFlights.y=12&.cgifields=1	[MsgId: MMSG-17999]
Action.c(103): CancelFlightsBodyParam =1=on&flightID=8232124-780-FD&removeFlights.x=56&removeFlights.y=12&.cgifields=1	[MsgId: MMSG-17999]
Action.c(103): CancelFlightsBodyParam =1=on&flightID=411811906-8031-MJ&removeFlights.x=56&removeFlights.y=12&.cgifields=1	[MsgId: MMSG-17999]
Action.c(103): CancelFlightsBodyParam =1=on&2=on&3=on&flightID=164593018-7807-CS&flightID=205741166-1615-CS&flightID=205741166-2346-CS&flightID=288037457-3103-CS&removeFlights.x=56&removeFlights.y=12&.cgifields=1&.cgifields=2&.cgifields=3&.cgifields=4	[MsgId: MMSG-17999]
Action.c(103): CancelFlightsBodyParam =1=on&flightID=1646011529-7791-CD&flightID=288045629-15614-CD&flightID=205749321-23182-CD&flightID=1646011902-30874-CD&removeFlights.x=56&removeFlights.y=12&.cgifields=1&.cgifields=2&.cgifields=3&.cgifields=4	[MsgId: MMSG-17999]
Action.c(103): CancelFlightsBodyParam =1=on&2=on&3=on&flightID=2880537080-7781-CC&flightID=411648191-15474-CC&flightID=2469055964-23236-CC&removeFlights.x=56&removeFlights.y=12&.cgifields=1&.cgifields=2&.cgifields=3	[MsgId: MMSG-17999]
Action.c(103): CancelFlightsBodyParam =1=on&2=on&flightID=24691373-83-EC&flightID=41172968-1575-EC&removeFlights.x=56&removeFlights.y=12&.cgifields=1&.cgifields=2	[MsgId: MMSG-17999]
Action.c(103): CancelFlightsBodyParam =1=on&2=on&flightID=2469219329-7838-JC&flightID=2880700811-15531-JC&flightID=823293403-23223-JC&flightID=2057737111-31078-JC&removeFlights.x=56&removeFlights.y=12&.cgifields=1&.cgifields=2&.cgifields=3&.cgifields=4	[MsgId: MMSG-17999]
Action.c(103): CancelFlightsBodyParam =1=on&2=on&flightID=164592983-7821-RE&flightID=205741166-15499-RE&removeFlights.x=56&removeFlights.y=12&.cgifields=1&.cgifields=2	[MsgId: MMSG-17999]
Action.c(103): CancelFlightsBodyParam =1=on&2=on&flightID=1646011529-7990-RS&flightID=205749333-15538-RS&flightID=411567084-23374-RS&flightID=2468974854-30850-RS&removeFlights.x=56&removeFlights.y=12&.cgifields=1&.cgifields=2&.cgifields=3&.cgifields=4	[MsgId: MMSG-17999]
