Action.c(103): CancelFlightsBodyParam =1=on&2=on&3=on&flightID=82296722-7807-CS&flightID=205741172-1588-CS&flightID=82296722-23191-CS&flightID=205741166-3115-CS&removeFlights.x=56&removeFlights.y=12&.cgifields=1&.cgifields=2&.cgifields=3&.cgifields=4	[MsgId: MMSG-17999]
Action.c(103): CancelFlightsBodyParam =1=on&flightID=411567446-7855-CD&flightID=411567446-15466-CD&flightID=164601212-23189-CD&flightID=41156767-30937-CD&flightID=82304915-38630-CD&flightID=2880456335-46398-CD&flightID=823048928-54090-CD&flightID=41156767-61650-CD&removeFlights.x=56&removeFlights.y=12&.cgifields=1&.cgifields=2&.cgifields=3&.cgifields=4&.cgifields=5&.cgifields=6&.cgifields=7&.cgifields=8	[MsgId: MMSG-17999]
Action.c(103): CancelFlightsBodyParam =1=on&2=on&flightID=246905622-830-CC&flightID=246905622-15508-CC&flightID=246905701-23296-CC&removeFlights.x=56&removeFlights.y=12&.cgifields=1&.cgifields=2&.cgifields=3	[MsgId: MMSG-17999]
Action.c(103): CancelFlightsBodyParam =1=on&flightID=82321115-778-EC&flightID=41172968-1575-EC&flightID=205765635-2319-EC&removeFlights.x=56&removeFlights.y=12&.cgifields=1&.cgifields=2&.cgifields=3	[MsgId: MMSG-17999]
Action.c(103): CancelFlightsBodyParam =1=on&flightID=2469219296-7770-JC&removeFlights.x=56&removeFlights.y=12&.cgifields=1	[MsgId: MMSG-17999]
Action.c(103): CancelFlightsBodyParam =1=on&flightID=205741198-7776-RE&removeFlights.x=56&removeFlights.y=12&.cgifields=1	[MsgId: MMSG-17999]
Action.c(103): CancelFlightsBodyParam =1=on&2=on&flightID=288045629-846-RS&flightID=205749333-15614-RS&flightID=823048939-23393-RS&removeFlights.x=56&removeFlights.y=12&.cgifields=1&.cgifields=2&.cgifields=3	[MsgId: MMSG-17999]
Action.c(103): CancelFlightsBodyParam =1=on&2=on&3=on&flightID=82313029-7877-HC&flightID=1646093001-15544-HC&flightID=246905622-2369-HC&flightID=41164944-3116-HC&removeFlights.x=56&removeFlights.y=12&.cgifields=1&.cgifields=2&.cgifields=3&.cgifields=4	[MsgId: MMSG-17999]
Action.c(103): CancelFlightsBodyParam =1=on&flightID=20576566-781-FD&flightID=246913782-1547-FD&flightID=82321153-2330-FD&removeFlights.x=56&removeFlights.y=12&.cgifields=1&.cgifields=2&.cgifields=3	[MsgId: MMSG-17999]
Action.c(103): CancelFlightsBodyParam =1=on&2=on&flightID=2469218940-7905-MJ&flightID=205773776-15531-MJ&flightID=2880700421-23396-MJ&flightID=411811532-30875-MJ&removeFlights.x=56&removeFlights.y=12&.cgifields=1&.cgifields=2&.cgifields=3&.cgifields=4	[MsgId: MMSG-17999]
Action.c(103): CancelFlightsBodyParam =1=on&flightID=205741166-807-CS&flightID=288037421-15473-CS&flightID=205741233-2380-CS&flightID=41148646-30874-CS&flightID=246889387-3881-CS&removeFlights.x=56&removeFlights.y=12&.cgifields=1&.cgifields=2&.cgifields=3&.cgifields=4&.cgifields=5	[MsgId: MMSG-17999]
Action.c(103): CancelFlightsBodyParam =1=on&2=on&flightID=411567446-7773-CD&flightID=164601212-15497-CD&flightID=41156767-23245-CD&flightID=82304915-30937-CD&flightID=2880456335-38706-CD&flightID=823048928-46398-CD&flightID=41156767-53958-CD&flightID=1646011891-61620-CD&flightID=2880456347-69546-CD&flightID=411567458-77028-CD&flightID=411567458-84826-CD&removeFlights.x=56&removeFlights.y=12&.cgifields=1&.cgifields=2&.cgifields=3&.cgifields=4&.cgifields=5&.cgifields=6&.cgifields=7&.cgifields=8&.cgifields=9&.cgifields=10&.cgifields=11	[MsgId: MMSG-17999]
Action.c(103): CancelFlightsBodyParam =1=on&2=on&3=on&flightID=246905701-7912-CC&flightID=41164953-1595-CC&flightID=1646092635-23166-CC&flightID=823129672-30858-CC&flightID=205757430-3893-CC&removeFlights.x=56&removeFlights.y=12&.cgifields=1&.cgifields=2&.cgifields=3&.cgifields=4&.cgifields=5	[MsgId: MMSG-17999]
Action.c(103): CancelFlightsBodyParam =1=on&2=on&flightID=41172968-806-EC&flightID=205765635-1550-EC&flightID=8232121-237-EC&flightID=16461751-3089-EC&flightID=82321189-3873-EC&flightID=24691380-467-EC&removeFlights.x=56&removeFlights.y=12&.cgifields=1&.cgifields=2&.cgifields=3&.cgifields=4&.cgifields=5&.cgifields=6	[MsgId: MMSG-17999]
Action.c(103): CancelFlightsBodyParam =1=on&2=on&3=on&flightID=2469219676-7790-JC&flightID=823293029-15660-JC&flightID=41181183-2381-JC&flightID=2469218940-31089-JC&removeFlights.x=56&removeFlights.y=12&.cgifields=1&.cgifields=2&.cgifields=3&.cgifields=4	[MsgId: MMSG-17999]
Action.c(103): CancelFlightsBodyParam =1=on&flightID=41148612-809-RE&flightID=82296722-15499-RE&flightID=205741172-23176-RE&flightID=246889320-30868-RE&removeFlights.x=56&removeFlights.y=12&.cgifields=1&.cgifields=2&.cgifields=3&.cgifields=4	[MsgId: MMSG-17999]
Action.c(103): CancelFlightsBodyParam =1=on&2=on&flightID=823048939-8008-RS&flightID=2057492646-15719-RS&flightID=205749321-23235-RS&flightID=82304877-3129-RS&flightID=82304877-38620-RS&removeFlights.x=56&removeFlights.y=12&.cgifields=1&.cgifields=2&.cgifields=3&.cgifields=4&.cgifields=5	[MsgId: MMSG-17999]
Action.c(103): CancelFlightsBodyParam =1=on&flightID=41164944-808-HC&flightID=411648191-15563-HC&flightID=2469055598-23166-HC&flightID=41164848-30977-HC&flightID=288053726-38604-HC&removeFlights.x=56&removeFlights.y=12&.cgifields=1&.cgifields=2&.cgifields=3&.cgifields=4&.cgifields=5	[MsgId: MMSG-17999]
Action.c(103): CancelFlightsBodyParam =1=on&2=on&3=on&flightID=246913782-778-FD&flightID=82321153-1560-FD&flightID=82321189-2326-FD&flightID=82321190-3100-FD&flightID=82321189-3864-FD&flightID=16461751-467-FD&removeFlights.x=56&removeFlights.y=12&.cgifields=1&.cgifields=2&.cgifields=3&.cgifields=4&.cgifields=5&.cgifields=6	[MsgId: MMSG-17999]
Action.c(103): CancelFlightsBodyParam =1=on&flightID=2880700421-8012-MJ&flightID=411811532-15491-MJ&flightID=411812283-23330-MJ&flightID=246921995-30904-MJ&flightID=1646256727-38588-MJ&flightID=288070143-46288-MJ&removeFlights.x=56&removeFlights.y=12&.cgifields=1&.cgifields=2&.cgifields=3&.cgifields=4&.cgifields=5&.cgifields=6	[MsgId: MMSG-17999]
Action.c(103): CancelFlightsBodyParam =1=on&2=on&flightID=288037421-7781-CS&flightID=205741233-1611-CS&flightID=41148646-23182-CS&flightID=246889387-3112-CS&flightID=246889314-38576-CS&removeFlights.x=56&removeFlights.y=12&.cgifields=1&.cgifields=2&.cgifields=3&.cgifields=4&.cgifields=5	[MsgId: MMSG-17999]
Action.c(103): CancelFlightsBodyParam =1=on&flightID=41156767-7861-CD&flightID=82304915-15553-CD&flightID=2880456335-23321-CD&flightID=823048928-31013-CD&flightID=41156767-38574-CD&flightID=1646011891-46235-CD&flightID=2880456347-54162-CD&flightID=411567458-61643-CD&flightID=411567458-69441-CD&flightID=411566708-77009-CD&removeFlights.x=56&removeFlights.y=12&.cgifields=1&.cgifields=2&.cgifields=3&.cgifields=4&.cgifields=5&.cgifields=6&.cgifields=7&.cgifields=8&.cgifields=9&.cgifields=10	[MsgId: MMSG-17999]
Action.c(103): CancelFlightsBodyParam =1=on&2=on&flightID=823129672-7781-CC&flightID=205757430-1586-CC&flightID=41164961-23296-CC&removeFlights.x=56&removeFlights.y=12&.cgifields=1&.cgifields=2&.cgifields=3	[MsgId: MMSG-17999]
Action.c(103): CancelFlightsBodyParam =1=on&2=on&3=on&flightID=8232121-83-EC&flightID=16461751-1551-EC&flightID=82321189-2335-EC&flightID=24691380-314-EC&flightID=246913819-3876-EC&removeFlights.x=56&removeFlights.y=12&.cgifields=1&.cgifields=2&.cgifields=3&.cgifields=4&.cgifields=5	[MsgId: MMSG-17999]
Action.c(103): CancelFlightsBodyParam =1=on&2=on&flightID=2469218940-8012-JC&flightID=164625699-15587-JC&removeFlights.x=56&removeFlights.y=12&.cgifields=1&.cgifields=2	[MsgId: MMSG-17999]
Action.c(103): CancelFlightsBodyParam =1=on&2=on&3=on&flightID=82296722-7807-RE&flightID=205741172-15483-RE&flightID=246889320-23176-RE&flightID=41148574-3115-RE&removeFlights.x=56&removeFlights.y=12&.cgifields=1&.cgifields=2&.cgifields=3&.cgifields=4	[MsgId: MMSG-17999]
Action.c(103): CancelFlightsBodyParam =1=on&flightID=205749321-7851-RS&flightID=82304877-1591-RS&flightID=82304877-23235-RS&flightID=82304949-30866-RS&removeFlights.x=56&removeFlights.y=12&.cgifields=1&.cgifields=2&.cgifields=3&.cgifields=4	[MsgId: MMSG-17999]
