Action.c(74): Error -26366: "Text=lastName&Rodeño" not found for web_reg_find  	[MsgId: MERR-26366]
Action.c(74): Error -26366: "Text=lastName&Rodiño" not found for web_reg_find  	[MsgId: MERR-26366]
Action.c(74): Error -26366: "Text=lastName&Rodiño" not found for web_reg_find  	[MsgId: MERR-26366]
Action.c(74): Error -26366: "Text=lastName&Ribič" not found for web_reg_find  	[MsgId: MERR-26366]
Warning: Iteration pacing cannot be reached (pace time = 80,00, actual time = 83,15).	[MsgId: MWAR-15995]
Warning: Iteration pacing cannot be reached (pace time = 80,00, actual time = 82,70).	[MsgId: MWAR-15995]
Warning: Iteration pacing cannot be reached (pace time = 80,00, actual time = 82,78).	[MsgId: MWAR-15995]
Warning: Iteration pacing cannot be reached (pace time = 80,00, actual time = 85,27).	[MsgId: MWAR-15995]
Action.c(74): Error -26366: "Text=<title>Welcome to Web Tours</title>" not found for web_reg_find  	[MsgId: MERR-26366]
Action.c(74): Error -26366: "Text=firstName&Earl" not found for web_reg_find  	[MsgId: MERR-26366]
Action.c(74): Error -26366: "Text=lastName&Ricard" not found for web_reg_find  	[MsgId: MERR-26366]
Warning: Iteration pacing cannot be reached (pace time = 80,00, actual time = 83,17).	[MsgId: MWAR-15995]
Warning: Iteration pacing cannot be reached (pace time = 80,00, actual time = 80,17).	[MsgId: MWAR-15995]
Warning: Iteration pacing cannot be reached (pace time = 80,00, actual time = 84,32).	[MsgId: MWAR-15995]
Warning: Iteration pacing cannot be reached (pace time = 80,00, actual time = 82,37).	[MsgId: MWAR-15995]
Warning: Iteration pacing cannot be reached (pace time = 80,00, actual time = 84,30).	[MsgId: MWAR-15995]
Warning: Iteration pacing cannot be reached (pace time = 80,00, actual time = 83,29).	[MsgId: MWAR-15995]
Warning: Iteration pacing cannot be reached (pace time = 80,00, actual time = 83,26).	[MsgId: MWAR-15995]
Warning: Iteration pacing cannot be reached (pace time = 80,00, actual time = 81,10).	[MsgId: MWAR-15995]
Warning: Iteration pacing cannot be reached (pace time = 80,00, actual time = 84,54).	[MsgId: MWAR-15995]
Warning: Iteration pacing cannot be reached (pace time = 80,00, actual time = 82,55).	[MsgId: MWAR-15995]
Warning: Iteration pacing cannot be reached (pace time = 80,00, actual time = 85,71).	[MsgId: MWAR-15995]
Warning: Iteration pacing cannot be reached (pace time = 80,00, actual time = 82,90).	[MsgId: MWAR-15995]
Warning: Iteration pacing cannot be reached (pace time = 80,00, actual time = 81,73).	[MsgId: MWAR-15995]
Warning: Iteration pacing cannot be reached (pace time = 80,00, actual time = 81,38).	[MsgId: MWAR-15995]
Warning: Iteration pacing cannot be reached (pace time = 80,00, actual time = 83,40).	[MsgId: MWAR-15995]
Warning: Iteration pacing cannot be reached (pace time = 80,00, actual time = 80,84).	[MsgId: MWAR-15995]
Warning: Iteration pacing cannot be reached (pace time = 80,00, actual time = 84,37).	[MsgId: MWAR-15995]
Warning: Iteration pacing cannot be reached (pace time = 80,00, actual time = 80,73).	[MsgId: MWAR-15995]
Warning: Iteration pacing cannot be reached (pace time = 80,00, actual time = 80,37).	[MsgId: MWAR-15995]
Warning: Iteration pacing cannot be reached (pace time = 80,00, actual time = 80,46).	[MsgId: MWAR-15995]
Warning: Iteration pacing cannot be reached (pace time = 80,00, actual time = 84,00).	[MsgId: MWAR-15995]
Warning: Iteration pacing cannot be reached (pace time = 80,00, actual time = 83,85).	[MsgId: MWAR-15995]
Action.c(74): Error -26366: "Text=lastName&Es'Kov" not found for web_reg_find  	[MsgId: MERR-26366]
Warning: Iteration pacing cannot be reached (pace time = 80,00, actual time = 81,71).	[MsgId: MWAR-15995]
Warning: Iteration pacing cannot be reached (pace time = 80,00, actual time = 80,07).	[MsgId: MWAR-15995]
Warning: Iteration pacing cannot be reached (pace time = 80,00, actual time = 80,54).	[MsgId: MWAR-15995]
Warning: Iteration pacing cannot be reached (pace time = 80,00, actual time = 80,67).	[MsgId: MWAR-15995]
Warning: Iteration pacing cannot be reached (pace time = 80,00, actual time = 83,63).	[MsgId: MWAR-15995]
Warning: Iteration pacing cannot be reached (pace time = 80,00, actual time = 84,80).	[MsgId: MWAR-15995]
Warning: Iteration pacing cannot be reached (pace time = 80,00, actual time = 83,21).	[MsgId: MWAR-15995]
Warning: Iteration pacing cannot be reached (pace time = 80,00, actual time = 81,40).	[MsgId: MWAR-15995]
Warning: Iteration pacing cannot be reached (pace time = 80,00, actual time = 85,10).	[MsgId: MWAR-15995]
Warning: Iteration pacing cannot be reached (pace time = 80,00, actual time = 84,21).	[MsgId: MWAR-15995]
Warning: Iteration pacing cannot be reached (pace time = 80,00, actual time = 84,61).	[MsgId: MWAR-15995]
Warning: Iteration pacing cannot be reached (pace time = 80,00, actual time = 81,28).	[MsgId: MWAR-15995]
Warning: Iteration pacing cannot be reached (pace time = 80,00, actual time = 83,47).	[MsgId: MWAR-15995]
Warning: Iteration pacing cannot be reached (pace time = 80,00, actual time = 81,13).	[MsgId: MWAR-15995]
Warning: Iteration pacing cannot be reached (pace time = 80,00, actual time = 94,33).	[MsgId: MWAR-15995]
Warning: Iteration pacing cannot be reached (pace time = 80,00, actual time = 85,38).	[MsgId: MWAR-15995]
Warning: Iteration pacing cannot be reached (pace time = 80,00, actual time = 87,20).	[MsgId: MWAR-15995]
Warning: Iteration pacing cannot be reached (pace time = 80,00, actual time = 87,43).	[MsgId: MWAR-15995]
Warning: Iteration pacing cannot be reached (pace time = 80,00, actual time = 90,79).	[MsgId: MWAR-15995]
Warning: Iteration pacing cannot be reached (pace time = 80,00, actual time = 94,13).	[MsgId: MWAR-15995]
Warning: Iteration pacing cannot be reached (pace time = 80,00, actual time = 96,14).	[MsgId: MWAR-15995]
Warning: Iteration pacing cannot be reached (pace time = 80,00, actual time = 90,82).	[MsgId: MWAR-15995]
Warning: Iteration pacing cannot be reached (pace time = 80,00, actual time = 95,50).	[MsgId: MWAR-15995]
Warning: Iteration pacing cannot be reached (pace time = 80,00, actual time = 90,54).	[MsgId: MWAR-15995]
Warning: Iteration pacing cannot be reached (pace time = 80,00, actual time = 99,80).	[MsgId: MWAR-15995]
Warning: Iteration pacing cannot be reached (pace time = 80,00, actual time = 95,23).	[MsgId: MWAR-15995]
Warning: Iteration pacing cannot be reached (pace time = 80,00, actual time = 84,92).	[MsgId: MWAR-15995]
Warning: Iteration pacing cannot be reached (pace time = 80,00, actual time = 94,67).	[MsgId: MWAR-15995]
Warning: Iteration pacing cannot be reached (pace time = 80,00, actual time = 91,58).	[MsgId: MWAR-15995]
Warning: Iteration pacing cannot be reached (pace time = 80,00, actual time = 91,56).	[MsgId: MWAR-15995]
Warning: Iteration pacing cannot be reached (pace time = 80,00, actual time = 90,64).	[MsgId: MWAR-15995]
Warning: Iteration pacing cannot be reached (pace time = 80,00, actual time = 89,74).	[MsgId: MWAR-15995]
Warning: Iteration pacing cannot be reached (pace time = 80,00, actual time = 95,85).	[MsgId: MWAR-15995]
Warning: Iteration pacing cannot be reached (pace time = 80,00, actual time = 87,23).	[MsgId: MWAR-15995]
Action.c(74): Error -26366: "Text=lastName&Rodrigañez" not found for web_reg_find  	[MsgId: MERR-26366]
Warning: Iteration pacing cannot be reached (pace time = 80,00, actual time = 94,76).	[MsgId: MWAR-15995]
Warning: Iteration pacing cannot be reached (pace time = 80,00, actual time = 98,94).	[MsgId: MWAR-15995]
Warning: Iteration pacing cannot be reached (pace time = 80,00, actual time = 93,15).	[MsgId: MWAR-15995]
Warning: Iteration pacing cannot be reached (pace time = 80,00, actual time = 88,40).	[MsgId: MWAR-15995]
Warning: Iteration pacing cannot be reached (pace time = 80,00, actual time = 87,88).	[MsgId: MWAR-15995]
Warning: Iteration pacing cannot be reached (pace time = 80,00, actual time = 89,41).	[MsgId: MWAR-15995]
Warning: Iteration pacing cannot be reached (pace time = 80,00, actual time = 86,67).	[MsgId: MWAR-15995]
Warning: Iteration pacing cannot be reached (pace time = 80,00, actual time = 88,07).	[MsgId: MWAR-15995]
Warning: Iteration pacing cannot be reached (pace time = 80,00, actual time = 88,69).	[MsgId: MWAR-15995]
Warning: Iteration pacing cannot be reached (pace time = 80,00, actual time = 90,21).	[MsgId: MWAR-15995]
Warning: Iteration pacing cannot be reached (pace time = 80,00, actual time = 89,30).	[MsgId: MWAR-15995]
Warning: Iteration pacing cannot be reached (pace time = 80,00, actual time = 89,30).	[MsgId: MWAR-15995]
Warning: Iteration pacing cannot be reached (pace time = 80,00, actual time = 88,96).	[MsgId: MWAR-15995]
Warning: Iteration pacing cannot be reached (pace time = 80,00, actual time = 89,71).	[MsgId: MWAR-15995]
Warning: Iteration pacing cannot be reached (pace time = 80,00, actual time = 88,34).	[MsgId: MWAR-15995]
Warning: Iteration pacing cannot be reached (pace time = 80,00, actual time = 94,85).	[MsgId: MWAR-15995]
Warning: Iteration pacing cannot be reached (pace time = 80,00, actual time = 90,04).	[MsgId: MWAR-15995]
Warning: Iteration pacing cannot be reached (pace time = 80,00, actual time = 93,52).	[MsgId: MWAR-15995]
Warning: Iteration pacing cannot be reached (pace time = 80,00, actual time = 93,59).	[MsgId: MWAR-15995]
Warning: Iteration pacing cannot be reached (pace time = 80,00, actual time = 93,11).	[MsgId: MWAR-15995]
Warning: Iteration pacing cannot be reached (pace time = 80,00, actual time = 88,24).	[MsgId: MWAR-15995]
Warning: Iteration pacing cannot be reached (pace time = 80,00, actual time = 93,44).	[MsgId: MWAR-15995]
Warning: Iteration pacing cannot be reached (pace time = 80,00, actual time = 85,55).	[MsgId: MWAR-15995]
Warning: Iteration pacing cannot be reached (pace time = 80,00, actual time = 88,08).	[MsgId: MWAR-15995]
Warning: Iteration pacing cannot be reached (pace time = 80,00, actual time = 90,09).	[MsgId: MWAR-15995]
Warning: Iteration pacing cannot be reached (pace time = 80,00, actual time = 90,03).	[MsgId: MWAR-15995]
Warning: Iteration pacing cannot be reached (pace time = 80,00, actual time = 88,47).	[MsgId: MWAR-15995]
Warning: Iteration pacing cannot be reached (pace time = 80,00, actual time = 87,67).	[MsgId: MWAR-15995]
Warning: Iteration pacing cannot be reached (pace time = 80,00, actual time = 93,72).	[MsgId: MWAR-15995]
Warning: Iteration pacing cannot be reached (pace time = 80,00, actual time = 98,04).	[MsgId: MWAR-15995]
Warning: Iteration pacing cannot be reached (pace time = 80,00, actual time = 88,33).	[MsgId: MWAR-15995]
Warning: Iteration pacing cannot be reached (pace time = 80,00, actual time = 86,22).	[MsgId: MWAR-15995]
Warning: Iteration pacing cannot be reached (pace time = 80,00, actual time = 90,09).	[MsgId: MWAR-15995]
Warning: Iteration pacing cannot be reached (pace time = 80,00, actual time = 84,50).	[MsgId: MWAR-15995]
Warning: Iteration pacing cannot be reached (pace time = 80,00, actual time = 89,22).	[MsgId: MWAR-15995]
Warning: Iteration pacing cannot be reached (pace time = 80,00, actual time = 95,26).	[MsgId: MWAR-15995]
Warning: Iteration pacing cannot be reached (pace time = 80,00, actual time = 90,72).	[MsgId: MWAR-15995]
Warning: Iteration pacing cannot be reached (pace time = 80,00, actual time = 88,86).	[MsgId: MWAR-15995]
Warning: Iteration pacing cannot be reached (pace time = 80,00, actual time = 95,70).	[MsgId: MWAR-15995]
Warning: Iteration pacing cannot be reached (pace time = 80,00, actual time = 87,27).	[MsgId: MWAR-15995]
Warning: Iteration pacing cannot be reached (pace time = 80,00, actual time = 99,54).	[MsgId: MWAR-15995]
Warning: Iteration pacing cannot be reached (pace time = 80,00, actual time = 88,88).	[MsgId: MWAR-15995]
Warning: Iteration pacing cannot be reached (pace time = 80,00, actual time = 91,29).	[MsgId: MWAR-15995]
Warning: Iteration pacing cannot be reached (pace time = 80,00, actual time = 87,24).	[MsgId: MWAR-15995]
Warning: Iteration pacing cannot be reached (pace time = 80,00, actual time = 87,81).	[MsgId: MWAR-15995]
Warning: Iteration pacing cannot be reached (pace time = 80,00, actual time = 88,82).	[MsgId: MWAR-15995]
Warning: Iteration pacing cannot be reached (pace time = 80,00, actual time = 90,25).	[MsgId: MWAR-15995]
Warning: Iteration pacing cannot be reached (pace time = 80,00, actual time = 90,51).	[MsgId: MWAR-15995]
Warning: Iteration pacing cannot be reached (pace time = 80,00, actual time = 92,28).	[MsgId: MWAR-15995]
Warning: Iteration pacing cannot be reached (pace time = 80,00, actual time = 97,43).	[MsgId: MWAR-15995]
Warning: Iteration pacing cannot be reached (pace time = 80,00, actual time = 87,53).	[MsgId: MWAR-15995]
Warning: Iteration pacing cannot be reached (pace time = 80,00, actual time = 93,11).	[MsgId: MWAR-15995]
Warning: Iteration pacing cannot be reached (pace time = 80,00, actual time = 88,25).	[MsgId: MWAR-15995]
Warning: Iteration pacing cannot be reached (pace time = 80,00, actual time = 88,62).	[MsgId: MWAR-15995]
Warning: Iteration pacing cannot be reached (pace time = 80,00, actual time = 89,87).	[MsgId: MWAR-15995]
Warning: Iteration pacing cannot be reached (pace time = 80,00, actual time = 94,15).	[MsgId: MWAR-15995]
Warning: Iteration pacing cannot be reached (pace time = 80,00, actual time = 90,40).	[MsgId: MWAR-15995]
Warning: Iteration pacing cannot be reached (pace time = 80,00, actual time = 88,84).	[MsgId: MWAR-15995]
Warning: Iteration pacing cannot be reached (pace time = 80,00, actual time = 92,85).	[MsgId: MWAR-15995]
Warning: Iteration pacing cannot be reached (pace time = 80,00, actual time = 86,02).	[MsgId: MWAR-15995]
Warning: Iteration pacing cannot be reached (pace time = 80,00, actual time = 95,92).	[MsgId: MWAR-15995]
Warning: Iteration pacing cannot be reached (pace time = 80,00, actual time = 94,55).	[MsgId: MWAR-15995]
Warning: Iteration pacing cannot be reached (pace time = 80,00, actual time = 89,02).	[MsgId: MWAR-15995]
Warning: Iteration pacing cannot be reached (pace time = 80,00, actual time = 87,82).	[MsgId: MWAR-15995]
Warning: Iteration pacing cannot be reached (pace time = 80,00, actual time = 85,99).	[MsgId: MWAR-15995]
Warning: Iteration pacing cannot be reached (pace time = 80,00, actual time = 86,76).	[MsgId: MWAR-15995]
Warning: Iteration pacing cannot be reached (pace time = 80,00, actual time = 97,05).	[MsgId: MWAR-15995]
Warning: Iteration pacing cannot be reached (pace time = 80,00, actual time = 92,30).	[MsgId: MWAR-15995]
Warning: Iteration pacing cannot be reached (pace time = 80,00, actual time = 94,00).	[MsgId: MWAR-15995]
Warning: Iteration pacing cannot be reached (pace time = 80,00, actual time = 98,27).	[MsgId: MWAR-15995]
Warning: Iteration pacing cannot be reached (pace time = 80,00, actual time = 87,82).	[MsgId: MWAR-15995]
Warning: Iteration pacing cannot be reached (pace time = 80,00, actual time = 90,61).	[MsgId: MWAR-15995]
Warning: Iteration pacing cannot be reached (pace time = 80,00, actual time = 91,50).	[MsgId: MWAR-15995]
Warning: Iteration pacing cannot be reached (pace time = 80,00, actual time = 92,12).	[MsgId: MWAR-15995]
Warning: Iteration pacing cannot be reached (pace time = 80,00, actual time = 101,25).	[MsgId: MWAR-15995]
Warning: Iteration pacing cannot be reached (pace time = 80,00, actual time = 92,65).	[MsgId: MWAR-15995]
Warning: Iteration pacing cannot be reached (pace time = 80,00, actual time = 95,10).	[MsgId: MWAR-15995]
Warning: Iteration pacing cannot be reached (pace time = 80,00, actual time = 89,63).	[MsgId: MWAR-15995]
Warning: Iteration pacing cannot be reached (pace time = 80,00, actual time = 86,98).	[MsgId: MWAR-15995]
