Action.c(74): Error -26366: "Text=lastName&Risueño" not found for web_reg_find  	[MsgId: MERR-26366]
Action.c(74): Error -26366: "Text=lastName&Roçadas" not found for web_reg_find  	[MsgId: MERR-26366]
Action.c(74): Error -26366: "Text=lastName&Escaño" not found for web_reg_find  	[MsgId: MERR-26366]
Action.c(74): Error -26366: "Text=lastName&Escañuela" not found for web_reg_find  	[MsgId: MERR-26366]
Action.c(107): Error -27787: Server "localhost" has shut down the connection prematurely  	[MsgId: MERR-27787]
Action.c(107): Error -27787: Server "localhost" has shut down the connection prematurely  	[MsgId: MERR-27787]
Action.c(107): Error -27787: Server "localhost" has shut down the connection prematurely  	[MsgId: MERR-27787]
Action.c(107): Error -27787: Server "localhost" has shut down the connection prematurely  	[MsgId: MERR-27787]
Action.c(107): Error -27787: Server "localhost" has shut down the connection prematurely  	[MsgId: MERR-27787]
Action.c(107): Error -27787: Server "localhost" has shut down the connection prematurely  	[MsgId: MERR-27787]
Action.c(107): Error -26366: "Text=User has returned to the home page" not found for web_reg_find  	[MsgId: MERR-26366]
Action.c(107): Error -26366: "Text=User has returned to the home page" not found for web_reg_find  	[MsgId: MERR-26366]
Action.c(107): Error -26366: "Text=User has returned to the home page" not found for web_reg_find  	[MsgId: MERR-26366]
Action.c(107): Error -26366: "Text=User has returned to the home page" not found for web_reg_find  	[MsgId: MERR-26366]
Action.c(107): Error -26374: The above "not found" error(s) may be explained by header and body byte counts being 0 and 0, respectively.  	[MsgId: MERR-26374]
Action.c(107): Error -26374: The above "not found" error(s) may be explained by header and body byte counts being 0 and 0, respectively.  	[MsgId: MERR-26374]
Action.c(107): Error -26374: The above "not found" error(s) may be explained by header and body byte counts being 0 and 0, respectively.  	[MsgId: MERR-26374]
Action.c(107): Error -26374: The above "not found" error(s) may be explained by header and body byte counts being 0 and 0, respectively.  	[MsgId: MERR-26374]
Action.c(107): Error -26366: "Text=User has returned to the home page" not found for web_reg_find  	[MsgId: MERR-26366]
Action.c(107): Error -26374: The above "not found" error(s) may be explained by header and body byte counts being 0 and 0, respectively.  	[MsgId: MERR-26374]
Action.c(107): Error -26366: "Text=User has returned to the home page" not found for web_reg_find  	[MsgId: MERR-26366]
Action.c(107): Error -26374: The above "not found" error(s) may be explained by header and body byte counts being 0 and 0, respectively.  	[MsgId: MERR-26374]
Action.c(107): Error -27792: Failed to connect to server "localhost:1080": [10061] Connection refused  	[MsgId: MERR-27792]
Action.c(107): Error -26366: "Text=User has returned to the home page" not found for web_reg_find  	[MsgId: MERR-26366]
Action.c(107): Error -26374: The above "not found" error(s) may be explained by header and body byte counts being 0 and 0, respectively.  	[MsgId: MERR-26374]
