Start auto log messages stack - Iteration 4.	[MsgId: MMSG-10545]
Action.c(66): web_reg_find started  	[MsgId: MMSG-26355]
Action.c(66): Registering web_reg_find was successful  	[MsgId: MMSG-26390]
Action.c(70): web_reg_find started  	[MsgId: MMSG-26355]
Action.c(70): Registering web_reg_find was successful  	[MsgId: MMSG-26390]
Action.c(74): web_submit_data("login.pl_2") started  	[MsgId: MMSG-26355]
Action.c(74): Resource "http://localhost:1080/WebTours/images/button_next.gif" is in the cache already and will not be downloaded again  	[MsgId: MMSG-26655]
Action.c(74): Registered web_reg_find successful for "Text=<title>Welcome to Web Tours</title>" (count=1)  	[MsgId: MMSG-26364]
Action.c(74): Registered web_reg_find successful for "Text=firstName&Gordon" (count=1)  	[MsgId: MMSG-26364]
Action.c(74): Error -26366: "Text=lastName&El Azizi" not found for web_reg_find  	[MsgId: MERR-26366]
End auto log messages stack.	[MsgId: MMSG-10544]


Start auto log messages stack - Iteration 15.	[MsgId: MMSG-10545]
Action.c(66): web_reg_find started  	[MsgId: MMSG-26355]
Action.c(66): Registering web_reg_find was successful  	[MsgId: MMSG-26390]
Action.c(70): web_reg_find started  	[MsgId: MMSG-26355]
Action.c(70): Registering web_reg_find was successful  	[MsgId: MMSG-26390]
Action.c(74): web_submit_data("login.pl_2") started  	[MsgId: MMSG-26355]
Action.c(74): Resource "http://localhost:1080/WebTours/images/button_next.gif" is in the cache already and will not be downloaded again  	[MsgId: MMSG-26655]
Action.c(74): Registered web_reg_find successful for "Text=<title>Welcome to Web Tours</title>" (count=1)  	[MsgId: MMSG-26364]
Action.c(74): Registered web_reg_find successful for "Text=firstName&German" (count=1)  	[MsgId: MMSG-26364]
Action.c(74): Error -26366: "Text=lastName&De Arada" not found for web_reg_find  	[MsgId: MERR-26366]
End auto log messages stack.	[MsgId: MMSG-10544]


Start auto log messages stack - Iteration 8.	[MsgId: MMSG-10545]
Action.c(66): web_reg_find started  	[MsgId: MMSG-26355]
Action.c(66): Registering web_reg_find was successful  	[MsgId: MMSG-26390]
Action.c(70): web_reg_find started  	[MsgId: MMSG-26355]
Action.c(70): Registering web_reg_find was successful  	[MsgId: MMSG-26390]
Action.c(74): web_submit_data("login.pl_2") started  	[MsgId: MMSG-26355]
Action.c(74): Resource "http://localhost:1080/WebTours/images/button_next.gif" is in the cache already and will not be downloaded again  	[MsgId: MMSG-26655]
Action.c(74): Registered web_reg_find successful for "Text=<title>Welcome to Web Tours</title>" (count=1)  	[MsgId: MMSG-26364]
Action.c(74): Registered web_reg_find successful for "Text=firstName&Joseph" (count=1)  	[MsgId: MMSG-26364]
Action.c(74): Error -26366: "Text=lastName&Codoñer" not found for web_reg_find  	[MsgId: MERR-26366]
End auto log messages stack.	[MsgId: MMSG-10544]


Start auto log messages stack - Iteration 5.	[MsgId: MMSG-10545]
Action.c(66): web_reg_find started  	[MsgId: MMSG-26355]
Action.c(66): Registering web_reg_find was successful  	[MsgId: MMSG-26390]
Action.c(70): web_reg_find started  	[MsgId: MMSG-26355]
Action.c(70): Registering web_reg_find was successful  	[MsgId: MMSG-26390]
Action.c(74): web_submit_data("login.pl_2") started  	[MsgId: MMSG-26355]
Action.c(74): Resource "http://localhost:1080/WebTours/images/button_next.gif" is in the cache already and will not be downloaded again  	[MsgId: MMSG-26655]
Action.c(74): Registered web_reg_find successful for "Text=<title>Welcome to Web Tours</title>" (count=1)  	[MsgId: MMSG-26364]
Action.c(74): Registered web_reg_find successful for "Text=firstName&Lucius" (count=1)  	[MsgId: MMSG-26364]
Action.c(74): Error -26366: "Text=lastName&De Haas" not found for web_reg_find  	[MsgId: MERR-26366]
End auto log messages stack.	[MsgId: MMSG-10544]


Start auto log messages stack - Iteration 29.	[MsgId: MMSG-10545]
Action.c(66): web_reg_find started  	[MsgId: MMSG-26355]
Action.c(66): Registering web_reg_find was successful  	[MsgId: MMSG-26390]
Action.c(70): web_reg_find started  	[MsgId: MMSG-26355]
Action.c(70): Registering web_reg_find was successful  	[MsgId: MMSG-26390]
Action.c(74): web_submit_data("login.pl_2") started  	[MsgId: MMSG-26355]
Action.c(74): Resource "http://localhost:1080/WebTours/images/button_next.gif" is in the cache already and will not be downloaded again  	[MsgId: MMSG-26655]
Action.c(74): Registered web_reg_find successful for "Text=<title>Welcome to Web Tours</title>" (count=1)  	[MsgId: MMSG-26364]
Action.c(74): Registered web_reg_find successful for "Text=firstName&Basil" (count=1)  	[MsgId: MMSG-26364]
Action.c(74): Error -26366: "Text=lastName&De Vries" not found for web_reg_find  	[MsgId: MERR-26366]
End auto log messages stack.	[MsgId: MMSG-10544]


Start auto log messages stack - Iteration 23.	[MsgId: MMSG-10545]
Action.c(66): web_reg_find started  	[MsgId: MMSG-26355]
Action.c(66): Registering web_reg_find was successful  	[MsgId: MMSG-26390]
Action.c(70): web_reg_find started  	[MsgId: MMSG-26355]
Action.c(70): Registering web_reg_find was successful  	[MsgId: MMSG-26390]
Action.c(74): web_submit_data("login.pl_2") started  	[MsgId: MMSG-26355]
Action.c(74): Resource "http://localhost:1080/WebTours/images/button_next.gif" is in the cache already and will not be downloaded again  	[MsgId: MMSG-26655]
Action.c(74): Registered web_reg_find successful for "Text=<title>Welcome to Web Tours</title>" (count=1)  	[MsgId: MMSG-26364]
Action.c(74): Registered web_reg_find successful for "Text=firstName&Abner" (count=1)  	[MsgId: MMSG-26364]
Action.c(74): Error -26366: "Text=lastName&Espiñeira" not found for web_reg_find  	[MsgId: MERR-26366]
End auto log messages stack.	[MsgId: MMSG-10544]


Start auto log messages stack - Iteration 5.	[MsgId: MMSG-10545]
Action.c(66): web_reg_find started  	[MsgId: MMSG-26355]
Action.c(66): Registering web_reg_find was successful  	[MsgId: MMSG-26390]
Action.c(70): web_reg_find started  	[MsgId: MMSG-26355]
Action.c(70): Registering web_reg_find was successful  	[MsgId: MMSG-26390]
Action.c(74): web_submit_data("login.pl_2") started  	[MsgId: MMSG-26355]
Action.c(74): Resource "http://localhost:1080/WebTours/images/button_next.gif" is in the cache already and will not be downloaded again  	[MsgId: MMSG-26655]
Action.c(74): Registered web_reg_find successful for "Text=<title>Welcome to Web Tours</title>" (count=1)  	[MsgId: MMSG-26364]
Action.c(74): Registered web_reg_find successful for "Text=firstName&Abel" (count=1)  	[MsgId: MMSG-26364]
Action.c(74): Error -26366: "Text=lastName&De Lera" not found for web_reg_find  	[MsgId: MERR-26366]
End auto log messages stack.	[MsgId: MMSG-10544]


Start auto log messages stack - Iteration 9.	[MsgId: MMSG-10545]
Action.c(66): web_reg_find started  	[MsgId: MMSG-26355]
Action.c(66): Registering web_reg_find was successful  	[MsgId: MMSG-26390]
Action.c(70): web_reg_find started  	[MsgId: MMSG-26355]
Action.c(70): Registering web_reg_find was successful  	[MsgId: MMSG-26390]
Action.c(74): web_submit_data("login.pl_2") started  	[MsgId: MMSG-26355]
Action.c(74): Resource "http://localhost:1080/WebTours/images/button_next.gif" is in the cache already and will not be downloaded again  	[MsgId: MMSG-26655]
Action.c(74): Registered web_reg_find successful for "Text=<title>Welcome to Web Tours</title>" (count=1)  	[MsgId: MMSG-26364]
Action.c(74): Registered web_reg_find successful for "Text=firstName&Addison" (count=1)  	[MsgId: MMSG-26364]
Action.c(74): Error -26366: "Text=lastName&D'Alessandro" not found for web_reg_find  	[MsgId: MERR-26366]
End auto log messages stack.	[MsgId: MMSG-10544]


Start auto log messages stack - Iteration 10.	[MsgId: MMSG-10545]
Action.c(66): web_reg_find started  	[MsgId: MMSG-26355]
Action.c(66): Registering web_reg_find was successful  	[MsgId: MMSG-26390]
Action.c(70): web_reg_find started  	[MsgId: MMSG-26355]
Action.c(70): Registering web_reg_find was successful  	[MsgId: MMSG-26390]
Action.c(74): web_submit_data("login.pl_2") started  	[MsgId: MMSG-26355]
Action.c(74): Resource "http://localhost:1080/WebTours/images/button_next.gif" is in the cache already and will not be downloaded again  	[MsgId: MMSG-26655]
Action.c(74): Registered web_reg_find successful for "Text=<title>Welcome to Web Tours</title>" (count=1)  	[MsgId: MMSG-26364]
Action.c(74): Registered web_reg_find successful for "Text=firstName&Tillman" (count=1)  	[MsgId: MMSG-26364]
Action.c(74): Error -26366: "Text=lastName&De Gregorio" not found for web_reg_find  	[MsgId: MERR-26366]
End auto log messages stack.	[MsgId: MMSG-10544]


Start auto log messages stack - Iteration 18.	[MsgId: MMSG-10545]
Action.c(66): web_reg_find started  	[MsgId: MMSG-26355]
Action.c(66): Registering web_reg_find was successful  	[MsgId: MMSG-26390]
Action.c(70): web_reg_find started  	[MsgId: MMSG-26355]
Action.c(70): Registering web_reg_find was successful  	[MsgId: MMSG-26390]
Action.c(74): web_submit_data("login.pl_2") started  	[MsgId: MMSG-26355]
Action.c(74): Resource "http://localhost:1080/WebTours/images/button_next.gif" is in the cache already and will not be downloaded again  	[MsgId: MMSG-26655]
Action.c(74): Registered web_reg_find successful for "Text=<title>Welcome to Web Tours</title>" (count=1)  	[MsgId: MMSG-26364]
Action.c(74): Registered web_reg_find successful for "Text=firstName&Asa" (count=1)  	[MsgId: MMSG-26364]
Action.c(74): Error -26366: "Text=lastName&De Salvador" not found for web_reg_find  	[MsgId: MERR-26366]
End auto log messages stack.	[MsgId: MMSG-10544]


Start auto log messages stack - Iteration 1.	[MsgId: MMSG-10545]
Action.c(66): web_reg_find started  	[MsgId: MMSG-26355]
Action.c(66): Registering web_reg_find was successful  	[MsgId: MMSG-26390]
Action.c(70): web_reg_find started  	[MsgId: MMSG-26355]
Action.c(70): Registering web_reg_find was successful  	[MsgId: MMSG-26390]
Action.c(74): web_submit_data("login.pl_2") started  	[MsgId: MMSG-26355]
Action.c(74): Resource "http://localhost:1080/WebTours/images/button_next.gif" is in the cache already and will not be downloaded again  	[MsgId: MMSG-26655]
Action.c(74): Registered web_reg_find successful for "Text=<title>Welcome to Web Tours</title>" (count=1)  	[MsgId: MMSG-26364]
Action.c(74): Registered web_reg_find successful for "Text=firstName&Avery" (count=1)  	[MsgId: MMSG-26364]
Action.c(74): Error -26366: "Text=lastName&El Majdoubi" not found for web_reg_find  	[MsgId: MERR-26366]
End auto log messages stack.	[MsgId: MMSG-10544]


Start auto log messages stack - Iteration 42.	[MsgId: MMSG-10545]
Action.c(66): web_reg_find started  	[MsgId: MMSG-26355]
Action.c(66): Registering web_reg_find was successful  	[MsgId: MMSG-26390]
Action.c(70): web_reg_find started  	[MsgId: MMSG-26355]
Action.c(70): Registering web_reg_find was successful  	[MsgId: MMSG-26390]
Action.c(74): web_submit_data("login.pl_2") started  	[MsgId: MMSG-26355]
Action.c(74): Resource "http://localhost:1080/WebTours/images/button_next.gif" is in the cache already and will not be downloaded again  	[MsgId: MMSG-26655]
Action.c(74): Registered web_reg_find successful for "Text=<title>Welcome to Web Tours</title>" (count=1)  	[MsgId: MMSG-26364]
Action.c(74): Registered web_reg_find successful for "Text=firstName&Stephen" (count=1)  	[MsgId: MMSG-26364]
Action.c(74): Error -26366: "Text=lastName&Dan'Ko" not found for web_reg_find  	[MsgId: MERR-26366]
End auto log messages stack.	[MsgId: MMSG-10544]


Start auto log messages stack - Iteration 6.	[MsgId: MMSG-10545]
Action.c(66): web_reg_find started  	[MsgId: MMSG-26355]
Action.c(66): Registering web_reg_find was successful  	[MsgId: MMSG-26390]
Action.c(70): web_reg_find started  	[MsgId: MMSG-26355]
Action.c(70): Registering web_reg_find was successful  	[MsgId: MMSG-26390]
Action.c(74): web_submit_data("login.pl_2") started  	[MsgId: MMSG-26355]
Action.c(74): Resource "http://localhost:1080/WebTours/images/button_next.gif" is in the cache already and will not be downloaded again  	[MsgId: MMSG-26655]
Action.c(74): Registered web_reg_find successful for "Text=<title>Welcome to Web Tours</title>" (count=1)  	[MsgId: MMSG-26364]
Action.c(74): Registered web_reg_find successful for "Text=firstName&Rome" (count=1)  	[MsgId: MMSG-26364]
Action.c(74): Error -26366: "Text=lastName&Diaz Flores" not found for web_reg_find  	[MsgId: MERR-26366]
End auto log messages stack.	[MsgId: MMSG-10544]


Start auto log messages stack - Iteration 9.	[MsgId: MMSG-10545]
Action.c(66): web_reg_find started  	[MsgId: MMSG-26355]
Action.c(66): Registering web_reg_find was successful  	[MsgId: MMSG-26390]
Action.c(70): web_reg_find started  	[MsgId: MMSG-26355]
Action.c(70): Registering web_reg_find was successful  	[MsgId: MMSG-26390]
Action.c(74): web_submit_data("login.pl_2") started  	[MsgId: MMSG-26355]
Action.c(74): Resource "http://localhost:1080/WebTours/images/button_next.gif" is in the cache already and will not be downloaded again  	[MsgId: MMSG-26655]
Action.c(74): Registered web_reg_find successful for "Text=<title>Welcome to Web Tours</title>" (count=1)  	[MsgId: MMSG-26364]
Action.c(74): Registered web_reg_find successful for "Text=firstName&Wilburn" (count=1)  	[MsgId: MMSG-26364]
Action.c(74): Error -26366: "Text=lastName&Ipiñi" not found for web_reg_find  	[MsgId: MERR-26366]
End auto log messages stack.	[MsgId: MMSG-10544]


Start auto log messages stack - Iteration 28.	[MsgId: MMSG-10545]
Action.c(66): web_reg_find started  	[MsgId: MMSG-26355]
Action.c(66): Registering web_reg_find was successful  	[MsgId: MMSG-26390]
Action.c(70): web_reg_find started  	[MsgId: MMSG-26355]
Action.c(70): Registering web_reg_find was successful  	[MsgId: MMSG-26390]
Action.c(74): web_submit_data("login.pl_2") started  	[MsgId: MMSG-26355]
Action.c(74): Resource "http://localhost:1080/WebTours/images/button_next.gif" is in the cache already and will not be downloaded again  	[MsgId: MMSG-26655]
Action.c(74): Registered web_reg_find successful for "Text=<title>Welcome to Web Tours</title>" (count=1)  	[MsgId: MMSG-26364]
Action.c(74): Registered web_reg_find successful for "Text=firstName&Otto" (count=1)  	[MsgId: MMSG-26364]
Action.c(74): Error -26366: "Text=lastName&Djromantica@Aol.Com" not found for web_reg_find  	[MsgId: MERR-26366]
End auto log messages stack.	[MsgId: MMSG-10544]


Start auto log messages stack - Iteration 1.	[MsgId: MMSG-10545]
Action.c(66): web_reg_find started  	[MsgId: MMSG-26355]
Action.c(66): Registering web_reg_find was successful  	[MsgId: MMSG-26390]
Action.c(70): web_reg_find started  	[MsgId: MMSG-26355]
Action.c(70): Registering web_reg_find was successful  	[MsgId: MMSG-26390]
Action.c(74): web_submit_data("login.pl_2") started  	[MsgId: MMSG-26355]
Action.c(74): Resource "http://localhost:1080/WebTours/images/button_next.gif" is in the cache already and will not be downloaded again  	[MsgId: MMSG-26655]
Action.c(74): Registered web_reg_find successful for "Text=<title>Welcome to Web Tours</title>" (count=1)  	[MsgId: MMSG-26364]
Action.c(74): Registered web_reg_find successful for "Text=firstName&Hiram" (count=1)  	[MsgId: MMSG-26364]
Action.c(74): Error -26366: "Text=lastName&El Kassimi" not found for web_reg_find  	[MsgId: MERR-26366]
End auto log messages stack.	[MsgId: MMSG-10544]


Start auto log messages stack - Iteration 12.	[MsgId: MMSG-10545]
Action.c(66): web_reg_find started  	[MsgId: MMSG-26355]
Action.c(66): Registering web_reg_find was successful  	[MsgId: MMSG-26390]
Action.c(70): web_reg_find started  	[MsgId: MMSG-26355]
Action.c(70): Registering web_reg_find was successful  	[MsgId: MMSG-26390]
Action.c(74): web_submit_data("login.pl_2") started  	[MsgId: MMSG-26355]
Action.c(74): Resource "http://localhost:1080/WebTours/images/button_next.gif" is in the cache already and will not be downloaded again  	[MsgId: MMSG-26655]
Action.c(74): Registered web_reg_find successful for "Text=<title>Welcome to Web Tours</title>" (count=1)  	[MsgId: MMSG-26364]
Action.c(74): Registered web_reg_find successful for "Text=firstName&Cleveland" (count=1)  	[MsgId: MMSG-26364]
Action.c(74): Error -26366: "Text=lastName&Iruñuela" not found for web_reg_find  	[MsgId: MERR-26366]
End auto log messages stack.	[MsgId: MMSG-10544]


Start auto log messages stack - Iteration 42.	[MsgId: MMSG-10545]
Action.c(66): web_reg_find started  	[MsgId: MMSG-26355]
Action.c(66): Registering web_reg_find was successful  	[MsgId: MMSG-26390]
Action.c(70): web_reg_find started  	[MsgId: MMSG-26355]
Action.c(70): Registering web_reg_find was successful  	[MsgId: MMSG-26390]
Action.c(74): web_submit_data("login.pl_2") started  	[MsgId: MMSG-26355]
Action.c(74): Resource "http://localhost:1080/WebTours/images/button_next.gif" is in the cache already and will not be downloaded again  	[MsgId: MMSG-26655]
Action.c(74): Registered web_reg_find successful for "Text=<title>Welcome to Web Tours</title>" (count=1)  	[MsgId: MMSG-26364]
Action.c(74): Registered web_reg_find successful for "Text=firstName&Andy" (count=1)  	[MsgId: MMSG-26364]
Action.c(74): Error -26366: "Text=lastName&De Nova" not found for web_reg_find  	[MsgId: MERR-26366]
End auto log messages stack.	[MsgId: MMSG-10544]


Start auto log messages stack - Iteration 34.	[MsgId: MMSG-10545]
Action.c(66): web_reg_find started  	[MsgId: MMSG-26355]
Action.c(66): Registering web_reg_find was successful  	[MsgId: MMSG-26390]
Action.c(70): web_reg_find started  	[MsgId: MMSG-26355]
Action.c(70): Registering web_reg_find was successful  	[MsgId: MMSG-26390]
Action.c(74): web_submit_data("login.pl_2") started  	[MsgId: MMSG-26355]
Action.c(74): Resource "http://localhost:1080/WebTours/images/button_next.gif" is in the cache already and will not be downloaded again  	[MsgId: MMSG-26655]
Action.c(74): Registered web_reg_find successful for "Text=<title>Welcome to Web Tours</title>" (count=1)  	[MsgId: MMSG-26364]
Action.c(74): Registered web_reg_find successful for "Text=firstName&Brown" (count=1)  	[MsgId: MMSG-26364]
Action.c(74): Error -26366: "Text=lastName&El Youssfi" not found for web_reg_find  	[MsgId: MERR-26366]
End auto log messages stack.	[MsgId: MMSG-10544]


Start auto log messages stack - Iteration 63.	[MsgId: MMSG-10545]
Action.c(66): web_reg_find started  	[MsgId: MMSG-26355]
Action.c(66): Registering web_reg_find was successful  	[MsgId: MMSG-26390]
Action.c(70): web_reg_find started  	[MsgId: MMSG-26355]
Action.c(70): Registering web_reg_find was successful  	[MsgId: MMSG-26390]
Action.c(74): web_submit_data("login.pl_2") started  	[MsgId: MMSG-26355]
Action.c(74): Resource "http://localhost:1080/WebTours/images/button_next.gif" is in the cache already and will not be downloaded again  	[MsgId: MMSG-26655]
Action.c(74): Registered web_reg_find successful for "Text=<title>Welcome to Web Tours</title>" (count=1)  	[MsgId: MMSG-26364]
Action.c(74): Registered web_reg_find successful for "Text=firstName&Harrison" (count=1)  	[MsgId: MMSG-26364]
Action.c(74): Error -26366: "Text=lastName&Escaño" not found for web_reg_find  	[MsgId: MERR-26366]
End auto log messages stack.	[MsgId: MMSG-10544]


Start auto log messages stack - Iteration 38.	[MsgId: MMSG-10545]
Action.c(66): web_reg_find started  	[MsgId: MMSG-26355]
Action.c(66): Registering web_reg_find was successful  	[MsgId: MMSG-26390]
Action.c(70): web_reg_find started  	[MsgId: MMSG-26355]
Action.c(70): Registering web_reg_find was successful  	[MsgId: MMSG-26390]
Action.c(74): web_submit_data("login.pl_2") started  	[MsgId: MMSG-26355]
Action.c(74): Resource "http://localhost:1080/WebTours/images/button_next.gif" is in the cache already and will not be downloaded again  	[MsgId: MMSG-26655]
Action.c(74): Registered web_reg_find successful for "Text=<title>Welcome to Web Tours</title>" (count=1)  	[MsgId: MMSG-26364]
Action.c(74): Registered web_reg_find successful for "Text=firstName&Alf" (count=1)  	[MsgId: MMSG-26364]
Action.c(74): Error -26366: "Text=lastName&Castañeda" not found for web_reg_find  	[MsgId: MERR-26366]
End auto log messages stack.	[MsgId: MMSG-10544]


