Start auto log messages stack - Iteration 14.	[MsgId: MMSG-10545]
Action.c(66): web_reg_find started  	[MsgId: MMSG-26355]
Action.c(66): Registering web_reg_find was successful  	[MsgId: MMSG-26390]
Action.c(70): web_reg_find started  	[MsgId: MMSG-26355]
Action.c(70): Registering web_reg_find was successful  	[MsgId: MMSG-26390]
Action.c(74): web_submit_data("login.pl_2") started  	[MsgId: MMSG-26355]
Action.c(74): Resource "http://localhost:1080/WebTours/images/button_next.gif" is in the cache already and will not be downloaded again  	[MsgId: MMSG-26655]
Action.c(74): Registered web_reg_find successful for "Text=<title>Welcome to Web Tours</title>" (count=1)  	[MsgId: MMSG-26364]
Action.c(74): Registered web_reg_find successful for "Text=firstName&Ott" (count=1)  	[MsgId: MMSG-26364]
Action.c(74): Error -26366: "Text=lastName&Castañ" not found for web_reg_find  	[MsgId: MERR-26366]
End auto log messages stack.	[MsgId: MMSG-10544]


Start auto log messages stack - Iteration 6.	[MsgId: MMSG-10545]
Action.c(66): web_reg_find started  	[MsgId: MMSG-26355]
Action.c(66): Registering web_reg_find was successful  	[MsgId: MMSG-26390]
Action.c(70): web_reg_find started  	[MsgId: MMSG-26355]
Action.c(70): Registering web_reg_find was successful  	[MsgId: MMSG-26390]
Action.c(74): web_submit_data("login.pl_2") started  	[MsgId: MMSG-26355]
Action.c(74): Resource "http://localhost:1080/WebTours/images/button_next.gif" is in the cache already and will not be downloaded again  	[MsgId: MMSG-26655]
Action.c(74): Registered web_reg_find successful for "Text=<title>Welcome to Web Tours</title>" (count=1)  	[MsgId: MMSG-26364]
Action.c(74): Registered web_reg_find successful for "Text=firstName&Olin" (count=1)  	[MsgId: MMSG-26364]
Action.c(74): Error -26366: "Text=lastName&Alçuarte" not found for web_reg_find  	[MsgId: MERR-26366]
End auto log messages stack.	[MsgId: MMSG-10544]


Start auto log messages stack - Iteration 27.	[MsgId: MMSG-10545]
../lib/common.h(17): web_add_auto_header("sec-ch-ua-mobile") was successful  	[MsgId: MMSG-26392]
../lib/common.h(20): web_add_auto_header("sec-ch-ua-platform") started  	[MsgId: MMSG-26355]
../lib/common.h(20): web_add_auto_header("sec-ch-ua-platform") was successful  	[MsgId: MMSG-26392]
../lib/common.h(23): web_reg_save_param_ex started  	[MsgId: MMSG-26355]
../lib/common.h(23): Registering web_reg_save_param_ex was successful  	[MsgId: MMSG-26390]
../lib/common.h(30): web_reg_find started  	[MsgId: MMSG-26355]
../lib/common.h(30): Registering web_reg_find was successful  	[MsgId: MMSG-26390]
../lib/common.h(32): web_url("welcome.pl") started  	[MsgId: MMSG-26355]
../lib/common.h(32): Error -26612: HTTP Status-Code=500 (Internal Server Error) for "http://localhost:1080/cgi-bin/welcome.pl?signOff=true"  	[MsgId: MERR-26612]
../lib/common.h(32): Error -26377: No match found for the requested parameter "userSession". Either the specified boundaries were not found in the response or the matched text is longer than current max html parameter size of 256 bytes. The total length of the response is 535 bytes. You can use "web_set_max_html_param_len" to increase the max parameter size.  	[MsgId: MERR-26377]
../lib/common.h(32): Error -26366: "Text=A Session ID has been created and loaded into a cookie called MSO" not found for web_reg_find  	[MsgId: MERR-26366]
End auto log messages stack.	[MsgId: MMSG-10544]


