Start auto log messages stack - Iteration 18.	[MsgId: MMSG-10545]
Action.c(66): web_reg_find started  	[MsgId: MMSG-26355]
Action.c(66): Registering web_reg_find was successful  	[MsgId: MMSG-26390]
Action.c(70): web_reg_find started  	[MsgId: MMSG-26355]
Action.c(70): Registering web_reg_find was successful  	[MsgId: MMSG-26390]
Action.c(74): web_submit_data("login.pl_2") started  	[MsgId: MMSG-26355]
Action.c(74): Resource "http://localhost:1080/WebTours/images/button_next.gif" is in the cache already and will not be downloaded again  	[MsgId: MMSG-26655]
Action.c(74): Registered web_reg_find successful for "Text=<title>Welcome to Web Tours</title>" (count=1)  	[MsgId: MMSG-26364]
Action.c(74): Registered web_reg_find successful for "Text=firstName&Martin" (count=1)  	[MsgId: MMSG-26364]
Action.c(74): Error -26366: "Text=lastName&Carraça" not found for web_reg_find  	[MsgId: MERR-26366]
End auto log messages stack.	[MsgId: MMSG-10544]


Start auto log messages stack - Iteration 18.	[MsgId: MMSG-10545]
Action.c(66): web_reg_find started  	[MsgId: MMSG-26355]
Action.c(66): Registering web_reg_find was successful  	[MsgId: MMSG-26390]
Action.c(70): web_reg_find started  	[MsgId: MMSG-26355]
Action.c(70): Registering web_reg_find was successful  	[MsgId: MMSG-26390]
Action.c(74): web_submit_data("login.pl_2") started  	[MsgId: MMSG-26355]
Action.c(74): Resource "http://localhost:1080/WebTours/images/button_next.gif" is in the cache already and will not be downloaded again  	[MsgId: MMSG-26655]
Action.c(74): Registered web_reg_find successful for "Text=<title>Welcome to Web Tours</title>" (count=1)  	[MsgId: MMSG-26364]
Action.c(74): Registered web_reg_find successful for "Text=firstName&Rollin" (count=1)  	[MsgId: MMSG-26364]
Action.c(74): Error -26366: "Text=lastName&Castañon" not found for web_reg_find  	[MsgId: MERR-26366]
End auto log messages stack.	[MsgId: MMSG-10544]


Start auto log messages stack - Iteration 25.	[MsgId: MMSG-10545]
Action.c(66): web_reg_find started  	[MsgId: MMSG-26355]
Action.c(66): Registering web_reg_find was successful  	[MsgId: MMSG-26390]
Action.c(70): web_reg_find started  	[MsgId: MMSG-26355]
Action.c(70): Registering web_reg_find was successful  	[MsgId: MMSG-26390]
Action.c(74): web_submit_data("login.pl_2") started  	[MsgId: MMSG-26355]
Action.c(74): Resource "http://localhost:1080/WebTours/images/button_next.gif" is in the cache already and will not be downloaded again  	[MsgId: MMSG-26655]
Action.c(74): Registered web_reg_find successful for "Text=<title>Welcome to Web Tours</title>" (count=1)  	[MsgId: MMSG-26364]
Action.c(74): Registered web_reg_find successful for "Text=firstName&Burl" (count=1)  	[MsgId: MMSG-26364]
Action.c(74): Error -26366: "Text=lastName&Cooper(SomeGentilesalsousethisname)" not found for web_reg_find  	[MsgId: MERR-26366]
End auto log messages stack.	[MsgId: MMSG-10544]


Start auto log messages stack - Iteration 27.	[MsgId: MMSG-10545]
Action.c(64): Registering web_reg_find was successful  	[MsgId: MMSG-26390]
Action.c(66): web_reg_find started  	[MsgId: MMSG-26355]
Action.c(66): Registering web_reg_find was successful  	[MsgId: MMSG-26390]
Action.c(70): web_reg_find started  	[MsgId: MMSG-26355]
Action.c(70): Registering web_reg_find was successful  	[MsgId: MMSG-26390]
Action.c(74): web_submit_data("login.pl_2") started  	[MsgId: MMSG-26355]
Action.c(74): Resource "http://localhost:1080/WebTours/profileValidate.js" is in the cache already and will not be downloaded again  	[MsgId: MMSG-26655]
Action.c(74): Resource "http://localhost:1080/WebTours/images/button_next.gif" is in the cache already and will not be downloaded again  	[MsgId: MMSG-26655]
Action.c(74): Error -26366: "Text=<title>Welcome to Web Tours</title>" not found for web_reg_find  	[MsgId: MERR-26366]
Action.c(74): Error -26366: "Text=firstName&Joesph" not found for web_reg_find  	[MsgId: MERR-26366]
Action.c(74): Error -26366: "Text=lastName&Cornelius" not found for web_reg_find  	[MsgId: MERR-26366]
End auto log messages stack.	[MsgId: MMSG-10544]


Start auto log messages stack - Iteration 15.	[MsgId: MMSG-10545]
Action.c(66): web_reg_find started  	[MsgId: MMSG-26355]
Action.c(66): Registering web_reg_find was successful  	[MsgId: MMSG-26390]
Action.c(70): web_reg_find started  	[MsgId: MMSG-26355]
Action.c(70): Registering web_reg_find was successful  	[MsgId: MMSG-26390]
Action.c(74): web_submit_data("login.pl_2") started  	[MsgId: MMSG-26355]
Action.c(74): Resource "http://localhost:1080/WebTours/images/button_next.gif" is in the cache already and will not be downloaded again  	[MsgId: MMSG-26655]
Action.c(74): Registered web_reg_find successful for "Text=<title>Welcome to Web Tours</title>" (count=1)  	[MsgId: MMSG-26364]
Action.c(74): Registered web_reg_find successful for "Text=firstName&Donnie" (count=1)  	[MsgId: MMSG-26364]
Action.c(74): Error -26366: "Text=lastName&Risueño" not found for web_reg_find  	[MsgId: MERR-26366]
End auto log messages stack.	[MsgId: MMSG-10544]


Start auto log messages stack - Iteration 60.	[MsgId: MMSG-10545]
Action.c(66): web_reg_find started  	[MsgId: MMSG-26355]
Action.c(66): Registering web_reg_find was successful  	[MsgId: MMSG-26390]
Action.c(70): web_reg_find started  	[MsgId: MMSG-26355]
Action.c(70): Registering web_reg_find was successful  	[MsgId: MMSG-26390]
Action.c(74): web_submit_data("login.pl_2") started  	[MsgId: MMSG-26355]
Action.c(74): Resource "http://localhost:1080/WebTours/images/button_next.gif" is in the cache already and will not be downloaded again  	[MsgId: MMSG-26655]
Action.c(74): Registered web_reg_find successful for "Text=<title>Welcome to Web Tours</title>" (count=1)  	[MsgId: MMSG-26364]
Action.c(74): Registered web_reg_find successful for "Text=firstName&Dean" (count=1)  	[MsgId: MMSG-26364]
Action.c(74): Error -26366: "Text=lastName&Alañon" not found for web_reg_find  	[MsgId: MERR-26366]
End auto log messages stack.	[MsgId: MMSG-10544]


