../lib/common.h(83): t=9498183ms: Already connected [0] to localhost:1080  	[MsgId: MMSG-26000]
../lib/common.h(83): t=9498184ms: 802-byte request headers for "http://localhost:1080/WebTours/images/button_next.gif" (RelFrameId=, Internal ID=391)
../lib/common.h(83):     GET /WebTours/images/button_next.gif HTTP/1.1\r\n
../lib/common.h(83):     Referer: http://localhost:1080/cgi-bin/reservations.pl?page=welcome\r\n
../lib/common.h(83):     Sec-Fetch-Dest: frame\r\n
../lib/common.h(83):     Sec-Fetch-Mode: navigate\r\n
../lib/common.h(83):     Sec-Fetch-Site: same-origin\r\n
../lib/common.h(83):     Upgrade-Insecure-Requests: 1\r\n
../lib/common.h(83):     sec-ch-ua: "Google Chrome";v="105", "Not)A;Brand";v="8", "Chromium";v="105"\r\n
../lib/common.h(83):     sec-ch-ua-mobile: ?0\r\n
../lib/common.h(83):     sec-ch-ua-platform: "Windows"\r\n
../lib/common.h(83):     User-Agent: Mozilla/5.0 (Windows NT 10.0; Win64; x64) AppleWebKit/537.36 (KHTML, like Geck
../lib/common.h(83):     o) Chrome/105.0.0.0 Safari/537.36\r\n
../lib/common.h(83):     Accept-Encoding: gzip, deflate, br\r\n
../lib/common.h(83):     Accept-Language: ru-RU,ru;q=0.9,en-US;q=0.8,en;q=0.7\r\n
../lib/common.h(83):     Accept: */*\r\n
../lib/common.h(83):     Connection: Keep-Alive\r\n
../lib/common.h(83):     Host: localhost:1080\r\n
../lib/common.h(83):     Cookie: MSO=SID&1702124935; MTUserInfo=firstName&Jimmie&address2&Mexico%20City&username&wy
../lib/common.h(83):     kbtpat&hash&84&lastName&Rosenova%0A&address1&LARKIN%20ST&creditCard&&expDate&%0A\r\n
../lib/common.h(83):     \r\n
../lib/common.h(83): t=9498184ms: 5-byte chunked response overhead for "http://localhost:1080/cgi-bin/reservations.pl?page=welcome" (RelFrameId=1.2, Internal ID=388)
../lib/common.h(83):     0\r\n
../lib/common.h(83):     \r\n
../lib/common.h(83): t=9498184ms: Request done "http://localhost:1080/cgi-bin/reservations.pl?page=welcome"  	[MsgId: MMSG-26000]
../lib/common.h(83): t=9498184ms: 298-byte response headers for "http://localhost:1080/WebTours/images/button_next.gif" (RelFrameId=, Internal ID=391)
../lib/common.h(83):     HTTP/1.1 200 OK\r\n
../lib/common.h(83):     Date: Sat, 09 Dec 2023 12:29:32 GMT\r\n
../lib/common.h(83):     Server: Apache/2.2.21 (Win32)\r\n
../lib/common.h(83):     Last-Modified: Thu, 12 Jan 2012 13:30:27 GMT\r\n
../lib/common.h(83):     ETag: "1200000002f0c1-2f6-4b654c052c2c0"\r\n
../lib/common.h(83):     Accept-Ranges: bytes\r\n
../lib/common.h(83):     Content-Length: 758\r\n
../lib/common.h(83):     Keep-Alive: timeout=5, max=98\r\n
../lib/common.h(83):     Connection: Keep-Alive\r\n
../lib/common.h(83):     Content-Type: image/gif\r\n
../lib/common.h(83):     \r\n
../lib/common.h(83): t=9498184ms: 758-byte response body for "http://localhost:1080/WebTours/images/button_next.gif" (RelFrameId=, Internal ID=391)
../lib/common.h(83): t=9498184ms: Request done "http://localhost:1080/WebTours/images/button_next.gif"  	[MsgId: MMSG-26000]
../lib/common.h(32): t=9498207ms: 300-byte response headers for "http://localhost:1080/WebTours/home.html" (RelFrameId=1.2, Internal ID=2291)
../lib/common.h(32):     HTTP/1.1 200 OK\r\n
../lib/common.h(32):     Date: Sat, 09 Dec 2023 12:29:32 GMT\r\n
../lib/common.h(32):     Server: Apache/2.2.21 (Win32)\r\n
../lib/common.h(32):     Last-Modified: Mon, 27 May 2013 11:20:22 GMT\r\n
../lib/common.h(32):     ETag: "1e00000002f09b-551-4ddb1559ac980"\r\n
../lib/common.h(32):     Accept-Ranges: bytes\r\n
../lib/common.h(32):     Content-Length: 1361\r\n
../lib/common.h(32):     Keep-Alive: timeout=5, max=100\r\n
../lib/common.h(32):     Connection: Keep-Alive\r\n
../lib/common.h(32):     Content-Type: text/html\r\n
../lib/common.h(32):     \r\n
../lib/common.h(32): t=9498207ms: 1361-byte response body for "http://localhost:1080/WebTours/home.html" (RelFrameId=1.2, Internal ID=2291)
../lib/common.h(32):     <HTML>\n
../lib/common.h(32):     <HEAD>\n
../lib/common.h(32):     \t<title>Web Tours</title>\n
../lib/common.h(32):     </HEAD>\n
../lib/common.h(32):     <style>\n
../lib/common.h(32):     \tblockquote {font-family: tahoma; font-size : 10pt}\n
../lib/common.h(32):     \tH1 {font-family: tahoma; font-size : 22pt; color: #003366}\n
../lib/common.h(32):     \tsmall {font-family: tahoma; font-size : 8pt}\n
../lib/common.h(32):     \tH3{font-family: tahoma; font-size : 10pt; color: black}\n
../lib/common.h(32):     \tA {FONT-WEIGHT: bold; FONT-SIZE: 10pt; COLOR: black; FONT-FAMILY: Tahoma; TEXT-DECORATIO
../lib/common.h(32):     N: none}\n
../lib/common.h(32):     \tA:hover{ FONT-WEIGHT: bold; FONT-SIZE: 10pt; COLOR: #993333; FONT-FAMILY: Tahoma;TEXT-DE
../lib/common.h(32):     CORATION: underline}\n
../lib/common.h(32):     \tTD {font-family: tahoma; font-size : 10pt; color: black}\n
../lib/common.h(32):     </style>\n
../lib/common.h(32):     <body bgcolor="#e0e7f1">\n
../lib/common.h(32):     <BR/>\n
../lib/common.h(32):     <BR/>\n
../lib/common.h(32):     <BR/>\n
../lib/common.h(32):     <br/>\n
../lib/common.h(32):     <table border="0">\n
../lib/common.h(32):     <tr><td></td></tr>\n
../lib/common.h(32):     <TR><TD></TD></TR>\n
../lib/common.h(32):     <TR><TD>\n
../lib/common.h(32):     <blockquote>\n
../lib/common.h(32):     <H1><b>Web Tours</b></H1>\n
../lib/common.h(32):     Welcome to the Web Tours site.\n
../lib/common.h(32):     <br/>\n
../lib/common.h(32):     To make reservations,please enter your account information to the left.\n
../lib/common.h(32):     <br/>\n
../lib/common.h(32):     If you haven't registered yet, <A href="/cgi-bin/login.pl?username=&amp;password=&amp;getI
../lib/common.h(32):     nfo=true" ><B>sign up now</B></A> to get access to all our resources.\n
../lib/common.h(32):     <br/>\n
../lib/common.h(32):     To configure the server options, use <A href="/cgi-bin/admin.pl" target="body" ><b>adminis
../lib/common.h(32):     tration</b></A> link.\n
../lib/common.h(32):     <br/><br/><br/><br/><br/><br/>\n
../lib/common.h(32):     <br/><small>\n
../lib/common.h(32):     This product uses parts of the SMT Kernel, Copyright (c) 1991-99 <A href="http://www.imati
../lib/common.h(32):     x.com" target="new"><B><small>iMatix Corporation</small></B></A> \n
../lib/common.h(32):     </small>\n
../lib/common.h(32):     </blockquote></TD>\n
../lib/common.h(32):     <TD></TD></TR>\n
../lib/common.h(32):     </table>\n
../lib/common.h(32):     </body>\n
../lib/common.h(32):     </HTML>\n
../lib/common.h(32): t=9498208ms: Request done "http://localhost:1080/WebTours/home.html"  	[MsgId: MMSG-26000]
../lib/common.h(100): t=9498227ms: 256-byte response headers for "http://localhost:1080/cgi-bin/reservations.pl" (RelFrameId=1, Internal ID=1537)
../lib/common.h(100):     HTTP/1.1 200 OK\r\n
../lib/common.h(100):     Date: Sat, 09 Dec 2023 12:29:32 GMT\r\n
../lib/common.h(100):     Server: Apache/2.2.21 (Win32)\r\n
../lib/common.h(100):     Expires: Fri, 08 Dec 2023 12:29:32 GMT\r\n
../lib/common.h(100):     Keep-Alive: timeout=5, max=100\r\n
../lib/common.h(100):     Connection: Keep-Alive\r\n
../lib/common.h(100):     Transfer-Encoding: chunked\r\n
../lib/common.h(100):     Content-Type: text/html; charset=ISO-8859-1\r\n
../lib/common.h(100):     \r\n
../lib/common.h(100): t=9498227ms: 5-byte chunked response overhead for "http://localhost:1080/cgi-bin/reservations.pl" (RelFrameId=1, Internal ID=1537)
../lib/common.h(100):     ab4\r\n
../lib/common.h(100): t=9498227ms: 2-byte chunked response overhead for "http://localhost:1080/cgi-bin/reservations.pl" (RelFrameId=1, Internal ID=1537)
../lib/common.h(100):     \r\n
../lib/common.h(100): t=9498227ms: 2740-byte chunked response body for "http://localhost:1080/cgi-bin/reservations.pl" (RelFrameId=1, Internal ID=1537)
../lib/common.h(100):     <!DOCTYPE html\n
../lib/common.h(100):     \tPUBLIC "-//W3C//DTD XHTML 1.0 Transitional//EN"\n
../lib/common.h(100):     \t "http://www.w3.org/TR/xhtml1/DTD/xhtml1-transitional.dtd">\n
../lib/common.h(100):     <html xmlns="http://www.w3.org/1999/xhtml" lang="en-US" xml:lang="en-US">\n
../lib/common.h(100):     <head>\n
../lib/common.h(100):     <title>Flight Reservation</title>\n
../lib/common.h(100):     <meta http-equiv="Content-Type" content="text/html; charset=iso-8859-1" />\n
../lib/common.h(100):     </head>\n
../lib/common.h(100):     <body bgcolor="#E0E7F1">\n
../lib/common.h(100):     <style>blockquote {font-family: tahoma; font-size : 10pt}H1 {font-family: tahoma; font-siz
../lib/common.h(100):     e : 22pt; color: #993333}small {font-family: tahoma; font-size : 8pt}H3 {font-family: taho
../lib/common.h(100):     ma; font-size : 10pt; color: black}TD {font-family: tahoma; font-size : 10pt; color: black
../lib/common.h(100):     }</style><BR/><BR/><h1><font color="#003366">&nbsp;&nbsp;<b>Payment Details</font></b></h1
../lib/common.h(100):     ><blockquote><form method="post" action="reservations.pl" enctype="application/x-www-form-
../lib/common.h(100):     urlencoded" onsubmit="return true ;">\n
../lib/common.h(100):     <table><tr><td align="right">First Name : <td><input type="text" name="firstName" value="B
../lib/common.h(100):     ascom" size="15" /><tr><td align="right">Last Name : <td><input type="text" name="lastName
../lib/common.h(100):     " value="Cocera&#10;" size="15" /><tr><td align="right">Street Address : <td colspan="3"><
../lib/common.h(100):     input type="text" name="address1" value="16TH ST" size="30" /><tr><td align="right">City/S
../lib/common.h(100):     tate/Zip : <td colspan="3"><input type="text" name="address2" value="Beijing" size="30" />
../lib/common.h(100):     <tr><td align="right">Passenger Names : <td colspan="3"><input type="text" name="pass1" va
../lib/common.h(100):     lue="Bascom Cocera&#10;" size="30" /><tr><td height="10"><tr><td height="10" align="center
../lib/common.h(100):     " colspan="4">Total for 1 ticket(s) is = $ 1903<tr><td align="right">Credit Card : <td><in
../lib/common.h(100):     put type="text" name="creditCard"  size="20" maxlength="20" /><td align="right">Exp Date :
../lib/common.h(100):      <td><input type="text" name="expDate" value="&#10;" size="5" maxlength="5" /><tr><TD><td 
../lib/common.h(100):     colspan="3" align="left"><label><input type="checkbox" name="saveCC" value="on" />Save thi
../lib/common.h(100):     s Credit Card Information</label><input type="hidden" name="oldCCOption" value=""  /></tab
../lib/common.h(100):     le><input type="hidden" name="numPassengers" value="1"  /><input type="hidden" name="seatT
../lib/common.h(100):     ype" value="First"  /><input type="hidden" name="seatPref" value="Window"  /><input type="
../lib/common.h(100):     hidden" name="outboundFlight" value="892;1903;12/10/2023"  /><input type="hidden" name="ad
../lib/common.h(100):     vanceDiscount" value="0"  /><input type="hidden" name="returnFlight" value=""  /><input ty
../lib/common.h(100):     pe="hidden" name="JSFormSubmit" value="off"  /><center><table width=80% cellspacing=1><tr>
../lib/common.h(100):     <td align=center>\n
../lib/common.h(100):     <input type="image" name="buyFlights" src="/WebTours/images/button_next.gif" border="0" />
../lib/common.h(100):     <div><input type="hidden" name=".cgifields" value="saveCC"  /></div></form>\n
../lib/common.h(100):     <td>&nbsp;<td align=center><form method="post" action="reservations.pl" enctype="applicati
../lib/common.h(100):     on/x-www-form-urlencoded" onsubmit="void(0);">\n
../lib/common.h(100):     </form></table></center></blockquote>\n
../lib/common.h(100):     </body>\n
../lib/common.h(100):     </html>
../lib/common.h(100): Resource "http://localhost:1080/WebTours/images/button_next.gif" is in the cache already and will not be downloaded again  	[MsgId: MMSG-26655]
../lib/common.h(100): t=9498229ms: 5-byte chunked response overhead for "http://localhost:1080/cgi-bin/reservations.pl" (RelFrameId=1, Internal ID=1537)
../lib/common.h(100):     0\r\n
../lib/common.h(100):     \r\n
../lib/common.h(100): t=9498229ms: Request done "http://localhost:1080/cgi-bin/reservations.pl"  	[MsgId: MMSG-26000]
../lib/common.h(100): Registered web_reg_find successful for "Text=firstName" value="Bascom" (count=1)  	[MsgId: MMSG-26364]
../lib/common.h(100): Registered web_reg_find successful for "Text=lastName" value="Cocera" (count=1)  	[MsgId: MMSG-26364]
../lib/common.h(100): Registered web_reg_find successful for "Text=value="Bascom Cocera" (count=1)  	[MsgId: MMSG-26364]
../lib/common.h(100): web_submit_data("reservations.pl_2") was successful, 2740 body bytes, 256 header bytes, 12 chunking overhead bytes  	[MsgId: MMSG-26385]
Action.c(42): Notify: Transaction "choose_ticket" ended with a "Pass" status (Duration: 4,3221 Wasted Time: 0,0000).	[MsgId: MMSG-16871]
Action.c(44): lr_think_time: 6,00 seconds.	[MsgId: MMSG-15948]
../lib/common.h(32): t=9498264ms: 256-byte response headers for "http://localhost:1080/cgi-bin/nav.pl?in=home" (RelFrameId=1.1, Internal ID=2290)
../lib/common.h(32):     HTTP/1.1 200 OK\r\n
../lib/common.h(32):     Date: Sat, 09 Dec 2023 12:29:32 GMT\r\n
../lib/common.h(32):     Server: Apache/2.2.21 (Win32)\r\n
../lib/common.h(32):     Expires: Fri, 08 Dec 2023 12:29:32 GMT\r\n
../lib/common.h(32):     Keep-Alive: timeout=5, max=100\r\n
../lib/common.h(32):     Connection: Keep-Alive\r\n
../lib/common.h(32):     Transfer-Encoding: chunked\r\n
../lib/common.h(32):     Content-Type: text/html; charset=ISO-8859-1\r\n
../lib/common.h(32):     \r\n
../lib/common.h(32): t=9498264ms: 5-byte chunked response overhead for "http://localhost:1080/cgi-bin/nav.pl?in=home" (RelFrameId=1.1, Internal ID=2290)
../lib/common.h(32):     5d0\r\n
../lib/common.h(32): t=9498264ms: 2-byte chunked response overhead for "http://localhost:1080/cgi-bin/nav.pl?in=home" (RelFrameId=1.1, Internal ID=2290)
../lib/common.h(32):     \r\n
../lib/common.h(32): t=9498264ms: 1488-byte chunked response body for "http://localhost:1080/cgi-bin/nav.pl?in=home" (RelFrameId=1.1, Internal ID=2290)
../lib/common.h(32):     <!DOCTYPE html\n
../lib/common.h(32):     \tPUBLIC "-//W3C//DTD XHTML 1.0 Transitional//EN"\n
../lib/common.h(32):     \t "http://www.w3.org/TR/xhtml1/DTD/xhtml1-transitional.dtd">\n
../lib/common.h(32):     <html xmlns="http://www.w3.org/1999/xhtml" lang="en-US" xml:lang="en-US">\n
../lib/common.h(32):     <head>\n
../lib/common.h(32):     <title>Web Tours Navigation Bar</title>\n
../lib/common.h(32):     <meta http-equiv="Content-Type" content="text/html; charset=iso-8859-1" />\n
../lib/common.h(32):     </head>\n
../lib/common.h(32):     <body bgcolor="#E0E7F1">\n
../lib/common.h(32):     <style>\n
../lib/common.h(32):     blockquote {font-family: tahoma; font-size : 10pt}\n
../lib/common.h(32):     H1 {font-family: tahoma; font-size : 22pt; color: #993333}\n
../lib/common.h(32):     H3 {font-family: tahoma; font-size : 10pt; color: black}\n
../lib/common.h(32):     small {font-family: tahoma; font-size : 8pt}\n
../lib/common.h(32):     </style>\n
../lib/common.h(32):     <form method="post" action="/cgi-bin/login.pl" target="body">\n
../lib/common.h(32):     <input type="hidden" name="userSession" value="137879.705791819HAQcViHpDzzzzzzHtcffDpVctc"
../lib/common.h(32):     />\n
../lib/common.h(32):     <table border="0"><tr><td>&nbsp;</td>\n
../lib/common.h(32):     <td>&nbsp;</td></tr>\n
../lib/common.h(32):     <tr><td>&nbsp;</td>\n
../lib/common.h(32):     <td>&nbsp;</td></tr>\n
../lib/common.h(32):     <tr><td>&nbsp;</td>\n
../lib/common.h(32):     <td><small>&nbsp;Username</small></td></tr>\n
../lib/common.h(32):     <tr><td>&nbsp;</td>\n
../lib/common.h(32):     <td><input type="text" name="username" value="" size="14" maxlength="14"/></td></tr>\n
../lib/common.h(32):     <tr><td>&nbsp;</td>\n
../lib/common.h(32):     <td><small>&nbsp;Password</small></td>\n
../lib/common.h(32):     <tr><td>&nbsp;</td>\n
../lib/common.h(32):     <td><input type="password" name="password" value="" size="14" maxlength="14"/></td></tr>\n
../lib/common.h(32):     <tr><td>&nbsp;</td>\n
../lib/common.h(32):     <td>&nbsp;</td></tr>\n
../lib/common.h(32):     <tr><td>&nbsp;</td>\n
../lib/common.h(32):     <td><input type="image" name="login" value="Login" alt="Login" border="1" \n
../lib/common.h(32):     src="/WebTours/images/mer_login.gif"/></td></tr>\n
../lib/common.h(32):     <tr><td>&nbsp;</td><td>&nbsp;</td></tr>\n
../lib/common.h(32):     </table><input type="hidden" name="JSFormSubmit" value="off"/>\n
../lib/common.h(32):     </form>\n
../lib/common.h(32):     \n
../lib/common.h(32):     </body>\n
../lib/common.h(32):     </html>\n
../lib/common.h(32): Notify: Saving Parameter "userSession = 137879.705791819HAQcViHpDzzzzzzHtcffDpVctc".	[MsgId: MMSG-13798]
../lib/common.h(32): Found resource "http://localhost:1080/WebTours/images/mer_login.gif" in HTML "http://localhost:1080/cgi-bin/nav.pl?in=home"  	[MsgId: MMSG-26659]
../lib/common.h(32): t=9498266ms: Already connected [0] to localhost:1080  	[MsgId: MMSG-26000]
../lib/common.h(32): t=9498266ms: 642-byte request headers for "http://localhost:1080/WebTours/images/mer_login.gif" (RelFrameId=, Internal ID=2292)
../lib/common.h(32):     GET /WebTours/images/mer_login.gif HTTP/1.1\r\n
../lib/common.h(32):     Referer: http://localhost:1080/cgi-bin/nav.pl?in=home\r\n
../lib/common.h(32):     Sec-Fetch-Dest: frame\r\n
../lib/common.h(32):     Sec-Fetch-Mode: navigate\r\n
../lib/common.h(32):     Sec-Fetch-Site: same-origin\r\n
../lib/common.h(32):     Upgrade-Insecure-Requests: 1\r\n
../lib/common.h(32):     sec-ch-ua: "Google Chrome";v="105", "Not)A;Brand";v="8", "Chromium";v="105"\r\n
../lib/common.h(32):     sec-ch-ua-mobile: ?0\r\n
../lib/common.h(32):     sec-ch-ua-platform: "Windows"\r\n
../lib/common.h(32):     User-Agent: Mozilla/5.0 (Windows NT 10.0; Win64; x64) AppleWebKit/537.36 (KHTML, like Geck
../lib/common.h(32):     o) Chrome/105.0.0.0 Safari/537.36\r\n
../lib/common.h(32):     Accept-Encoding: gzip, deflate, br\r\n
../lib/common.h(32):     Accept-Language: ru-RU,ru;q=0.9,en-US;q=0.8,en;q=0.7\r\n
../lib/common.h(32):     Accept: */*\r\n
../lib/common.h(32):     Connection: Keep-Alive\r\n
../lib/common.h(32):     Host: localhost:1080\r\n
../lib/common.h(32):     Cookie: MSO=SID&1702124968\r\n
../lib/common.h(32):     \r\n
../lib/common.h(32): t=9498266ms: 5-byte chunked response overhead for "http://localhost:1080/cgi-bin/nav.pl?in=home" (RelFrameId=1.1, Internal ID=2290)
../lib/common.h(32):     0\r\n
../lib/common.h(32):     \r\n
../lib/common.h(32): t=9498266ms: Request done "http://localhost:1080/cgi-bin/nav.pl?in=home"  	[MsgId: MMSG-26000]
../lib/common.h(32): t=9498266ms: 298-byte response headers for "http://localhost:1080/WebTours/images/mer_login.gif" (RelFrameId=, Internal ID=2292)
../lib/common.h(32):     HTTP/1.1 200 OK\r\n
../lib/common.h(32):     Date: Sat, 09 Dec 2023 12:29:32 GMT\r\n
../lib/common.h(32):     Server: Apache/2.2.21 (Win32)\r\n
../lib/common.h(32):     Last-Modified: Thu, 12 Jan 2012 13:30:27 GMT\r\n
../lib/common.h(32):     ETag: "14000000031555-2a7-4b654c052c2c0"\r\n
../lib/common.h(32):     Accept-Ranges: bytes\r\n
../lib/common.h(32):     Content-Length: 679\r\n
../lib/common.h(32):     Keep-Alive: timeout=5, max=99\r\n
../lib/common.h(32):     Connection: Keep-Alive\r\n
../lib/common.h(32):     Content-Type: image/gif\r\n
../lib/common.h(32):     \r\n
../lib/common.h(32): t=9498266ms: 679-byte response body for "http://localhost:1080/WebTours/images/mer_login.gif" (RelFrameId=, Internal ID=2292)
../lib/common.h(32): t=9498267ms: Request done "http://localhost:1080/WebTours/images/mer_login.gif"  	[MsgId: MMSG-26000]
../lib/common.h(32): Registered web_reg_find successful for "Text=A Session ID has been created and loaded into a cookie called MSO" (count=1)  	[MsgId: MMSG-26364]
../lib/common.h(32): web_url("welcome.pl") was successful, 4214 body bytes, 1182 header bytes, 24 chunking overhead bytes  	[MsgId: MMSG-26385]
Action.c(10): Notify: Transaction "home_page" ended with a "Pass" status (Duration: 10,7432 Wasted Time: 0,0001).	[MsgId: MMSG-16871]
Action.c(12): lr_think_time: 6,00 seconds.	[MsgId: MMSG-15948]
../lib/common.h(83): t=9498285ms: 216-byte response headers for "http://localhost:1080/cgi-bin/welcome.pl?page=search" (RelFrameId=1, Internal ID=1530)
../lib/common.h(83):     HTTP/1.1 200 OK\r\n
../lib/common.h(83):     Date: Sat, 09 Dec 2023 12:29:32 GMT\r\n
../lib/common.h(83):     Server: Apache/2.2.21 (Win32)\r\n
../lib/common.h(83):     Keep-Alive: timeout=5, max=100\r\n
../lib/common.h(83):     Connection: Keep-Alive\r\n
../lib/common.h(83):     Transfer-Encoding: chunked\r\n
../lib/common.h(83):     Content-Type: text/html; charset=ISO-8859-1\r\n
../lib/common.h(83):     \r\n
../lib/common.h(83): t=9498285ms: 5-byte chunked response overhead for "http://localhost:1080/cgi-bin/welcome.pl?page=search" (RelFrameId=1, Internal ID=1530)
../lib/common.h(83):     268\r\n
../lib/common.h(83): t=9498285ms: 2-byte chunked response overhead for "http://localhost:1080/cgi-bin/welcome.pl?page=search" (RelFrameId=1, Internal ID=1530)
../lib/common.h(83):     \r\n
../lib/common.h(83): t=9498285ms: 616-byte chunked response body for "http://localhost:1080/cgi-bin/welcome.pl?page=search" (RelFrameId=1, Internal ID=1530)
../lib/common.h(83):     <!-- \n
../lib/common.h(83):      User has returned to the search page.  Since user has already logged on,\n
../lib/common.h(83):      we can give them the menu in the navbar.\n
../lib/common.h(83):      --->\n
../lib/common.h(83):     \n
../lib/common.h(83):     <html>\n
../lib/common.h(83):     <title>Web Tours</title>\n
../lib/common.h(83):        <!-- Frame Set -->\n
../lib/common.h(83):        <frameset cols="160,*" border="1" frameborder="1">\n
../lib/common.h(83):           <!-- Navigation Frame -->\n
../lib/common.h(83):           <frame src="nav.pl?page=menu&in=flights" name="navbar" \n
../lib/common.h(83):                 marginheight="2" marginwidth="2" norseize="noresize" scrolling="auto"/>\n
../lib/common.h(83):           <!-- Reservation Frame -->\n
../lib/common.h(83):           <frame src="reservations.pl?page=welcome" name="info" \n
../lib/common.h(83):                 marginheight="2" marginwidth="2" norseize="noresize" scrolling="auto"/>\n
../lib/common.h(83):        </frameset>\n
../lib/common.h(83):     </html>\n
../lib/common.h(83): Detected non-resource "http://localhost:1080/cgi-bin/nav.pl?page=menu&in=flights" in "http://localhost:1080/cgi-bin/welcome.pl?page=search"  	[MsgId: MMSG-26574]
../lib/common.h(83): Detected non-resource "http://localhost:1080/cgi-bin/reservations.pl?page=welcome" in "http://localhost:1080/cgi-bin/welcome.pl?page=search"  	[MsgId: MMSG-26574]
../lib/common.h(83): t=9498285ms: Connecting [1] to host 127.0.0.1:1080  	[MsgId: MMSG-26000]
../lib/common.h(83): t=9498286ms: Connecting [2] to host 127.0.0.1:1080  	[MsgId: MMSG-26000]
../lib/common.h(83): t=9498286ms: Connected socket [1] from 127.0.0.1:18895 to 127.0.0.1:1080 in 1 ms  	[MsgId: MMSG-26000]
../lib/common.h(83): t=9498286ms: 794-byte request headers for "http://localhost:1080/cgi-bin/nav.pl?page=menu&in=flights" (RelFrameId=1.1, Internal ID=1531)
../lib/common.h(83):     GET /cgi-bin/nav.pl?page=menu&in=flights HTTP/1.1\r\n
../lib/common.h(83):     Referer: http://localhost:1080/cgi-bin/welcome.pl?page=search\r\n
../lib/common.h(83):     Sec-Fetch-Dest: frame\r\n
../lib/common.h(83):     Sec-Fetch-Mode: navigate\r\n
../lib/common.h(83):     Sec-Fetch-Site: same-origin\r\n
../lib/common.h(83):     Upgrade-Insecure-Requests: 1\r\n
../lib/common.h(83):     sec-ch-ua: "Google Chrome";v="105", "Not)A;Brand";v="8", "Chromium";v="105"\r\n
../lib/common.h(83):     sec-ch-ua-mobile: ?0\r\n
../lib/common.h(83):     sec-ch-ua-platform: "Windows"\r\n
../lib/common.h(83):     User-Agent: Mozilla/5.0 (Windows NT 10.0; Win64; x64) AppleWebKit/537.36 (KHTML, like Geck
../lib/common.h(83):     o) Chrome/105.0.0.0 Safari/537.36\r\n
../lib/common.h(83):     Accept-Encoding: gzip, deflate, br\r\n
../lib/common.h(83):     Accept-Language: ru-RU,ru;q=0.9,en-US;q=0.8,en;q=0.7\r\n
../lib/common.h(83):     Accept: */*\r\n
../lib/common.h(83):     Connection: Keep-Alive\r\n
../lib/common.h(83):     Host: localhost:1080\r\n
../lib/common.h(83):     Cookie: MSO=SID&1702124938; MTUserInfo=firstName&Worth&address2&Weifang&username&azclydfm&
../lib/common.h(83):     hash&45&lastName&Aostoa%0A&address1&VIRGINIA%20AVE&creditCard&&expDate&%0A\r\n
../lib/common.h(83):     \r\n
../lib/common.h(83): t=9498286ms: Connected socket [2] from 127.0.0.1:18896 to 127.0.0.1:1080 in 0 ms  	[MsgId: MMSG-26000]
../lib/common.h(83): t=9498286ms: 795-byte request headers for "http://localhost:1080/cgi-bin/reservations.pl?page=welcome" (RelFrameId=1.2, Internal ID=1532)
../lib/common.h(83):     GET /cgi-bin/reservations.pl?page=welcome HTTP/1.1\r\n
../lib/common.h(83):     Referer: http://localhost:1080/cgi-bin/welcome.pl?page=search\r\n
../lib/common.h(83):     Sec-Fetch-Dest: frame\r\n
../lib/common.h(83):     Sec-Fetch-Mode: navigate\r\n
../lib/common.h(83):     Sec-Fetch-Site: same-origin\r\n
../lib/common.h(83):     Upgrade-Insecure-Requests: 1\r\n
../lib/common.h(83):     sec-ch-ua: "Google Chrome";v="105", "Not)A;Brand";v="8", "Chromium";v="105"\r\n
../lib/common.h(83):     sec-ch-ua-mobile: ?0\r\n
../lib/common.h(83):     sec-ch-ua-platform: "Windows"\r\n
../lib/common.h(83):     User-Agent: Mozilla/5.0 (Windows NT 10.0; Win64; x64) AppleWebKit/537.36 (KHTML, like Geck
../lib/common.h(83):     o) Chrome/105.0.0.0 Safari/537.36\r\n
../lib/common.h(83):     Accept-Encoding: gzip, deflate, br\r\n
../lib/common.h(83):     Accept-Language: ru-RU,ru;q=0.9,en-US;q=0.8,en;q=0.7\r\n
../lib/common.h(83):     Accept: */*\r\n
../lib/common.h(83):     Connection: Keep-Alive\r\n
../lib/common.h(83):     Host: localhost:1080\r\n
../lib/common.h(83):     Cookie: MSO=SID&1702124938; MTUserInfo=firstName&Worth&address2&Weifang&username&azclydfm&
../lib/common.h(83):     hash&45&lastName&Aostoa%0A&address1&VIRGINIA%20AVE&creditCard&&expDate&%0A\r\n
../lib/common.h(83):     \r\n
../lib/common.h(83): t=9498286ms: 5-byte chunked response overhead for "http://localhost:1080/cgi-bin/welcome.pl?page=search" (RelFrameId=1, Internal ID=1530)
../lib/common.h(83):     0\r\n
../lib/common.h(83):     \r\n
../lib/common.h(83): t=9498286ms: Request done "http://localhost:1080/cgi-bin/welcome.pl?page=search"  	[MsgId: MMSG-26000]
../lib/common.h(308): Notify: Transaction "sign_off" ended with a "Stop" status (Duration: 6,2561 Wasted Time: 0,0000).	[MsgId: MMSG-16871]
Action.c(44): Notify: Transaction "UC4_SearchTicket" ended with a "Stop" status (Duration: 64,2760 Think Time: 24,0225 Wasted Time: 0,0003).	[MsgId: MMSG-16870]
Action.c(44): Notify: Transaction "UC4_SearchTicket" ended with a "Stop" status (Duration: 65,7211 Think Time: 24,0205 Wasted Time: 0,0003).	[MsgId: MMSG-16870]
Action.c(12): Notify: Transaction "UC4_SearchTicket" ended with a "Stop" status (Duration: 18,1260 Wasted Time: 0,0001).	[MsgId: MMSG-16871]
../lib/common.h(308): Notify: Transaction "UC4_SearchTicket" ended with a "Stop" status (Duration: 70,7929 Think Time: 30,0478 Wasted Time: 0,0004).	[MsgId: MMSG-16870]
../lib/common.h(83): Notify: Transaction "flights_page" ended with a "Stop" status (Duration: 4,8600 Wasted Time: 0,0000).	[MsgId: MMSG-16871]
../lib/common.h(83): Notify: Transaction "flights_page" ended with a "Stop" status (Duration: 11,4961 Wasted Time: 0,0000).	[MsgId: MMSG-16871]
../lib/common.h(100): Notify: Transaction "choose_ticket" ended with a "Stop" status (Duration: 3,1174).	[MsgId: MMSG-16873]
../lib/common.h(83): Notify: Transaction "flights_page" ended with a "Stop" status (Duration: 2,2807).	[MsgId: MMSG-16873]
../lib/common.h(83): Notify: Transaction "UC4_SearchTicket" ended with a "Stop" status (Duration: 36,9438 Think Time: 12,0131 Wasted Time: 0,0001).	[MsgId: MMSG-16870]
../lib/common.h(83): Notify: Transaction "flights_page" ended with a "Stop" status (Duration: 6,4315 Wasted Time: 0,0000).	[MsgId: MMSG-16871]
../lib/common.h(83): Notify: Transaction "UC4_SearchTicket" ended with a "Stop" status (Duration: 41,1755 Think Time: 12,0130 Wasted Time: 0,0001).	[MsgId: MMSG-16870]
../lib/common.h(150): Notify: Transaction "search_flight" ended with a "Stop" status (Duration: 3,6740 Wasted Time: 0,0000).	[MsgId: MMSG-16871]
Action.c(12): Notify: Transaction "UC4_SearchTicket" ended with a "Stop" status (Duration: 11,3065 Wasted Time: 0,0001).	[MsgId: MMSG-16871]
../lib/common.h(83): Notify: Transaction "UC4_SearchTicket" ended with a "Stop" status (Duration: 36,0692 Think Time: 12,0253 Wasted Time: 0,0001).	[MsgId: MMSG-16870]
../lib/common.h(100): Notify: Transaction "UC4_SearchTicket" ended with a "Stop" status (Duration: 61,4957 Think Time: 24,0226 Wasted Time: 0,0003).	[MsgId: MMSG-16870]
../lib/common.h(83): Notify: Transaction "UC4_SearchTicket" ended with a "Stop" status (Duration: 37,5019 Think Time: 12,0140 Wasted Time: 0,0001).	[MsgId: MMSG-16870]
Action.c(28): Notify: Transaction "UC4_SearchTicket" ended with a "Stop" status (Duration: 48,0474 Think Time: 12,0121 Wasted Time: 0,0001).	[MsgId: MMSG-16870]
Action.c(12): Notify: Transaction "UC4_SearchTicket" ended with a "Stop" status (Duration: 16,4812 Wasted Time: 0,0001).	[MsgId: MMSG-16871]
Action.c(12): Notify: Transaction "UC4_SearchTicket" ended with a "Stop" status (Duration: 11,6048 Wasted Time: 0,0001).	[MsgId: MMSG-16871]
Action.c(20): Notify: Transaction "UC4_SearchTicket" ended with a "Stop" status (Duration: 30,5613 Think Time: 6,0138 Wasted Time: 0,0001).	[MsgId: MMSG-16870]
../lib/common.h(150): Notify: Transaction "UC4_SearchTicket" ended with a "Stop" status (Duration: 52,8304 Think Time: 18,0179 Wasted Time: 0,0002).	[MsgId: MMSG-16870]
Abort was called from an action.	[MsgId: MMSG-10447]
Abort was called from an action.	[MsgId: MMSG-10447]
Abort was called from an action.	[MsgId: MMSG-10447]
Ending Vuser...	[MsgId: MMSG-15966]
Ending Vuser...	[MsgId: MMSG-15966]
Starting action vuser_end.	[MsgId: MMSG-15919]
Starting action vuser_end.	[MsgId: MMSG-15919]
Abort was called from an action.	[MsgId: MMSG-10447]
Ending action vuser_end.	[MsgId: MMSG-15918]
Ending Vuser...	[MsgId: MMSG-15966]
Vuser Terminated.	[MsgId: MMSG-15963]
Starting action vuser_end.	[MsgId: MMSG-15919]
Abort was called from an action.	[MsgId: MMSG-10447]
Abort was called from an action.	[MsgId: MMSG-10447]
Ending Vuser...	[MsgId: MMSG-15966]
Starting action vuser_end.	[MsgId: MMSG-15919]
Ending action vuser_end.	[MsgId: MMSG-15918]
Vuser Terminated.	[MsgId: MMSG-15963]
Action.c(20): t=9498868ms: Closed connection [0] to localhost:1080 after completing 1 request(s)  	[MsgId: MMSG-26000]
Action.c(20): t=9498868ms: Closed connection [1] to localhost:1080 after completing 1 request(s)  	[MsgId: MMSG-26000]
Action.c(20): t=9498868ms: Closed connection [2] to localhost:1080 after completing 1 request(s)  	[MsgId: MMSG-26000]
Ending action vuser_end.	[MsgId: MMSG-15918]
Vuser Terminated.	[MsgId: MMSG-15963]
Action.c(20): t=9498868ms: Closed connection [3] to localhost:1080 after completing 1 request(s)  	[MsgId: MMSG-26000]
Action.c(12): t=9498868ms: Closed connection [0] to localhost:1080 after completing 2 request(s)  	[MsgId: MMSG-26000]
Action.c(20): t=9498868ms: Closed connection [4] to localhost:1080 after completing 1 request(s)  	[MsgId: MMSG-26000]
Action.c(12): t=9498868ms: Closed connection [1] to localhost:1080 after completing 1 request(s)  	[MsgId: MMSG-26000]
Action.c(20): t=9498868ms: Closed connection [5] to localhost:1080 after completing 1 request(s)  	[MsgId: MMSG-26000]
Action.c(12): t=9498868ms: Closed connection [2] to localhost:1080 after completing 1 request(s)  	[MsgId: MMSG-26000]
Ending Vuser...	[MsgId: MMSG-15966]
Ending Vuser...	[MsgId: MMSG-15966]
Starting action vuser_end.	[MsgId: MMSG-15919]
Starting action vuser_end.	[MsgId: MMSG-15919]
Ending action vuser_end.	[MsgId: MMSG-15918]
Ending action vuser_end.	[MsgId: MMSG-15918]
Vuser Terminated.	[MsgId: MMSG-15963]
Vuser Terminated.	[MsgId: MMSG-15963]
Action.c(28): t=9498873ms: Closed connection [0] to localhost:1080 after completing 1 request(s)  	[MsgId: MMSG-26000]
Action.c(44): t=9498873ms: Closed connection [0] to localhost:1080 after completing 1 request(s)  	[MsgId: MMSG-26000]
Abort was called from an action.	[MsgId: MMSG-10447]
Action.c(28): t=9498873ms: Closed connection [1] to localhost:1080 after completing 2 request(s)  	[MsgId: MMSG-26000]
Ending Vuser...	[MsgId: MMSG-15966]
Starting action vuser_end.	[MsgId: MMSG-15919]
Ending action vuser_end.	[MsgId: MMSG-15918]
Action.c(28): t=9498873ms: Closed connection [2] to localhost:1080 after completing 1 request(s)  	[MsgId: MMSG-26000]
Vuser Terminated.	[MsgId: MMSG-15963]
Abort was called from an action.	[MsgId: MMSG-10447]
Ending action vuser_end.	[MsgId: MMSG-15918]
Action.c(12): t=9498873ms: Closed connection [1] to localhost:1080 after completing 1 request(s)  	[MsgId: MMSG-26000]
Action.c(12): t=9498868ms: Closed connection [0] to localhost:1080 after completing 1 request(s)  	[MsgId: MMSG-26000]
Action.c(28): t=9498873ms: Closed connection [3] to localhost:1080 after completing 1 request(s)  	[MsgId: MMSG-26000]
Vuser Terminated.	[MsgId: MMSG-15963]
Action.c(12): t=9498873ms: Closed connection [2] to localhost:1080 after completing 2 request(s)  	[MsgId: MMSG-26000]
Action.c(44): t=9498873ms: Closed connection [2] to localhost:1080 after completing 1 request(s)  	[MsgId: MMSG-26000]
Action.c(12): t=9498873ms: Closed connection [1] to localhost:1080 after completing 1 request(s)  	[MsgId: MMSG-26000]
Action.c(12): t=9498873ms: Closed connection [2] to localhost:1080 after completing 1 request(s)  	[MsgId: MMSG-26000]
Ending Vuser...	[MsgId: MMSG-15966]
Abort was called from an action.	[MsgId: MMSG-10447]
Abort was called from an action.	[MsgId: MMSG-10447]
Ending Vuser...	[MsgId: MMSG-15966]
Ending Vuser...	[MsgId: MMSG-15966]
Starting action vuser_end.	[MsgId: MMSG-15919]
Starting action vuser_end.	[MsgId: MMSG-15919]
Ending action vuser_end.	[MsgId: MMSG-15918]
Vuser Terminated.	[MsgId: MMSG-15963]
Ending action vuser_end.	[MsgId: MMSG-15918]
../lib/common.h(100): t=9498874ms: Closed connection [0] to localhost:1080 after completing 0 request(s)  	[MsgId: MMSG-26000]
Vuser Terminated.	[MsgId: MMSG-15963]
../lib/common.h(83): t=9498874ms: Closed connection [0] to localhost:1080 after completing 1 request(s)  	[MsgId: MMSG-26000]
../lib/common.h(83): t=9498874ms: Closed connection [1] to localhost:1080 after completing 0 request(s)  	[MsgId: MMSG-26000]
../lib/common.h(83): t=9498874ms: Closed connection [2] to localhost:1080 after completing 0 request(s)  	[MsgId: MMSG-26000]
Abort was called from an action.	[MsgId: MMSG-10447]
Abort was called from an action.	[MsgId: MMSG-10447]
Ending Vuser...	[MsgId: MMSG-15966]
Starting action vuser_end.	[MsgId: MMSG-15919]
Ending Vuser...	[MsgId: MMSG-15966]
Starting action vuser_end.	[MsgId: MMSG-15919]
Ending action vuser_end.	[MsgId: MMSG-15918]
Vuser Terminated.	[MsgId: MMSG-15963]
Ending action vuser_end.	[MsgId: MMSG-15918]
Vuser Terminated.	[MsgId: MMSG-15963]
Abort was called from an action.	[MsgId: MMSG-10447]
../lib/common.h(83): t=9498874ms: Closed connection [0] to localhost:1080 after completing 0 request(s)  	[MsgId: MMSG-26000]
../lib/common.h(83): t=9498874ms: Closed connection [0] to localhost:1080 after completing 0 request(s)  	[MsgId: MMSG-26000]
Abort was called from an action.	[MsgId: MMSG-10447]
Ending Vuser...	[MsgId: MMSG-15966]
../lib/common.h(83): t=9498875ms: Closed connection [1] to localhost:1080 after completing 1 request(s)  	[MsgId: MMSG-26000]
Ending Vuser...	[MsgId: MMSG-15966]
Starting action vuser_end.	[MsgId: MMSG-15919]
Starting action vuser_end.	[MsgId: MMSG-15919]
Ending action vuser_end.	[MsgId: MMSG-15918]
../lib/common.h(83): t=9498875ms: Closed connection [2] to localhost:1080 after completing 0 request(s)  	[MsgId: MMSG-26000]
Vuser Terminated.	[MsgId: MMSG-15963]
Ending action vuser_end.	[MsgId: MMSG-15918]
../lib/common.h(308): t=9498875ms: Closed connection [0] to localhost:1080 after completing 1 request(s)  	[MsgId: MMSG-26000]
Vuser Terminated.	[MsgId: MMSG-15963]
../lib/common.h(83): t=9498875ms: Closed connection [0] to localhost:1080 after completing 3 request(s)  	[MsgId: MMSG-26000]
../lib/common.h(308): t=9498875ms: Closed connection [1] to localhost:1080 after completing 0 request(s)  	[MsgId: MMSG-26000]
../lib/common.h(83): t=9498875ms: Closed connection [1] to localhost:1080 after completing 1 request(s)  	[MsgId: MMSG-26000]
../lib/common.h(83): t=9498875ms: Closed connection [2] to localhost:1080 after completing 1 request(s)  	[MsgId: MMSG-26000]
../lib/common.h(83): t=9498875ms: Closed connection [3] to localhost:1080 after completing 0 request(s)  	[MsgId: MMSG-26000]
Abort was called from an action.	[MsgId: MMSG-10447]
Ending Vuser...	[MsgId: MMSG-15966]
Starting action vuser_end.	[MsgId: MMSG-15919]
Ending action vuser_end.	[MsgId: MMSG-15918]
Vuser Terminated.	[MsgId: MMSG-15963]
../lib/common.h(150): t=9498875ms: Closed connection [0] to localhost:1080 after completing 0 request(s)  	[MsgId: MMSG-26000]
Starting action vuser_end.	[MsgId: MMSG-15919]
Ending action vuser_end.	[MsgId: MMSG-15918]
Vuser Terminated.	[MsgId: MMSG-15963]
Action.c(12): t=9498877ms: Closed connection [0] to localhost:1080 after completing 2 request(s)  	[MsgId: MMSG-26000]
Action.c(12): t=9498877ms: Closed connection [1] to localhost:1080 after completing 1 request(s)  	[MsgId: MMSG-26000]
Action.c(12): t=9498877ms: Closed connection [2] to localhost:1080 after completing 1 request(s)  	[MsgId: MMSG-26000]
HTML-Mode memory management statistics: Reusable=7, NonReusable=0, CsMemBlockSize=4096, checks disabled  	[MsgId: MMSG-26000]
HTML-Mode memory management statistics: Reusable=7, NonReusable=0, CsMemBlockSize=4096, checks disabled  	[MsgId: MMSG-26000]
HTML-Mode memory management statistics: Reusable=7, NonReusable=0, CsMemBlockSize=4096, checks disabled  	[MsgId: MMSG-26000]
HTML-Mode memory management statistics: Reusable=7, NonReusable=0, CsMemBlockSize=4096, checks disabled  	[MsgId: MMSG-26000]
HTML-Mode memory management statistics: Reusable=7, NonReusable=0, CsMemBlockSize=4096, checks disabled  	[MsgId: MMSG-26000]
HTML-Mode memory management statistics: Reusable=7, NonReusable=0, CsMemBlockSize=4096, checks disabled  	[MsgId: MMSG-26000]
HTML-Mode memory management statistics: Reusable=7, NonReusable=0, CsMemBlockSize=4096, checks disabled  	[MsgId: MMSG-26000]
HTML-Mode memory management statistics: Reusable=7, NonReusable=0, CsMemBlockSize=4096, checks disabled  	[MsgId: MMSG-26000]
HTML-Mode memory management statistics: Reusable=7, NonReusable=0, CsMemBlockSize=4096, checks disabled  	[MsgId: MMSG-26000]
HTML-Mode memory management statistics: Reusable=7, NonReusable=0, CsMemBlockSize=4096, checks disabled  	[MsgId: MMSG-26000]
HTML-Mode memory management statistics: Reusable=7, NonReusable=0, CsMemBlockSize=4096, checks disabled  	[MsgId: MMSG-26000]
HTML-Mode memory management statistics: Reusable=7, NonReusable=0, CsMemBlockSize=4096, checks disabled  	[MsgId: MMSG-26000]
HTML-Mode memory management statistics: Reusable=7, NonReusable=0, CsMemBlockSize=4096, checks disabled  	[MsgId: MMSG-26000]
Vuser 10 (thread 6240), ended OK."	[MsgId: MMSG-10695]
Vuser 4 (thread 16332), ended OK."	[MsgId: MMSG-10695]
Vuser 12 (thread 20084), ended OK."	[MsgId: MMSG-10695]
Vuser 7 (thread 13352), ended OK."	[MsgId: MMSG-10695]
Vuser 9 (thread 8876), ended OK."	[MsgId: MMSG-10695]
Vuser 11 (thread 9768), ended OK."	[MsgId: MMSG-10695]
Vuser 5 (thread 13748), ended OK."	[MsgId: MMSG-10695]
Vuser 3 (thread 18936), ended OK."	[MsgId: MMSG-10695]
Vuser 6 (thread 9548), ended OK."	[MsgId: MMSG-10695]
Vuser 2 (thread 8052), ended OK."	[MsgId: MMSG-10695]
Vuser 8 (thread 5476), ended OK."	[MsgId: MMSG-10695]
Vuser 13 (thread 13404), ended OK."	[MsgId: MMSG-10695]
HTML-Mode memory management statistics: Reusable=7, NonReusable=0, CsMemBlockSize=4096, checks disabled  	[MsgId: MMSG-26000]
HTML-Mode memory management statistics: Reusable=7, NonReusable=0, CsMemBlockSize=4096, checks disabled  	[MsgId: MMSG-26000]
Vuser 0 (thread 20280), ended OK."	[MsgId: MMSG-10695]
Vuser 1 (thread 19016), ended OK."	[MsgId: MMSG-10695]
Vuser 14 (thread 2588), ended OK."	[MsgId: MMSG-10695]
