../lib/common.h(100):     me" value="Diederrich&#10;" size="15" /><tr><td align="right">Street Address : <td colspan
../lib/common.h(100):     ="3"><input type="text" name="address1" value="MONTANA ST" size="30" /><tr><td align="righ
../lib/common.h(100):     t">City/State/Zip : <td colspan="3"><input type="text" name="address2" value="Shijiazhuang
../lib/common.h(100):     " size="30" /><tr><td align="right">Passenger Names : <td colspan="3"><input type="text" n
../lib/common.h(100):     ame="pass1" value="Adelbert Diederrich&#10;" size="30" /><tr><td height="10"><tr><td heigh
../lib/common.h(100):     t="10" align="center" colspan="4">Total for 1 ticket(s) is = $ 723<tr><td align="right">Cr
../lib/common.h(100):     edit Card : <td><input type="text" name="creditCard"  size="20" maxlength="20" /><td align
../lib/common.h(100):     ="right">Exp Date : <td><input type="text" name="expDate" value="&#10;" size="5" maxlength
../lib/common.h(100):     ="5" /><tr><TD><td colspan="3" align="left"><label><input type="checkbox" name="saveCC" va
../lib/common.h(100):     lue="on" />Save this Credit Card Information</label><input type="hidden" name="oldCCOption
../lib/common.h(100):     " value=""  /></table><input type="hidden" name="numPassengers" value="1"  /><input type="
../lib/common.h(100):     hidden" name="seatType" value="First"  /><input type="hidden" name="seatPref" value="Aisle
../lib/common.h(100):     "  /><input type="hidden" name="outboundFlight" value="010;723;12/10/2023"  /><input type=
../lib/common.h(100):     "hidden" name="advanceDiscount" value="0"  /><input type="hidden" name="returnFlight" valu
../lib/common.h(100):     e=""  /><input type="hidden" name="JSFormSubmit" value="off"  /><center><table width=80% c
../lib/common.h(100):     ellspacing=1><tr><td align=center>\n
../lib/common.h(100):     <input type="image" name="buyFlights" src="/WebTours/images/button_next.gif" border="0" />
../lib/common.h(100):     <div><input type="hidden" name=".cgifields" value="saveCC"  /></div></form>\n
../lib/common.h(100):     <td>&nbsp;<td align=center><form method="post" action="reservations.pl" enctype="applicati
../lib/common.h(100):     on/x-www-form-urlencoded" onsubmit="void(0);">\n
../lib/common.h(100):     </form></table></center></blockquote>\n
../lib/common.h(100):     </body>\n
../lib/common.h(100):     </html>
../lib/common.h(100): Resource "http://localhost:1080/WebTours/images/button_next.gif" is in the cache already and will not be downloaded again  	[MsgId: MMSG-26655]
../lib/common.h(100): t=6482757ms: 5-byte chunked response overhead for "http://localhost:1080/cgi-bin/reservations.pl" (RelFrameId=1, Internal ID=19)
../lib/common.h(100):     0\r\n
../lib/common.h(100):     \r\n
../lib/common.h(100): t=6482757ms: Request done "http://localhost:1080/cgi-bin/reservations.pl"  	[MsgId: MMSG-26000]
../lib/common.h(100): Registered web_reg_find successful for "Text=firstName" value="Adelbert" (count=1)  	[MsgId: MMSG-26364]
../lib/common.h(100): Registered web_reg_find successful for "Text=lastName" value="Diederrich" (count=1)  	[MsgId: MMSG-26364]
../lib/common.h(100): Registered web_reg_find successful for "Text=value="Adelbert Diederrich" (count=1)  	[MsgId: MMSG-26364]
../lib/common.h(100): web_submit_data("reservations.pl_2") was successful, 2757 body bytes, 256 header bytes, 12 chunking overhead bytes  	[MsgId: MMSG-26385]
Action.c(42): Notify: Transaction "choose_ticket" ended with a "Pass" status (Duration: 0,0320).	[MsgId: MMSG-16873]
Action.c(44): lr_think_time: 6,00 seconds.	[MsgId: MMSG-15948]
Action.c(44): Notify: Transaction "UC4_SearchTicket" ended with a "Stop" status (Duration: 27,9103 Think Time: 24,0298).	[MsgId: MMSG-16872]
Action.c(44): Notify: Transaction "UC4_SearchTicket" ended with a "Stop" status (Duration: 27,3779 Think Time: 24,0338).	[MsgId: MMSG-16872]
Action was aborted.	[MsgId: MMSG-10694]
Action was aborted.	[MsgId: MMSG-10694]
Abort was called from an action.	[MsgId: MMSG-10447]
Abort was called from an action.	[MsgId: MMSG-10447]
Action was aborted.	[MsgId: MMSG-10694]
Action was aborted.	[MsgId: MMSG-10694]
Ending Vuser...	[MsgId: MMSG-15966]
Ending Vuser...	[MsgId: MMSG-15966]
Ending Vuser...	[MsgId: MMSG-15966]
Starting action vuser_end.	[MsgId: MMSG-15919]
Starting action vuser_end.	[MsgId: MMSG-15919]
Ending Vuser...	[MsgId: MMSG-15966]
Ending action vuser_end.	[MsgId: MMSG-15918]
Vuser Terminated.	[MsgId: MMSG-15963]
Starting action vuser_end.	[MsgId: MMSG-15919]
t=6485818ms: Closed connection [0] to localhost:1080 after completing 1 request(s)  	[MsgId: MMSG-26000]
Ending Vuser...	[MsgId: MMSG-15966]
Ending Vuser...	[MsgId: MMSG-15966]
Starting action vuser_end.	[MsgId: MMSG-15919]
Starting action vuser_end.	[MsgId: MMSG-15919]
Ending action vuser_end.	[MsgId: MMSG-15918]
Starting action vuser_end.	[MsgId: MMSG-15919]
Ending action vuser_end.	[MsgId: MMSG-15918]
Vuser Terminated.	[MsgId: MMSG-15963]
Ending action vuser_end.	[MsgId: MMSG-15918]
Vuser Terminated.	[MsgId: MMSG-15963]
Ending action vuser_end.	[MsgId: MMSG-15918]
Vuser Terminated.	[MsgId: MMSG-15963]
Ending action vuser_end.	[MsgId: MMSG-15918]
Vuser Terminated.	[MsgId: MMSG-15963]
t=6485819ms: Closed connection [0] to localhost:1080 after completing 1 request(s)  	[MsgId: MMSG-26000]
t=6485819ms: Closed connection [0] to localhost:1080 after completing 1 request(s)  	[MsgId: MMSG-26000]
Vuser Terminated.	[MsgId: MMSG-15963]
t=6485819ms: Closed connection [1] to localhost:1080 after completing 1 request(s)  	[MsgId: MMSG-26000]
Action.c(44): t=6485819ms: Closed connection [0] to localhost:1080 after completing 1 request(s)  	[MsgId: MMSG-26000]
Action.c(44): t=6485819ms: Closed connection [0] to localhost:1080 after completing 1 request(s)  	[MsgId: MMSG-26000]
t=6485819ms: Closed connection [0] to localhost:1080 after completing 1 request(s)  	[MsgId: MMSG-26000]
t=6485819ms: Closed connection [1] to localhost:1080 after completing 1 request(s)  	[MsgId: MMSG-26000]
t=6485819ms: Closed connection [1] to localhost:1080 after completing 1 request(s)  	[MsgId: MMSG-26000]
t=6485819ms: Closed connection [1] to localhost:1080 after completing 1 request(s)  	[MsgId: MMSG-26000]
HTML-Mode memory management statistics: Reusable=7, NonReusable=0, CsMemBlockSize=4096, checks disabled  	[MsgId: MMSG-26000]
HTML-Mode memory management statistics: Reusable=7, NonReusable=0, CsMemBlockSize=4096, checks disabled  	[MsgId: MMSG-26000]
HTML-Mode memory management statistics: Reusable=7, NonReusable=0, CsMemBlockSize=4096, checks disabled  	[MsgId: MMSG-26000]
HTML-Mode memory management statistics: Reusable=7, NonReusable=0, CsMemBlockSize=4096, checks disabled  	[MsgId: MMSG-26000]
HTML-Mode memory management statistics: Reusable=7, NonReusable=0, CsMemBlockSize=4096, checks disabled  	[MsgId: MMSG-26000]
Vuser 5 (thread 6288), ended OK."	[MsgId: MMSG-10695]
Vuser 1 (thread 12812), ended OK."	[MsgId: MMSG-10695]
Vuser 3 (thread 11336), ended OK."	[MsgId: MMSG-10695]
Vuser 0 (thread 11244), ended OK."	[MsgId: MMSG-10695]
Vuser 2 (thread 3372), ended OK."	[MsgId: MMSG-10695]
HTML-Mode memory management statistics: Reusable=7, NonReusable=0, CsMemBlockSize=4096, checks disabled  	[MsgId: MMSG-26000]
Vuser 4 (thread 15448), ended OK."	[MsgId: MMSG-10695]
