Virtual User Script started at: 08.12.2023 17:19:23	[MsgId: MMSG-15967]
Starting action vuser_init.	[MsgId: MMSG-15919]
Web Turbo Replay of LoadRunner 12.55.0 for Windows 10; build 911 (июл 24 2017 19:46:00)  	[MsgId: MMSG-26983]
Run mode: HTML  	[MsgId: MMSG-26993]
Replay user agent: Mozilla/5.0 (Windows NT 10.0; Win64; x64) AppleWebKit/537.36 (KHTML, like Gecko) Chrome/105.0.0.0 Safari/537.36  	[MsgId: MMSG-26988]
Run-Time Settings file: "D:\Temp\lr5tmpdiryQz.396\lrcfgwcr.397\cfg2Wd.400"  	[MsgId: MMSG-27141]
Vuser directory: "C:\Users\kurtk\OneDrive\Документы\Controller\Scripts\UC4_SearchTicket"  	[MsgId: MMSG-27052]
Vuser output directory: "C:\Users\kurtk\OneDrive\Документы\Controller\Scripts\UC4_SearchTicket"  	[MsgId: MMSG-27050]
Operating system's current working directory: "C:\Users\kurtk\OneDrive\Документы\Controller\Scripts\UC4_SearchTicket"  	[MsgId: MMSG-27048]
UTC (GMT) start date/time   : 2023-12-08 14:19:23  	[MsgId: MMSG-26992]
LOCAL start date/time       : 2023-12-08 17:19:23  	[MsgId: MMSG-26991]
Local daylight-Savings-Time : No  	[MsgId: MMSG-26990]
Some of the Run-Time Settings:  	[MsgId: MMSG-27142]
    Download non-HTML resources: Yes  	[MsgId: MMSG-27018]
    Verification checks: No  	[MsgId: MMSG-27017]
    Convert from/to UTF-8: No  	[MsgId: MMSG-27016]
    Simulate a new user each iteration: Yes  	[MsgId: MMSG-27009]
    Non-critical item errors as warnings: Yes  	[MsgId: MMSG-27008]
    HTTP errors as warnings: No  	[MsgId: MMSG-27007]
    WinInet replay instead of Sockets: No  	[MsgId: MMSG-27006]
    HTTP version: 1.1  	[MsgId: MMSG-27005]
    Keep-Alive HTTP connections: Yes  	[MsgId: MMSG-27004]
    Max self Meta refresh updates: 2  	[MsgId: MMSG-27003]
    No proxy is used (direct connection to the Internet)  	[MsgId: MMSG-27171]
    DNS caching: Yes  	[MsgId: MMSG-27035]
    Simulate browser cache: Yes  	[MsgId: MMSG-27034]
        Cache URLs requiring content (e.g., HTMLs): Yes  	[MsgId: MMSG-27033]
            Additional URLs requiring content: text/xml;text/plain  	[MsgId: MMSG-27032]
        Check for newer versions every visit to the page: No  	[MsgId: MMSG-27031]
    Page download timeout (sec): 120  	[MsgId: MMSG-27030]
    Resource Page Timeout is a Warning: No  	[MsgId: MMSG-27029]
    ContentCheck enabled: Yes  	[MsgId: MMSG-27028]
    ContentCheck script-level file: "D:\Temp\lr5tmpdiryQz.396\lrcfgwcr.397\LrwiAedScript.xml"  	[MsgId: MMSG-27027]
    Enable Web Page Breakdown: Yes  	[MsgId: MMSG-27026]
    Enable connection data points: Yes  	[MsgId: MMSG-27023]
    Process socket after reschedule: Yes  	[MsgId: MMSG-27022]
    Snapshot on error: No  	[MsgId: MMSG-27021]
    Define each step as a transaction: No  	[MsgId: MMSG-27020]
    Read beyond Content-Length: No  	[MsgId: MMSG-26994]
    Parse HTML Content-Type: TEXT  	[MsgId: MMSG-26999]
    Graph hits per second and HTTP status codes: Yes  	[MsgId: MMSG-26998]
    Graph response bytes per second: Yes  	[MsgId: MMSG-26997]
    Graph pages per second: No  	[MsgId: MMSG-26996]
    Web recorder version ID: 10  	[MsgId: MMSG-26995]
Ending action vuser_init.	[MsgId: MMSG-15918]
Running Vuser...	[MsgId: MMSG-15964]
Starting iteration 1.	[MsgId: MMSG-15968]
Maximum number of concurrent connections per server: 6  	[MsgId: MMSG-26989]
Starting action Action.	[MsgId: MMSG-15919]
Action.c(4): Notify: Transaction "UC4_SearchTicket" started.	[MsgId: MMSG-16999]
Action.c(6): Notify: Transaction "home_page" started.	[MsgId: MMSG-16999]
../lib/common.h(2): web_add_auto_header("Sec-Fetch-Dest") started  	[MsgId: MMSG-26355]
../lib/common.h(2): An unrecognized header ("Sec-Fetch-Dest") is being added  	[MsgId: MMSG-26595]
../lib/common.h(2): "Sec-Fetch-Dest: frame" header registered for adding to requests from all following Action functions  	[MsgId: MMSG-26505]
../lib/common.h(2): web_add_auto_header("Sec-Fetch-Dest") was successful  	[MsgId: MMSG-26392]
../lib/common.h(5): web_add_auto_header("Sec-Fetch-Mode") started  	[MsgId: MMSG-26355]
../lib/common.h(5): An unrecognized header ("Sec-Fetch-Mode") is being added  	[MsgId: MMSG-26595]
../lib/common.h(5): "Sec-Fetch-Mode: navigate" header registered for adding to requests from all following Action functions  	[MsgId: MMSG-26505]
../lib/common.h(5): web_add_auto_header("Sec-Fetch-Mode") was successful  	[MsgId: MMSG-26392]
../lib/common.h(8): web_add_auto_header("Sec-Fetch-Site") started  	[MsgId: MMSG-26355]
../lib/common.h(8): An unrecognized header ("Sec-Fetch-Site") is being added  	[MsgId: MMSG-26595]
../lib/common.h(8): "Sec-Fetch-Site: same-origin" header registered for adding to requests from all following Action functions  	[MsgId: MMSG-26505]
../lib/common.h(8): web_add_auto_header("Sec-Fetch-Site") was successful  	[MsgId: MMSG-26392]
../lib/common.h(11): web_add_auto_header("Upgrade-Insecure-Requests") started  	[MsgId: MMSG-26355]
../lib/common.h(11): An unrecognized header ("Upgrade-Insecure-Requests") is being added  	[MsgId: MMSG-26595]
../lib/common.h(11): "Upgrade-Insecure-Requests: 1" header registered for adding to requests from all following Action functions  	[MsgId: MMSG-26505]
../lib/common.h(11): web_add_auto_header("Upgrade-Insecure-Requests") was successful  	[MsgId: MMSG-26392]
../lib/common.h(14): web_add_auto_header("sec-ch-ua") started  	[MsgId: MMSG-26355]
../lib/common.h(14): An unrecognized header ("sec-ch-ua") is being added  	[MsgId: MMSG-26595]
../lib/common.h(14): "sec-ch-ua: "Google Chrome";v="105", "Not)A;Brand";v="8", "Chromium";v="105"" header registered for adding to requests from all following Action functions  	[MsgId: MMSG-26505]
../lib/common.h(14): web_add_auto_header("sec-ch-ua") was successful  	[MsgId: MMSG-26392]
../lib/common.h(17): web_add_auto_header("sec-ch-ua-mobile") started  	[MsgId: MMSG-26355]
../lib/common.h(17): An unrecognized header ("sec-ch-ua-mobile") is being added  	[MsgId: MMSG-26595]
../lib/common.h(17): "sec-ch-ua-mobile: ?0" header registered for adding to requests from all following Action functions  	[MsgId: MMSG-26505]
../lib/common.h(17): web_add_auto_header("sec-ch-ua-mobile") was successful  	[MsgId: MMSG-26392]
../lib/common.h(20): web_add_auto_header("sec-ch-ua-platform") started  	[MsgId: MMSG-26355]
../lib/common.h(20): An unrecognized header ("sec-ch-ua-platform") is being added  	[MsgId: MMSG-26595]
../lib/common.h(20): "sec-ch-ua-platform: "Windows"" header registered for adding to requests from all following Action functions  	[MsgId: MMSG-26505]
../lib/common.h(20): web_add_auto_header("sec-ch-ua-platform") was successful  	[MsgId: MMSG-26392]
../lib/common.h(23): web_reg_save_param_ex started  	[MsgId: MMSG-26355]
../lib/common.h(23): Registering web_reg_save_param_ex was successful  	[MsgId: MMSG-26390]
../lib/common.h(30): web_reg_find started  	[MsgId: MMSG-26355]
../lib/common.h(30): Registering web_reg_find was successful  	[MsgId: MMSG-26390]
../lib/common.h(32): web_url("welcome.pl") started  	[MsgId: MMSG-26355]
../lib/common.h(32): Notify: Parameter Substitution: parameter "protocol" =  "http"	[MsgId: MMSG-13992]
../lib/common.h(32): Notify: Parameter Substitution: parameter "host" =  "localhost"	[MsgId: MMSG-13992]
../lib/common.h(32): Notify: Parameter Substitution: parameter "port" =  "1080"	[MsgId: MMSG-13992]
../lib/common.h(32): Notify: Parameter Substitution: parameter "protocol" =  "http"	[MsgId: MMSG-13992]
../lib/common.h(32): Notify: Parameter Substitution: parameter "host" =  "localhost"	[MsgId: MMSG-13992]
../lib/common.h(32): Notify: Parameter Substitution: parameter "port" =  "1080"	[MsgId: MMSG-13992]
../lib/common.h(32): t=396ms: Connecting [0] to host 127.0.0.1:1080  	[MsgId: MMSG-26000]
../lib/common.h(32): t=397ms: Connected socket [0] from 127.0.0.1:60541 to 127.0.0.1:1080 in 1 ms  	[MsgId: MMSG-26000]
../lib/common.h(32): t=397ms: 603-byte request headers for "http://localhost:1080/cgi-bin/welcome.pl?signOff=true" (RelFrameId=1, Internal ID=1)
../lib/common.h(32):     GET /cgi-bin/welcome.pl?signOff=true HTTP/1.1\r\n
../lib/common.h(32):     Referer: http://localhost:1080/WebTours/\r\n
../lib/common.h(32):     Sec-Fetch-Dest: frame\r\n
../lib/common.h(32):     Sec-Fetch-Mode: navigate\r\n
../lib/common.h(32):     Sec-Fetch-Site: same-origin\r\n
../lib/common.h(32):     Upgrade-Insecure-Requests: 1\r\n
../lib/common.h(32):     sec-ch-ua: "Google Chrome";v="105", "Not)A;Brand";v="8", "Chromium";v="105"\r\n
../lib/common.h(32):     sec-ch-ua-mobile: ?0\r\n
../lib/common.h(32):     sec-ch-ua-platform: "Windows"\r\n
../lib/common.h(32):     User-Agent: Mozilla/5.0 (Windows NT 10.0; Win64; x64) AppleWebKit/537.36 (KHTML, like Geck
../lib/common.h(32):     o) Chrome/105.0.0.0 Safari/537.36\r\n
../lib/common.h(32):     Accept-Encoding: gzip, deflate, br\r\n
../lib/common.h(32):     Accept-Language: ru-RU,ru;q=0.9,en-US;q=0.8,en;q=0.7\r\n
../lib/common.h(32):     Accept: */*\r\n
../lib/common.h(32):     Connection: Keep-Alive\r\n
../lib/common.h(32):     Host: localhost:1080\r\n
../lib/common.h(32):     \r\n
../lib/common.h(32): t=422ms: 328-byte response headers for "http://localhost:1080/cgi-bin/welcome.pl?signOff=true" (RelFrameId=1, Internal ID=1)
../lib/common.h(32):     HTTP/1.1 200 OK\r\n
../lib/common.h(32):     Date: Fri, 08 Dec 2023 14:19:23 GMT\r\n
../lib/common.h(32):     Server: Apache/2.2.21 (Win32)\r\n
../lib/common.h(32):     Set-Cookie: MSO=SID&1702045163; path=/\r\n
../lib/common.h(32):     Set-Cookie: MTUserInfo=; path=/; expires=Thu, 07-Dec-2023 14:19:23 GMT\r\n
../lib/common.h(32):     Keep-Alive: timeout=5, max=100\r\n
../lib/common.h(32):     Connection: Keep-Alive\r\n
../lib/common.h(32):     Transfer-Encoding: chunked\r\n
../lib/common.h(32):     Content-Type: text/html; charset=ISO-8859-1\r\n
../lib/common.h(32):     \r\n
../lib/common.h(32): t=422ms: 5-byte chunked response overhead for "http://localhost:1080/cgi-bin/welcome.pl?signOff=true" (RelFrameId=1, Internal ID=1)
../lib/common.h(32):     2ae\r\n
../lib/common.h(32): t=422ms: 2-byte chunked response overhead for "http://localhost:1080/cgi-bin/welcome.pl?signOff=true" (RelFrameId=1, Internal ID=1)
../lib/common.h(32):     \r\n
../lib/common.h(32): t=422ms: 686-byte chunked response body for "http://localhost:1080/cgi-bin/welcome.pl?signOff=true" (RelFrameId=1, Internal ID=1)
../lib/common.h(32):     <!-- \n
../lib/common.h(32):      A Session ID has been created and loaded into a cookie called MSO.\n
../lib/common.h(32):      Also, the server options have been loaded into the cookie called\n
../lib/common.h(32):      MSO as well.  The server options can be set via the Admin page.\n
../lib/common.h(32):      --->\n
../lib/common.h(32):     \n
../lib/common.h(32):     <html>\n
../lib/common.h(32):     <title>Web Tours</title>\n
../lib/common.h(32):        <!-- Frame Set -->\n
../lib/common.h(32):        <frameset cols="160,*" border="1" frameborder="1">\n
../lib/common.h(32):           <!-- Navigation Frame -->\n
../lib/common.h(32):           <frame src="nav.pl?in=home" name="navbar" marginheight="2" marginwidth="2" \n
../lib/common.h(32):                 noresize="noresize" scrolling="auto"/>\n
../lib/common.h(32):           <!-- Home Frame -->\n
../lib/common.h(32):           <frame src="/WebTours/home.html" name="info" marginheight="2" marginwidth="2" \n
../lib/common.h(32):                 noresize="noresize" scrolling="auto"/>\n
../lib/common.h(32):        </frameset>\n
../lib/common.h(32):     </html>\n
../lib/common.h(32):     \n
../lib/common.h(32):     </body>\n
../lib/common.h(32):     </html>
../lib/common.h(32): Detected non-resource "http://localhost:1080/cgi-bin/nav.pl?in=home" in "http://localhost:1080/cgi-bin/welcome.pl?signOff=true"  	[MsgId: MMSG-26574]
../lib/common.h(32): Detected non-resource "http://localhost:1080/WebTours/home.html" in "http://localhost:1080/cgi-bin/welcome.pl?signOff=true"  	[MsgId: MMSG-26574]
../lib/common.h(32): t=423ms: Connecting [1] to host 127.0.0.1:1080  	[MsgId: MMSG-26000]
../lib/common.h(32): t=423ms: Connecting [2] to host 127.0.0.1:1080  	[MsgId: MMSG-26000]
../lib/common.h(32): t=423ms: Connected socket [1] from 127.0.0.1:60542 to 127.0.0.1:1080 in 0 ms  	[MsgId: MMSG-26000]
../lib/common.h(32): t=423ms: 644-byte request headers for "http://localhost:1080/cgi-bin/nav.pl?in=home" (RelFrameId=1.1, Internal ID=2)
../lib/common.h(32):     GET /cgi-bin/nav.pl?in=home HTTP/1.1\r\n
../lib/common.h(32):     Referer: http://localhost:1080/cgi-bin/welcome.pl?signOff=true\r\n
../lib/common.h(32):     Sec-Fetch-Dest: frame\r\n
../lib/common.h(32):     Sec-Fetch-Mode: navigate\r\n
../lib/common.h(32):     Sec-Fetch-Site: same-origin\r\n
../lib/common.h(32):     Upgrade-Insecure-Requests: 1\r\n
../lib/common.h(32):     sec-ch-ua: "Google Chrome";v="105", "Not)A;Brand";v="8", "Chromium";v="105"\r\n
../lib/common.h(32):     sec-ch-ua-mobile: ?0\r\n
../lib/common.h(32):     sec-ch-ua-platform: "Windows"\r\n
../lib/common.h(32):     User-Agent: Mozilla/5.0 (Windows NT 10.0; Win64; x64) AppleWebKit/537.36 (KHTML, like Geck
../lib/common.h(32):     o) Chrome/105.0.0.0 Safari/537.36\r\n
../lib/common.h(32):     Accept-Encoding: gzip, deflate, br\r\n
../lib/common.h(32):     Accept-Language: ru-RU,ru;q=0.9,en-US;q=0.8,en;q=0.7\r\n
../lib/common.h(32):     Accept: */*\r\n
../lib/common.h(32):     Connection: Keep-Alive\r\n
../lib/common.h(32):     Host: localhost:1080\r\n
../lib/common.h(32):     Cookie: MSO=SID&1702045163\r\n
../lib/common.h(32):     \r\n
../lib/common.h(32): t=423ms: 5-byte chunked response overhead for "http://localhost:1080/cgi-bin/welcome.pl?signOff=true" (RelFrameId=1, Internal ID=1)
../lib/common.h(32):     0\r\n
../lib/common.h(32):     \r\n
../lib/common.h(32): t=423ms: Request done "http://localhost:1080/cgi-bin/welcome.pl?signOff=true"  	[MsgId: MMSG-26000]
../lib/common.h(32): t=423ms: Connected socket [2] from 127.0.0.1:60543 to 127.0.0.1:1080 in 0 ms  	[MsgId: MMSG-26000]
../lib/common.h(32): t=423ms: 640-byte request headers for "http://localhost:1080/WebTours/home.html" (RelFrameId=1.2, Internal ID=3)
../lib/common.h(32):     GET /WebTours/home.html HTTP/1.1\r\n
../lib/common.h(32):     Referer: http://localhost:1080/cgi-bin/welcome.pl?signOff=true\r\n
../lib/common.h(32):     Sec-Fetch-Dest: frame\r\n
../lib/common.h(32):     Sec-Fetch-Mode: navigate\r\n
../lib/common.h(32):     Sec-Fetch-Site: same-origin\r\n
../lib/common.h(32):     Upgrade-Insecure-Requests: 1\r\n
../lib/common.h(32):     sec-ch-ua: "Google Chrome";v="105", "Not)A;Brand";v="8", "Chromium";v="105"\r\n
../lib/common.h(32):     sec-ch-ua-mobile: ?0\r\n
../lib/common.h(32):     sec-ch-ua-platform: "Windows"\r\n
../lib/common.h(32):     User-Agent: Mozilla/5.0 (Windows NT 10.0; Win64; x64) AppleWebKit/537.36 (KHTML, like Geck
../lib/common.h(32):     o) Chrome/105.0.0.0 Safari/537.36\r\n
../lib/common.h(32):     Accept-Encoding: gzip, deflate, br\r\n
../lib/common.h(32):     Accept-Language: ru-RU,ru;q=0.9,en-US;q=0.8,en;q=0.7\r\n
../lib/common.h(32):     Accept: */*\r\n
../lib/common.h(32):     Connection: Keep-Alive\r\n
../lib/common.h(32):     Host: localhost:1080\r\n
../lib/common.h(32):     Cookie: MSO=SID&1702045163\r\n
../lib/common.h(32):     \r\n
../lib/common.h(32): t=424ms: 300-byte response headers for "http://localhost:1080/WebTours/home.html" (RelFrameId=1.2, Internal ID=3)
../lib/common.h(32):     HTTP/1.1 200 OK\r\n
../lib/common.h(32):     Date: Fri, 08 Dec 2023 14:19:23 GMT\r\n
../lib/common.h(32):     Server: Apache/2.2.21 (Win32)\r\n
../lib/common.h(32):     Last-Modified: Mon, 27 May 2013 11:20:22 GMT\r\n
../lib/common.h(32):     ETag: "1e00000002f09b-551-4ddb1559ac980"\r\n
../lib/common.h(32):     Accept-Ranges: bytes\r\n
../lib/common.h(32):     Content-Length: 1361\r\n
../lib/common.h(32):     Keep-Alive: timeout=5, max=100\r\n
../lib/common.h(32):     Connection: Keep-Alive\r\n
../lib/common.h(32):     Content-Type: text/html\r\n
../lib/common.h(32):     \r\n
../lib/common.h(32): t=424ms: 1361-byte response body for "http://localhost:1080/WebTours/home.html" (RelFrameId=1.2, Internal ID=3)
../lib/common.h(32):     <HTML>\n
../lib/common.h(32):     <HEAD>\n
../lib/common.h(32):     \t<title>Web Tours</title>\n
../lib/common.h(32):     </HEAD>\n
../lib/common.h(32):     <style>\n
../lib/common.h(32):     \tblockquote {font-family: tahoma; font-size : 10pt}\n
../lib/common.h(32):     \tH1 {font-family: tahoma; font-size : 22pt; color: #003366}\n
../lib/common.h(32):     \tsmall {font-family: tahoma; font-size : 8pt}\n
../lib/common.h(32):     \tH3{font-family: tahoma; font-size : 10pt; color: black}\n
../lib/common.h(32):     \tA {FONT-WEIGHT: bold; FONT-SIZE: 10pt; COLOR: black; FONT-FAMILY: Tahoma; TEXT-DECORATIO
../lib/common.h(32):     N: none}\n
../lib/common.h(32):     \tA:hover{ FONT-WEIGHT: bold; FONT-SIZE: 10pt; COLOR: #993333; FONT-FAMILY: Tahoma;TEXT-DE
../lib/common.h(32):     CORATION: underline}\n
../lib/common.h(32):     \tTD {font-family: tahoma; font-size : 10pt; color: black}\n
../lib/common.h(32):     </style>\n
../lib/common.h(32):     <body bgcolor="#e0e7f1">\n
../lib/common.h(32):     <BR/>\n
../lib/common.h(32):     <BR/>\n
../lib/common.h(32):     <BR/>\n
../lib/common.h(32):     <br/>\n
../lib/common.h(32):     <table border="0">\n
../lib/common.h(32):     <tr><td></td></tr>\n
../lib/common.h(32):     <TR><TD></TD></TR>\n
../lib/common.h(32):     <TR><TD>\n
../lib/common.h(32):     <blockquote>\n
../lib/common.h(32):     <H1><b>Web Tours</b></H1>\n
../lib/common.h(32):     Welcome to the Web Tours site.\n
../lib/common.h(32):     <br/>\n
../lib/common.h(32):     To make reservations,please enter your account information to the left.\n
../lib/common.h(32):     <br/>\n
../lib/common.h(32):     If you haven't registered yet, <A href="/cgi-bin/login.pl?username=&amp;password=&amp;getI
../lib/common.h(32):     nfo=true" ><B>sign up now</B></A> to get access to all our resources.\n
../lib/common.h(32):     <br/>\n
../lib/common.h(32):     To configure the server options, use <A href="/cgi-bin/admin.pl" target="body" ><b>adminis
../lib/common.h(32):     tration</b></A> link.\n
../lib/common.h(32):     <br/><br/><br/><br/><br/><br/>\n
../lib/common.h(32):     <br/><small>\n
../lib/common.h(32):     This product uses parts of the SMT Kernel, Copyright (c) 1991-99 <A href="http://www.imati
../lib/common.h(32):     x.com" target="new"><B><small>iMatix Corporation</small></B></A> \n
../lib/common.h(32):     </small>\n
../lib/common.h(32):     </blockquote></TD>\n
../lib/common.h(32):     <TD></TD></TR>\n
../lib/common.h(32):     </table>\n
../lib/common.h(32):     </body>\n
../lib/common.h(32):     </HTML>\n
../lib/common.h(32): t=425ms: Request done "http://localhost:1080/WebTours/home.html"  	[MsgId: MMSG-26000]
../lib/common.h(32): t=446ms: 256-byte response headers for "http://localhost:1080/cgi-bin/nav.pl?in=home" (RelFrameId=1.1, Internal ID=2)
../lib/common.h(32):     HTTP/1.1 200 OK\r\n
../lib/common.h(32):     Date: Fri, 08 Dec 2023 14:19:23 GMT\r\n
../lib/common.h(32):     Server: Apache/2.2.21 (Win32)\r\n
../lib/common.h(32):     Expires: Thu, 07 Dec 2023 14:19:23 GMT\r\n
../lib/common.h(32):     Keep-Alive: timeout=5, max=100\r\n
../lib/common.h(32):     Connection: Keep-Alive\r\n
../lib/common.h(32):     Transfer-Encoding: chunked\r\n
../lib/common.h(32):     Content-Type: text/html; charset=ISO-8859-1\r\n
../lib/common.h(32):     \r\n
../lib/common.h(32): t=446ms: 5-byte chunked response overhead for "http://localhost:1080/cgi-bin/nav.pl?in=home" (RelFrameId=1.1, Internal ID=2)
../lib/common.h(32):     5d2\r\n
../lib/common.h(32): t=446ms: 2-byte chunked response overhead for "http://localhost:1080/cgi-bin/nav.pl?in=home" (RelFrameId=1.1, Internal ID=2)
../lib/common.h(32):     \r\n
../lib/common.h(32): t=446ms: 1490-byte chunked response body for "http://localhost:1080/cgi-bin/nav.pl?in=home" (RelFrameId=1.1, Internal ID=2)
../lib/common.h(32):     <!DOCTYPE html\n
../lib/common.h(32):     \tPUBLIC "-//W3C//DTD XHTML 1.0 Transitional//EN"\n
../lib/common.h(32):     \t "http://www.w3.org/TR/xhtml1/DTD/xhtml1-transitional.dtd">\n
../lib/common.h(32):     <html xmlns="http://www.w3.org/1999/xhtml" lang="en-US" xml:lang="en-US">\n
../lib/common.h(32):     <head>\n
../lib/common.h(32):     <title>Web Tours Navigation Bar</title>\n
../lib/common.h(32):     <meta http-equiv="Content-Type" content="text/html; charset=iso-8859-1" />\n
../lib/common.h(32):     </head>\n
../lib/common.h(32):     <body bgcolor="#E0E7F1">\n
../lib/common.h(32):     <style>\n
../lib/common.h(32):     blockquote {font-family: tahoma; font-size : 10pt}\n
../lib/common.h(32):     H1 {font-family: tahoma; font-size : 22pt; color: #993333}\n
../lib/common.h(32):     H3 {font-family: tahoma; font-size : 10pt; color: black}\n
../lib/common.h(32):     small {font-family: tahoma; font-size : 8pt}\n
../lib/common.h(32):     </style>\n
../lib/common.h(32):     <form method="post" action="/cgi-bin/login.pl" target="body">\n
../lib/common.h(32):     <input type="hidden" name="userSession" value="137873.241231268HAQViftpitfiDDDDtcffVpVcQAH
../lib/common.h(32):     f"/>\n
../lib/common.h(32):     <table border="0"><tr><td>&nbsp;</td>\n
../lib/common.h(32):     <td>&nbsp;</td></tr>\n
../lib/common.h(32):     <tr><td>&nbsp;</td>\n
../lib/common.h(32):     <td>&nbsp;</td></tr>\n
../lib/common.h(32):     <tr><td>&nbsp;</td>\n
../lib/common.h(32):     <td><small>&nbsp;Username</small></td></tr>\n
../lib/common.h(32):     <tr><td>&nbsp;</td>\n
../lib/common.h(32):     <td><input type="text" name="username" value="" size="14" maxlength="14"/></td></tr>\n
../lib/common.h(32):     <tr><td>&nbsp;</td>\n
../lib/common.h(32):     <td><small>&nbsp;Password</small></td>\n
../lib/common.h(32):     <tr><td>&nbsp;</td>\n
../lib/common.h(32):     <td><input type="password" name="password" value="" size="14" maxlength="14"/></td></tr>\n
../lib/common.h(32):     <tr><td>&nbsp;</td>\n
../lib/common.h(32):     <td>&nbsp;</td></tr>\n
../lib/common.h(32):     <tr><td>&nbsp;</td>\n
../lib/common.h(32):     <td><input type="image" name="login" value="Login" alt="Login" border="1" \n
../lib/common.h(32):     src="/WebTours/images/mer_login.gif"/></td></tr>\n
../lib/common.h(32):     <tr><td>&nbsp;</td><td>&nbsp;</td></tr>\n
../lib/common.h(32):     </table><input type="hidden" name="JSFormSubmit" value="off"/>\n
../lib/common.h(32):     </form>\n
../lib/common.h(32):     \n
../lib/common.h(32):     </body>\n
../lib/common.h(32):     </html>\n
../lib/common.h(32): Notify: Saving Parameter "userSession = 137873.241231268HAQViftpitfiDDDDtcffVpVcQAHf".	[MsgId: MMSG-13798]
../lib/common.h(32): Found resource "http://localhost:1080/WebTours/images/mer_login.gif" in HTML "http://localhost:1080/cgi-bin/nav.pl?in=home"  	[MsgId: MMSG-26659]
../lib/common.h(32): t=447ms: Already connected [0] to localhost:1080  	[MsgId: MMSG-26000]
../lib/common.h(32): t=447ms: 642-byte request headers for "http://localhost:1080/WebTours/images/mer_login.gif" (RelFrameId=, Internal ID=4)
../lib/common.h(32):     GET /WebTours/images/mer_login.gif HTTP/1.1\r\n
../lib/common.h(32):     Referer: http://localhost:1080/cgi-bin/nav.pl?in=home\r\n
../lib/common.h(32):     Sec-Fetch-Dest: frame\r\n
../lib/common.h(32):     Sec-Fetch-Mode: navigate\r\n
../lib/common.h(32):     Sec-Fetch-Site: same-origin\r\n
../lib/common.h(32):     Upgrade-Insecure-Requests: 1\r\n
../lib/common.h(32):     sec-ch-ua: "Google Chrome";v="105", "Not)A;Brand";v="8", "Chromium";v="105"\r\n
../lib/common.h(32):     sec-ch-ua-mobile: ?0\r\n
../lib/common.h(32):     sec-ch-ua-platform: "Windows"\r\n
../lib/common.h(32):     User-Agent: Mozilla/5.0 (Windows NT 10.0; Win64; x64) AppleWebKit/537.36 (KHTML, like Geck
../lib/common.h(32):     o) Chrome/105.0.0.0 Safari/537.36\r\n
../lib/common.h(32):     Accept-Encoding: gzip, deflate, br\r\n
../lib/common.h(32):     Accept-Language: ru-RU,ru;q=0.9,en-US;q=0.8,en;q=0.7\r\n
../lib/common.h(32):     Accept: */*\r\n
../lib/common.h(32):     Connection: Keep-Alive\r\n
../lib/common.h(32):     Host: localhost:1080\r\n
../lib/common.h(32):     Cookie: MSO=SID&1702045163\r\n
../lib/common.h(32):     \r\n
../lib/common.h(32): t=448ms: 5-byte chunked response overhead for "http://localhost:1080/cgi-bin/nav.pl?in=home" (RelFrameId=1.1, Internal ID=2)
../lib/common.h(32):     0\r\n
../lib/common.h(32):     \r\n
../lib/common.h(32): t=448ms: Request done "http://localhost:1080/cgi-bin/nav.pl?in=home"  	[MsgId: MMSG-26000]
../lib/common.h(32): t=484ms: 298-byte response headers for "http://localhost:1080/WebTours/images/mer_login.gif" (RelFrameId=, Internal ID=4)
../lib/common.h(32):     HTTP/1.1 200 OK\r\n
../lib/common.h(32):     Date: Fri, 08 Dec 2023 14:19:23 GMT\r\n
../lib/common.h(32):     Server: Apache/2.2.21 (Win32)\r\n
../lib/common.h(32):     Last-Modified: Thu, 12 Jan 2012 13:30:27 GMT\r\n
../lib/common.h(32):     ETag: "14000000031555-2a7-4b654c052c2c0"\r\n
../lib/common.h(32):     Accept-Ranges: bytes\r\n
../lib/common.h(32):     Content-Length: 679\r\n
../lib/common.h(32):     Keep-Alive: timeout=5, max=99\r\n
../lib/common.h(32):     Connection: Keep-Alive\r\n
../lib/common.h(32):     Content-Type: image/gif\r\n
../lib/common.h(32):     \r\n
../lib/common.h(32): t=484ms: 679-byte response body for "http://localhost:1080/WebTours/images/mer_login.gif" (RelFrameId=, Internal ID=4)
../lib/common.h(32): t=484ms: Request done "http://localhost:1080/WebTours/images/mer_login.gif"  	[MsgId: MMSG-26000]
../lib/common.h(32): Registered web_reg_find successful for "Text=A Session ID has been created and loaded into a cookie called MSO" (count=1)  	[MsgId: MMSG-26364]
../lib/common.h(32): web_url("welcome.pl") was successful, 4216 body bytes, 1182 header bytes, 24 chunking overhead bytes  	[MsgId: MMSG-26385]
Action.c(10): Notify: Transaction "home_page" ended with a "Pass" status (Duration: 0,0895 Wasted Time: 0,0002).	[MsgId: MMSG-16871]
Action.c(12): lr_think_time: 6,00 seconds.	[MsgId: MMSG-15948]
Action.c(12): Notify: Transaction "UC4_SearchTicket" ended with a "Stop" status (Duration: 2,4816 Wasted Time: 0,0002).	[MsgId: MMSG-16871]
Abort was called from an action.	[MsgId: MMSG-10447]
Ending Vuser...	[MsgId: MMSG-15966]
Starting action vuser_end.	[MsgId: MMSG-15919]
Ending action vuser_end.	[MsgId: MMSG-15918]
Vuser Terminated.	[MsgId: MMSG-15963]
Action.c(12): t=2877ms: Closed connection [0] to localhost:1080 after completing 2 request(s)  	[MsgId: MMSG-26000]
Action.c(12): t=2877ms: Closed connection [1] to localhost:1080 after completing 1 request(s)  	[MsgId: MMSG-26000]
Action.c(12): t=2877ms: Closed connection [2] to localhost:1080 after completing 1 request(s)  	[MsgId: MMSG-26000]
HTML-Mode memory management statistics: Reusable=3, NonReusable=0, CsMemBlockSize=4096, checks disabled  	[MsgId: MMSG-26000]
Vuser 0 (thread 4660), ended OK."	[MsgId: MMSG-10695]
