Virtual User Script started at: 06.12.2023 15:24:39	[MsgId: MMSG-15967]
Starting action vuser_init.	[MsgId: MMSG-15919]
Web Turbo Replay of LoadRunner 12.55.0 for Windows 10; build 911 (июл 24 2017 19:46:00)  	[MsgId: MMSG-26983]
Run mode: HTML  	[MsgId: MMSG-26993]
Replay user agent: Mozilla/5.0 (Windows NT 10.0; Win64; x64) AppleWebKit/537.36 (KHTML, like Gecko) Chrome/105.0.0.0 Safari/537.36  	[MsgId: MMSG-26988]
Run-Time Settings file: "D:\Temp\lr5tmpdireT6.112\lrcfghFd.113\cfgTDt.116"  	[MsgId: MMSG-27141]
Vuser directory: "C:\Users\kurtk\OneDrive\Документы\Controller\Scripts\UC4_SearchTicket"  	[MsgId: MMSG-27052]
Virtual User Script started at: 06.12.2023 15:24:39	[MsgId: MMSG-15967]
Vuser output directory: "C:\Users\kurtk\OneDrive\Документы\Controller\Scripts\UC4_SearchTicket"  	[MsgId: MMSG-27050]
Starting action vuser_init.	[MsgId: MMSG-15919]
Web Turbo Replay of LoadRunner 12.55.0 for Windows 10; build 911 (июл 24 2017 19:46:00)  	[MsgId: MMSG-26983]
Run mode: HTML  	[MsgId: MMSG-26993]
Replay user agent: Mozilla/5.0 (Windows NT 10.0; Win64; x64) AppleWebKit/537.36 (KHTML, like Gecko) Chrome/105.0.0.0 Safari/537.36  	[MsgId: MMSG-26988]
Run-Time Settings file: "D:\Temp\lr5tmpdireT6.112\lrcfghFd.113\cfgTDt.116"  	[MsgId: MMSG-27141]
Vuser directory: "C:\Users\kurtk\OneDrive\Документы\Controller\Scripts\UC4_SearchTicket"  	[MsgId: MMSG-27052]
Vuser output directory: "C:\Users\kurtk\OneDrive\Документы\Controller\Scripts\UC4_SearchTicket"  	[MsgId: MMSG-27050]
Operating system's current working directory: "C:\Users\kurtk\OneDrive\Документы\Controller\Scripts\UC4_SearchTicket"  	[MsgId: MMSG-27048]
UTC (GMT) start date/time   : 2023-12-06 12:24:39  	[MsgId: MMSG-26992]
LOCAL start date/time       : 2023-12-06 15:24:39  	[MsgId: MMSG-26991]
Operating system's current working directory: "C:\Users\kurtk\OneDrive\Документы\Controller\Scripts\UC4_SearchTicket"  	[MsgId: MMSG-27048]
Local daylight-Savings-Time : No  	[MsgId: MMSG-26990]
UTC (GMT) start date/time   : 2023-12-06 12:24:39  	[MsgId: MMSG-26992]
Some of the Run-Time Settings:  	[MsgId: MMSG-27142]
LOCAL start date/time       : 2023-12-06 15:24:39  	[MsgId: MMSG-26991]
    Download non-HTML resources: Yes  	[MsgId: MMSG-27018]
Local daylight-Savings-Time : No  	[MsgId: MMSG-26990]
    Verification checks: No  	[MsgId: MMSG-27017]
Some of the Run-Time Settings:  	[MsgId: MMSG-27142]
    Convert from/to UTF-8: No  	[MsgId: MMSG-27016]
    Download non-HTML resources: Yes  	[MsgId: MMSG-27018]
    Simulate a new user each iteration: Yes  	[MsgId: MMSG-27009]
    Verification checks: No  	[MsgId: MMSG-27017]
    Non-critical item errors as warnings: Yes  	[MsgId: MMSG-27008]
    Convert from/to UTF-8: No  	[MsgId: MMSG-27016]
    HTTP errors as warnings: No  	[MsgId: MMSG-27007]
    Simulate a new user each iteration: Yes  	[MsgId: MMSG-27009]
    WinInet replay instead of Sockets: No  	[MsgId: MMSG-27006]
    Non-critical item errors as warnings: Yes  	[MsgId: MMSG-27008]
    HTTP version: 1.1  	[MsgId: MMSG-27005]
    HTTP errors as warnings: No  	[MsgId: MMSG-27007]
    Keep-Alive HTTP connections: Yes  	[MsgId: MMSG-27004]
    WinInet replay instead of Sockets: No  	[MsgId: MMSG-27006]
    Max self Meta refresh updates: 2  	[MsgId: MMSG-27003]
    HTTP version: 1.1  	[MsgId: MMSG-27005]
    No proxy is used (direct connection to the Internet)  	[MsgId: MMSG-27171]
    Keep-Alive HTTP connections: Yes  	[MsgId: MMSG-27004]
    DNS caching: Yes  	[MsgId: MMSG-27035]
    Max self Meta refresh updates: 2  	[MsgId: MMSG-27003]
    Simulate browser cache: Yes  	[MsgId: MMSG-27034]
    No proxy is used (direct connection to the Internet)  	[MsgId: MMSG-27171]
        Cache URLs requiring content (e.g., HTMLs): Yes  	[MsgId: MMSG-27033]
    DNS caching: Yes  	[MsgId: MMSG-27035]
            Additional URLs requiring content: text/xml;text/plain  	[MsgId: MMSG-27032]
    Simulate browser cache: Yes  	[MsgId: MMSG-27034]
        Check for newer versions every visit to the page: No  	[MsgId: MMSG-27031]
        Cache URLs requiring content (e.g., HTMLs): Yes  	[MsgId: MMSG-27033]
    Page download timeout (sec): 120  	[MsgId: MMSG-27030]
            Additional URLs requiring content: text/xml;text/plain  	[MsgId: MMSG-27032]
        Check for newer versions every visit to the page: No  	[MsgId: MMSG-27031]
    Resource Page Timeout is a Warning: No  	[MsgId: MMSG-27029]
    Page download timeout (sec): 120  	[MsgId: MMSG-27030]
    ContentCheck enabled: Yes  	[MsgId: MMSG-27028]
    Resource Page Timeout is a Warning: No  	[MsgId: MMSG-27029]
    ContentCheck script-level file: "D:\Temp\lr5tmpdireT6.112\lrcfghFd.113\LrwiAedScript.xml"  	[MsgId: MMSG-27027]
    ContentCheck enabled: Yes  	[MsgId: MMSG-27028]
    Enable Web Page Breakdown: Yes  	[MsgId: MMSG-27026]
    ContentCheck script-level file: "D:\Temp\lr5tmpdireT6.112\lrcfghFd.113\LrwiAedScript.xml"  	[MsgId: MMSG-27027]
    Enable connection data points: Yes  	[MsgId: MMSG-27023]
    Enable Web Page Breakdown: No  	[MsgId: MMSG-27026]
    Process socket after reschedule: Yes  	[MsgId: MMSG-27022]
    Enable connection data points: Yes  	[MsgId: MMSG-27023]
    Snapshot on error: No  	[MsgId: MMSG-27021]
    Process socket after reschedule: Yes  	[MsgId: MMSG-27022]
    Define each step as a transaction: No  	[MsgId: MMSG-27020]
    Snapshot on error: No  	[MsgId: MMSG-27021]
    Read beyond Content-Length: No  	[MsgId: MMSG-26994]
    Define each step as a transaction: No  	[MsgId: MMSG-27020]
    Parse HTML Content-Type: TEXT  	[MsgId: MMSG-26999]
    Read beyond Content-Length: No  	[MsgId: MMSG-26994]
    Graph hits per second and HTTP status codes: Yes  	[MsgId: MMSG-26998]
    Parse HTML Content-Type: TEXT  	[MsgId: MMSG-26999]
    Graph response bytes per second: Yes  	[MsgId: MMSG-26997]
    Graph hits per second and HTTP status codes: Yes  	[MsgId: MMSG-26998]
    Graph pages per second: No  	[MsgId: MMSG-26996]
    Graph response bytes per second: Yes  	[MsgId: MMSG-26997]
    Web recorder version ID: 10  	[MsgId: MMSG-26995]
    Graph pages per second: No  	[MsgId: MMSG-26996]
    Web recorder version ID: 10  	[MsgId: MMSG-26995]
Ending action vuser_init.	[MsgId: MMSG-15918]
Ending action vuser_init.	[MsgId: MMSG-15918]
Running Vuser...	[MsgId: MMSG-15964]
Running Vuser...	[MsgId: MMSG-15964]
Starting iteration 1.	[MsgId: MMSG-15968]
Starting iteration 1.	[MsgId: MMSG-15968]
Maximum number of concurrent connections per server: 6  	[MsgId: MMSG-26989]
Maximum number of concurrent connections per server: 6  	[MsgId: MMSG-26989]
Starting action Action.	[MsgId: MMSG-15919]
Starting action Action.	[MsgId: MMSG-15919]
Action.c(4): Notify: Transaction "UC4_SearchTicket" started.	[MsgId: MMSG-16999]
Action.c(4): Notify: Transaction "UC4_SearchTicket" started.	[MsgId: MMSG-16999]
Action.c(6): Notify: Transaction "home_page" started.	[MsgId: MMSG-16999]
Action.c(6): Notify: Transaction "home_page" started.	[MsgId: MMSG-16999]
../lib/common.h(2): web_add_auto_header("Sec-Fetch-Dest") started  	[MsgId: MMSG-26355]
../lib/common.h(2): web_add_auto_header("Sec-Fetch-Dest") started  	[MsgId: MMSG-26355]
../lib/common.h(2): An unrecognized header ("Sec-Fetch-Dest") is being added  	[MsgId: MMSG-26595]
../lib/common.h(2): An unrecognized header ("Sec-Fetch-Dest") is being added  	[MsgId: MMSG-26595]
../lib/common.h(2): "Sec-Fetch-Dest: frame" header registered for adding to requests from all following Action functions  	[MsgId: MMSG-26505]
../lib/common.h(2): "Sec-Fetch-Dest: frame" header registered for adding to requests from all following Action functions  	[MsgId: MMSG-26505]
../lib/common.h(2): web_add_auto_header("Sec-Fetch-Dest") was successful  	[MsgId: MMSG-26392]
../lib/common.h(2): web_add_auto_header("Sec-Fetch-Dest") was successful  	[MsgId: MMSG-26392]
../lib/common.h(5): web_add_auto_header("Sec-Fetch-Mode") started  	[MsgId: MMSG-26355]
../lib/common.h(5): web_add_auto_header("Sec-Fetch-Mode") started  	[MsgId: MMSG-26355]
../lib/common.h(5): An unrecognized header ("Sec-Fetch-Mode") is being added  	[MsgId: MMSG-26595]
../lib/common.h(5): An unrecognized header ("Sec-Fetch-Mode") is being added  	[MsgId: MMSG-26595]
../lib/common.h(5): "Sec-Fetch-Mode: navigate" header registered for adding to requests from all following Action functions  	[MsgId: MMSG-26505]
../lib/common.h(5): "Sec-Fetch-Mode: navigate" header registered for adding to requests from all following Action functions  	[MsgId: MMSG-26505]
../lib/common.h(5): web_add_auto_header("Sec-Fetch-Mode") was successful  	[MsgId: MMSG-26392]
../lib/common.h(5): web_add_auto_header("Sec-Fetch-Mode") was successful  	[MsgId: MMSG-26392]
../lib/common.h(8): web_add_auto_header("Sec-Fetch-Site") started  	[MsgId: MMSG-26355]
../lib/common.h(8): web_add_auto_header("Sec-Fetch-Site") started  	[MsgId: MMSG-26355]
../lib/common.h(8): An unrecognized header ("Sec-Fetch-Site") is being added  	[MsgId: MMSG-26595]
../lib/common.h(8): An unrecognized header ("Sec-Fetch-Site") is being added  	[MsgId: MMSG-26595]
../lib/common.h(8): "Sec-Fetch-Site: same-origin" header registered for adding to requests from all following Action functions  	[MsgId: MMSG-26505]
../lib/common.h(8): "Sec-Fetch-Site: same-origin" header registered for adding to requests from all following Action functions  	[MsgId: MMSG-26505]
../lib/common.h(8): web_add_auto_header("Sec-Fetch-Site") was successful  	[MsgId: MMSG-26392]
../lib/common.h(8): web_add_auto_header("Sec-Fetch-Site") was successful  	[MsgId: MMSG-26392]
../lib/common.h(11): web_add_auto_header("Upgrade-Insecure-Requests") started  	[MsgId: MMSG-26355]
../lib/common.h(11): web_add_auto_header("Upgrade-Insecure-Requests") started  	[MsgId: MMSG-26355]
../lib/common.h(11): An unrecognized header ("Upgrade-Insecure-Requests") is being added  	[MsgId: MMSG-26595]
../lib/common.h(11): An unrecognized header ("Upgrade-Insecure-Requests") is being added  	[MsgId: MMSG-26595]
../lib/common.h(11): "Upgrade-Insecure-Requests: 1" header registered for adding to requests from all following Action functions  	[MsgId: MMSG-26505]
../lib/common.h(11): "Upgrade-Insecure-Requests: 1" header registered for adding to requests from all following Action functions  	[MsgId: MMSG-26505]
../lib/common.h(11): web_add_auto_header("Upgrade-Insecure-Requests") was successful  	[MsgId: MMSG-26392]
../lib/common.h(11): web_add_auto_header("Upgrade-Insecure-Requests") was successful  	[MsgId: MMSG-26392]
../lib/common.h(14): web_add_auto_header("sec-ch-ua") started  	[MsgId: MMSG-26355]
../lib/common.h(14): web_add_auto_header("sec-ch-ua") started  	[MsgId: MMSG-26355]
../lib/common.h(14): An unrecognized header ("sec-ch-ua") is being added  	[MsgId: MMSG-26595]
../lib/common.h(14): An unrecognized header ("sec-ch-ua") is being added  	[MsgId: MMSG-26595]
../lib/common.h(14): "sec-ch-ua: "Google Chrome";v="105", "Not)A;Brand";v="8", "Chromium";v="105"" header registered for adding to requests from all following Action functions  	[MsgId: MMSG-26505]
../lib/common.h(14): "sec-ch-ua: "Google Chrome";v="105", "Not)A;Brand";v="8", "Chromium";v="105"" header registered for adding to requests from all following Action functions  	[MsgId: MMSG-26505]
../lib/common.h(14): web_add_auto_header("sec-ch-ua") was successful  	[MsgId: MMSG-26392]
../lib/common.h(14): web_add_auto_header("sec-ch-ua") was successful  	[MsgId: MMSG-26392]
../lib/common.h(17): web_add_auto_header("sec-ch-ua-mobile") started  	[MsgId: MMSG-26355]
../lib/common.h(17): web_add_auto_header("sec-ch-ua-mobile") started  	[MsgId: MMSG-26355]
../lib/common.h(17): An unrecognized header ("sec-ch-ua-mobile") is being added  	[MsgId: MMSG-26595]
../lib/common.h(17): "sec-ch-ua-mobile: ?0" header registered for adding to requests from all following Action functions  	[MsgId: MMSG-26505]
../lib/common.h(17): An unrecognized header ("sec-ch-ua-mobile") is being added  	[MsgId: MMSG-26595]
../lib/common.h(17): web_add_auto_header("sec-ch-ua-mobile") was successful  	[MsgId: MMSG-26392]
../lib/common.h(17): "sec-ch-ua-mobile: ?0" header registered for adding to requests from all following Action functions  	[MsgId: MMSG-26505]
../lib/common.h(20): web_add_auto_header("sec-ch-ua-platform") started  	[MsgId: MMSG-26355]
../lib/common.h(17): web_add_auto_header("sec-ch-ua-mobile") was successful  	[MsgId: MMSG-26392]
../lib/common.h(20): An unrecognized header ("sec-ch-ua-platform") is being added  	[MsgId: MMSG-26595]
../lib/common.h(20): "sec-ch-ua-platform: "Windows"" header registered for adding to requests from all following Action functions  	[MsgId: MMSG-26505]
../lib/common.h(20): web_add_auto_header("sec-ch-ua-platform") started  	[MsgId: MMSG-26355]
../lib/common.h(20): web_add_auto_header("sec-ch-ua-platform") was successful  	[MsgId: MMSG-26392]
../lib/common.h(20): An unrecognized header ("sec-ch-ua-platform") is being added  	[MsgId: MMSG-26595]
../lib/common.h(20): "sec-ch-ua-platform: "Windows"" header registered for adding to requests from all following Action functions  	[MsgId: MMSG-26505]
../lib/common.h(20): web_add_auto_header("sec-ch-ua-platform") was successful  	[MsgId: MMSG-26392]
../lib/common.h(23): web_reg_save_param_ex started  	[MsgId: MMSG-26355]
../lib/common.h(23): web_reg_save_param_ex started  	[MsgId: MMSG-26355]
../lib/common.h(23): Registering web_reg_save_param_ex was successful  	[MsgId: MMSG-26390]
../lib/common.h(23): Registering web_reg_save_param_ex was successful  	[MsgId: MMSG-26390]
../lib/common.h(30): web_reg_find started  	[MsgId: MMSG-26355]
../lib/common.h(30): web_reg_find started  	[MsgId: MMSG-26355]
../lib/common.h(30): Registering web_reg_find was successful  	[MsgId: MMSG-26390]
../lib/common.h(30): Registering web_reg_find was successful  	[MsgId: MMSG-26390]
../lib/common.h(32): web_url("welcome.pl") started  	[MsgId: MMSG-26355]
../lib/common.h(32): web_url("welcome.pl") started  	[MsgId: MMSG-26355]
../lib/common.h(32): Notify: Parameter Substitution: parameter "protocol" =  "http"	[MsgId: MMSG-13992]
../lib/common.h(32): Notify: Parameter Substitution: parameter "protocol" =  "http"	[MsgId: MMSG-13992]
../lib/common.h(32): Notify: Parameter Substitution: parameter "host" =  "localhost"	[MsgId: MMSG-13992]
../lib/common.h(32): Notify: Parameter Substitution: parameter "host" =  "localhost"	[MsgId: MMSG-13992]
../lib/common.h(32): Notify: Parameter Substitution: parameter "port" =  "1080"	[MsgId: MMSG-13992]
../lib/common.h(32): Notify: Parameter Substitution: parameter "port" =  "1080"	[MsgId: MMSG-13992]
../lib/common.h(32): Notify: Parameter Substitution: parameter "protocol" =  "http"	[MsgId: MMSG-13992]
../lib/common.h(32): Notify: Parameter Substitution: parameter "protocol" =  "http"	[MsgId: MMSG-13992]
../lib/common.h(32): Notify: Parameter Substitution: parameter "host" =  "localhost"	[MsgId: MMSG-13992]
../lib/common.h(32): Notify: Parameter Substitution: parameter "host" =  "localhost"	[MsgId: MMSG-13992]
../lib/common.h(32): Notify: Parameter Substitution: parameter "port" =  "1080"	[MsgId: MMSG-13992]
../lib/common.h(32): Notify: Parameter Substitution: parameter "port" =  "1080"	[MsgId: MMSG-13992]
../lib/common.h(32): t=137ms: Connecting [0] to host 127.0.0.1:1080  	[MsgId: MMSG-26000]
../lib/common.h(32): t=137ms: Connecting [0] to host 127.0.0.1:1080  	[MsgId: MMSG-26000]
../lib/common.h(32): Error -27792: Failed to connect to server "localhost:1080": [10061] Connection refused  	[MsgId: MERR-27792]
../lib/common.h(32): Error -27792: Failed to connect to server "localhost:1080": [10061] Connection refused  	[MsgId: MERR-27792]
../lib/common.h(32): t=2166ms: Closed connection [0] to localhost:1080 after completing 0 request(s)  	[MsgId: MMSG-26000]
../lib/common.h(32): t=2166ms: Closed connection [0] to localhost:1080 after completing 0 request(s)  	[MsgId: MMSG-26000]
../lib/common.h(32): Error -26377: No match found for the requested parameter "userSession". Either the specified boundaries were not found in the response or the matched text is longer than current max html parameter size of 256 bytes. The total length of the response is 0 bytes. You can use "web_set_max_html_param_len" to increase the max parameter size.  	[MsgId: MERR-26377]
../lib/common.h(32): Error -26377: No match found for the requested parameter "userSession". Either the specified boundaries were not found in the response or the matched text is longer than current max html parameter size of 256 bytes. The total length of the response is 0 bytes. You can use "web_set_max_html_param_len" to increase the max parameter size.  	[MsgId: MERR-26377]
../lib/common.h(32): Notify: Saving Parameter "userSession = ".	[MsgId: MMSG-13798]
../lib/common.h(32): Notify: Saving Parameter "userSession = ".	[MsgId: MMSG-13798]
../lib/common.h(32): Error -26366: "Text=A Session ID has been created and loaded into a cookie called MSO" not found for web_reg_find  	[MsgId: MERR-26366]
../lib/common.h(32): Error -26366: "Text=A Session ID has been created and loaded into a cookie called MSO" not found for web_reg_find  	[MsgId: MERR-26366]
../lib/common.h(32): Error -26374: The above "not found" error(s) may be explained by header and body byte counts being 0 and 0, respectively.  	[MsgId: MERR-26374]
../lib/common.h(32): Error -26374: The above "not found" error(s) may be explained by header and body byte counts being 0 and 0, respectively.  	[MsgId: MERR-26374]
../lib/common.h(32): web_url("welcome.pl") highest severity level was "ERROR", 0 body bytes, 0 header bytes  	[MsgId: MMSG-26388]
../lib/common.h(32): web_url("welcome.pl") highest severity level was "ERROR", 0 body bytes, 0 header bytes  	[MsgId: MMSG-26388]
../lib/common.h(32): Notify: Transaction "home_page" ended with a "Fail" status (Duration: 2,0318 Wasted Time: 0,0000).	[MsgId: MMSG-16871]
../lib/common.h(32): Notify: Transaction "home_page" has 4 error message(s).	[MsgId: MMSG-16818]
../lib/common.h(32): Notify: Transaction "home_page" ended with a "Fail" status (Duration: 2,0319 Wasted Time: 0,0001).	[MsgId: MMSG-16871]
../lib/common.h(32): Notify: The 1st error message associated with transaction "home_page" is "Error -27792: Failed to connect to server "localhost:1080": [10061] Connection refused"	[MsgId: MMSG-16819]
../lib/common.h(32): Notify: Transaction "home_page" has 4 error message(s).	[MsgId: MMSG-16818]
../lib/common.h(32): Notify: The 2nd error message associated with transaction "home_page" is "Error -26377: No match found for the requested parameter "userSession". Either the specified boundaries were not found in the response or the matched text is longer than current max html parameter size of 256 bytes. The total length of the response is 0 bytes. You can use "web_set_max_html_param_len" to increase the max parameter size."	[MsgId: MMSG-16819]
../lib/common.h(32): Notify: The 1st error message associated with transaction "home_page" is "Error -27792: Failed to connect to server "localhost:1080": [10061] Connection refused"	[MsgId: MMSG-16819]
../lib/common.h(32): Notify: The 3rd error message associated with transaction "home_page" is "Error -26366: "Text=A Session ID has been created and loaded into a cookie called MSO" not found for web_reg_find"	[MsgId: MMSG-16819]
../lib/common.h(32): Notify: The 2nd error message associated with transaction "home_page" is "Error -26377: No match found for the requested parameter "userSession". Either the specified boundaries were not found in the response or the matched text is longer than current max html parameter size of 256 bytes. The total length of the response is 0 bytes. You can use "web_set_max_html_param_len" to increase the max parameter size."	[MsgId: MMSG-16819]
../lib/common.h(32): Notify: The 4th error message associated with transaction "home_page" is "Error -26374: The above "not found" error(s) may be explained by header and body byte counts being 0 and 0, respectively."	[MsgId: MMSG-16819]
../lib/common.h(32): Notify: The 3rd error message associated with transaction "home_page" is "Error -26366: "Text=A Session ID has been created and loaded into a cookie called MSO" not found for web_reg_find"	[MsgId: MMSG-16819]
../lib/common.h(32): Notify: The 4th error message associated with transaction "home_page" is "Error -26374: The above "not found" error(s) may be explained by header and body byte counts being 0 and 0, respectively."	[MsgId: MMSG-16819]
../lib/common.h(32): Notify: Transaction "UC4_SearchTicket" ended with a "Fail" status (Duration: 2,0318 Wasted Time: 0,0000).	[MsgId: MMSG-16871]
../lib/common.h(32): Notify: Transaction "UC4_SearchTicket" has 4 error message(s).	[MsgId: MMSG-16818]
../lib/common.h(32): Notify: Transaction "UC4_SearchTicket" ended with a "Fail" status (Duration: 2,0319 Wasted Time: 0,0001).	[MsgId: MMSG-16871]
../lib/common.h(32): Notify: The 1st error message associated with transaction "UC4_SearchTicket" is "Error -27792: Failed to connect to server "localhost:1080": [10061] Connection refused"	[MsgId: MMSG-16819]
../lib/common.h(32): Notify: Transaction "UC4_SearchTicket" has 4 error message(s).	[MsgId: MMSG-16818]
../lib/common.h(32): Notify: The 2nd error message associated with transaction "UC4_SearchTicket" is "Error -26377: No match found for the requested parameter "userSession". Either the specified boundaries were not found in the response or the matched text is longer than current max html parameter size of 256 bytes. The total length of the response is 0 bytes. You can use "web_set_max_html_param_len" to increase the max parameter size."	[MsgId: MMSG-16819]
../lib/common.h(32): Notify: The 1st error message associated with transaction "UC4_SearchTicket" is "Error -27792: Failed to connect to server "localhost:1080": [10061] Connection refused"	[MsgId: MMSG-16819]
../lib/common.h(32): Notify: The 3rd error message associated with transaction "UC4_SearchTicket" is "Error -26366: "Text=A Session ID has been created and loaded into a cookie called MSO" not found for web_reg_find"	[MsgId: MMSG-16819]
../lib/common.h(32): Notify: The 2nd error message associated with transaction "UC4_SearchTicket" is "Error -26377: No match found for the requested parameter "userSession". Either the specified boundaries were not found in the response or the matched text is longer than current max html parameter size of 256 bytes. The total length of the response is 0 bytes. You can use "web_set_max_html_param_len" to increase the max parameter size."	[MsgId: MMSG-16819]
../lib/common.h(32): Notify: The 4th error message associated with transaction "UC4_SearchTicket" is "Error -26374: The above "not found" error(s) may be explained by header and body byte counts being 0 and 0, respectively."	[MsgId: MMSG-16819]
../lib/common.h(32): Notify: The 3rd error message associated with transaction "UC4_SearchTicket" is "Error -26366: "Text=A Session ID has been created and loaded into a cookie called MSO" not found for web_reg_find"	[MsgId: MMSG-16819]
../lib/common.h(32): Notify: The 4th error message associated with transaction "UC4_SearchTicket" is "Error -26374: The above "not found" error(s) may be explained by header and body byte counts being 0 and 0, respectively."	[MsgId: MMSG-16819]
Ending action Action.	[MsgId: MMSG-15918]
Ending action Action.	[MsgId: MMSG-15918]
Ending iteration 1.	[MsgId: MMSG-15965]
Ending iteration 1.	[MsgId: MMSG-15965]
Waiting 75,9680 seconds for iteration pacing.	[MsgId: MMSG-15996]
Waiting 75,9680 seconds for iteration pacing.	[MsgId: MMSG-15996]
Action was aborted.	[MsgId: MMSG-10694]
Action was aborted.	[MsgId: MMSG-10694]
Ending Vuser...	[MsgId: MMSG-15966]
Ending Vuser...	[MsgId: MMSG-15966]
Starting action vuser_end.	[MsgId: MMSG-15919]
Starting action vuser_end.	[MsgId: MMSG-15919]
Ending action vuser_end.	[MsgId: MMSG-15918]
Ending action vuser_end.	[MsgId: MMSG-15918]
Vuser Terminated.	[MsgId: MMSG-15963]
Vuser Terminated.	[MsgId: MMSG-15963]
HTML-Mode memory management statistics: Reusable=0, NonReusable=0, CsMemBlockSize=4096, checks disabled  	[MsgId: MMSG-26000]
HTML-Mode memory management statistics: Reusable=0, NonReusable=0, CsMemBlockSize=4096, checks disabled  	[MsgId: MMSG-26000]
Vuser 0 (thread 3312), ended OK."	[MsgId: MMSG-10695]
Vuser 1 (thread 7588), ended OK."	[MsgId: MMSG-10695]
