Warning: Iteration pacing cannot be reached (pace time = 78,00, actual time = 78,52).	[MsgId: MWAR-15995]
Warning: Iteration pacing cannot be reached (pace time = 78,00, actual time = 78,63).	[MsgId: MWAR-15995]
Warning: Iteration pacing cannot be reached (pace time = 78,00, actual time = 79,80).	[MsgId: MWAR-15995]
Warning: Iteration pacing cannot be reached (pace time = 78,00, actual time = 78,42).	[MsgId: MWAR-15995]
Warning: Iteration pacing cannot be reached (pace time = 78,00, actual time = 78,51).	[MsgId: MWAR-15995]
Warning: Iteration pacing cannot be reached (pace time = 78,00, actual time = 81,77).	[MsgId: MWAR-15995]
Warning: Iteration pacing cannot be reached (pace time = 78,00, actual time = 81,47).	[MsgId: MWAR-15995]
Warning: Iteration pacing cannot be reached (pace time = 78,00, actual time = 78,95).	[MsgId: MWAR-15995]
Warning: Iteration pacing cannot be reached (pace time = 78,00, actual time = 78,31).	[MsgId: MWAR-15995]
Warning: Iteration pacing cannot be reached (pace time = 78,00, actual time = 82,42).	[MsgId: MWAR-15995]
Warning: Iteration pacing cannot be reached (pace time = 78,00, actual time = 80,04).	[MsgId: MWAR-15995]
Warning: Iteration pacing cannot be reached (pace time = 78,00, actual time = 78,94).	[MsgId: MWAR-15995]
Warning: Iteration pacing cannot be reached (pace time = 78,00, actual time = 79,04).	[MsgId: MWAR-15995]
Warning: Iteration pacing cannot be reached (pace time = 78,00, actual time = 78,61).	[MsgId: MWAR-15995]
Warning: Iteration pacing cannot be reached (pace time = 78,00, actual time = 79,07).	[MsgId: MWAR-15995]
Warning: Iteration pacing cannot be reached (pace time = 78,00, actual time = 82,13).	[MsgId: MWAR-15995]
Warning: Iteration pacing cannot be reached (pace time = 78,00, actual time = 78,26).	[MsgId: MWAR-15995]
Warning: Iteration pacing cannot be reached (pace time = 78,00, actual time = 79,36).	[MsgId: MWAR-15995]
Warning: Iteration pacing cannot be reached (pace time = 78,00, actual time = 78,52).	[MsgId: MWAR-15995]
Warning: Iteration pacing cannot be reached (pace time = 78,00, actual time = 78,02).	[MsgId: MWAR-15995]
Warning: Iteration pacing cannot be reached (pace time = 78,00, actual time = 80,21).	[MsgId: MWAR-15995]
Warning: Iteration pacing cannot be reached (pace time = 78,00, actual time = 79,16).	[MsgId: MWAR-15995]
Warning: Iteration pacing cannot be reached (pace time = 78,00, actual time = 79,21).	[MsgId: MWAR-15995]
Warning: Iteration pacing cannot be reached (pace time = 78,00, actual time = 78,78).	[MsgId: MWAR-15995]
Warning: Iteration pacing cannot be reached (pace time = 78,00, actual time = 82,27).	[MsgId: MWAR-15995]
Warning: Iteration pacing cannot be reached (pace time = 78,00, actual time = 80,70).	[MsgId: MWAR-15995]
Warning: Iteration pacing cannot be reached (pace time = 78,00, actual time = 78,70).	[MsgId: MWAR-15995]
../lib/common.h(60): Error -27787: Server "localhost" has shut down the connection prematurely  	[MsgId: MERR-27787]
../lib/common.h(83): Error -27787: Server "localhost" has shut down the connection prematurely  	[MsgId: MERR-27787]
../lib/common.h(32): Error -27787: Server "localhost" has shut down the connection prematurely  	[MsgId: MERR-27787]
../lib/common.h(83): Error -27787: Server "localhost" has shut down the connection prematurely  	[MsgId: MERR-27787]
../lib/common.h(60): Error -27787: Server "localhost" has shut down the connection prematurely  	[MsgId: MERR-27787]
../lib/common.h(83): Error -27787: Server "localhost" has shut down the connection prematurely  	[MsgId: MERR-27787]
../lib/common.h(60): Error -27787: Server "localhost" has shut down the connection prematurely  	[MsgId: MERR-27787]
../lib/common.h(83): Error -26366: "Text=User has returned to the search page" not found for web_reg_find  	[MsgId: MERR-26366]
../lib/common.h(32): Error -27787: Server "localhost" has shut down the connection prematurely  	[MsgId: MERR-27787]
../lib/common.h(100): Error -27787: Server "localhost" has shut down the connection prematurely  	[MsgId: MERR-27787]
../lib/common.h(83): Error -27787: Server "localhost" has shut down the connection prematurely  	[MsgId: MERR-27787]
../lib/common.h(60): Error -27787: Server "localhost" has shut down the connection prematurely  	[MsgId: MERR-27787]
../lib/common.h(60): Error -27787: Server "localhost" has shut down the connection prematurely  	[MsgId: MERR-27787]
../lib/common.h(83): Error -26374: The above "not found" error(s) may be explained by header and body byte counts being 0 and 0, respectively.  	[MsgId: MERR-26374]
../lib/common.h(60): Error -27787: Server "localhost" has shut down the connection prematurely  	[MsgId: MERR-27787]
../lib/common.h(308): Error -27787: Server "localhost" has shut down the connection prematurely  	[MsgId: MERR-27787]
../lib/common.h(308): Error -27787: Server "localhost" has shut down the connection prematurely  	[MsgId: MERR-27787]
../lib/common.h(60): Error -27787: Server "localhost" has shut down the connection prematurely  	[MsgId: MERR-27787]
../lib/common.h(60): Error -26366: "Text=User password was correct" not found for web_reg_find  	[MsgId: MERR-26366]
../lib/common.h(308): Error -26366: "Text=Welcome to the Web Tours site." not found for web_reg_find  	[MsgId: MERR-26366]
../lib/common.h(60): Error -26366: "Text=User password was correct" not found for web_reg_find  	[MsgId: MERR-26366]
../lib/common.h(83): Error -26366: "Text=User has returned to the search page" not found for web_reg_find  	[MsgId: MERR-26366]
../lib/common.h(308): Error -26366: "Text=Welcome to the Web Tours site." not found for web_reg_find  	[MsgId: MERR-26366]
../lib/common.h(32): Error -26377: No match found for the requested parameter "userSession". Either the specified boundaries were not found in the response or the matched text is longer than current max html parameter size of 256 bytes. The total length of the response is 686 bytes. You can use "web_set_max_html_param_len" to increase the max parameter size.  	[MsgId: MERR-26377]
../lib/common.h(83): Error -26374: The above "not found" error(s) may be explained by header and body byte counts being 0 and 0, respectively.  	[MsgId: MERR-26374]
../lib/common.h(60): Error -26366: "Text=firstName&Alonza" not found for web_reg_find  	[MsgId: MERR-26366]
../lib/common.h(308): Error -26374: The above "not found" error(s) may be explained by header and body byte counts being 0 and 0, respectively.  	[MsgId: MERR-26374]
../lib/common.h(60): Error -26366: "Text=firstName&Barton" not found for web_reg_find  	[MsgId: MERR-26366]
../lib/common.h(308): Error -26374: The above "not found" error(s) may be explained by header and body byte counts being 0 and 0, respectively.  	[MsgId: MERR-26374]
../lib/common.h(60): Error -26366: "Text=lastName&Ciubotaru" not found for web_reg_find  	[MsgId: MERR-26366]
../lib/common.h(60): Error -26366: "Text=lastName&Andreani" not found for web_reg_find  	[MsgId: MERR-26366]
../lib/common.h(60): Error -26374: The above "not found" error(s) may be explained by header and body byte counts being 0 and 0, respectively.  	[MsgId: MERR-26374]
../lib/common.h(60): Error -26366: "Text=User password was correct" not found for web_reg_find  	[MsgId: MERR-26366]
../lib/common.h(100): Error -26366: "Text=firstName" value="Oscar" not found for web_reg_find  	[MsgId: MERR-26366]
../lib/common.h(60): Error -26374: The above "not found" error(s) may be explained by header and body byte counts being 0 and 0, respectively.  	[MsgId: MERR-26374]
../lib/common.h(60): Error -26366: "Text=firstName&Fate" not found for web_reg_find  	[MsgId: MERR-26366]
../lib/common.h(100): Error -26366: "Text=lastName" value="Choya" not found for web_reg_find  	[MsgId: MERR-26366]
../lib/common.h(60): Error -26366: "Text=lastName&Salisbury" not found for web_reg_find  	[MsgId: MERR-26366]
../lib/common.h(100): Error -26366: "Text=value="Oscar Choya" not found for web_reg_find  	[MsgId: MERR-26366]
../lib/common.h(60): Error -26374: The above "not found" error(s) may be explained by header and body byte counts being 0 and 0, respectively.  	[MsgId: MERR-26374]
../lib/common.h(100): Error -26374: The above "not found" error(s) may be explained by header and body byte counts being 0 and 0, respectively.  	[MsgId: MERR-26374]
../lib/common.h(100): Error -27792: Failed to connect to server "localhost:1080": [10061] Connection refused  	[MsgId: MERR-27792]
../lib/common.h(100): Error -26366: "Text=firstName" value="Alvis" not found for web_reg_find  	[MsgId: MERR-26366]
../lib/common.h(100): Error -26366: "Text=lastName" value="Irazabaleta" not found for web_reg_find  	[MsgId: MERR-26366]
../lib/common.h(100): Error -26366: "Text=value="Alvis Irazabaleta" not found for web_reg_find  	[MsgId: MERR-26366]
../lib/common.h(100): Error -26374: The above "not found" error(s) may be explained by header and body byte counts being 0 and 0, respectively.  	[MsgId: MERR-26374]
../lib/common.h(32): Error -27792: Failed to connect to server "localhost:1080": [10061] Connection refused  	[MsgId: MERR-27792]
../lib/common.h(32): Error -26377: No match found for the requested parameter "userSession". Either the specified boundaries were not found in the response or the matched text is longer than current max html parameter size of 256 bytes. The total length of the response is 0 bytes. You can use "web_set_max_html_param_len" to increase the max parameter size.  	[MsgId: MERR-26377]
../lib/common.h(32): Error -26366: "Text=A Session ID has been created and loaded into a cookie called MSO" not found for web_reg_find  	[MsgId: MERR-26366]
../lib/common.h(32): Error -26374: The above "not found" error(s) may be explained by header and body byte counts being 0 and 0, respectively.  	[MsgId: MERR-26374]
../lib/common.h(150): Error -27792: Failed to connect to server "localhost:1080": [10061] Connection refused  	[MsgId: MERR-27792]
../lib/common.h(150): Error -27792: Failed to connect to server "localhost:1080": [10061] Connection refused  	[MsgId: MERR-27792]
../lib/common.h(150): Error -26366: "Text=Flight departing from <B>San Francisco</B> to <B>Seattle</B> on <B>12/11/2023</B>" not found for web_reg_find  	[MsgId: MERR-26366]
../lib/common.h(150): Error -26366: "Text=Flight departing from <B>Denver</B> to <B>Frankfurt</B> on <B>12/11/2023</B>" not found for web_reg_find  	[MsgId: MERR-26366]
../lib/common.h(150): Error -26377: No match found for the requested parameter "outboundFlight". Either the specified boundaries were not found in the response or the matched text is longer than current max html parameter size of 256 bytes. The total length of the response is 0 bytes. You can use "web_set_max_html_param_len" to increase the max parameter size.  	[MsgId: MERR-26377]
../lib/common.h(150): Error -26377: No match found for the requested parameter "outboundFlight". Either the specified boundaries were not found in the response or the matched text is longer than current max html parameter size of 256 bytes. The total length of the response is 0 bytes. You can use "web_set_max_html_param_len" to increase the max parameter size.  	[MsgId: MERR-26377]
../lib/common.h(150): Error -26374: The above "not found" error(s) may be explained by header and body byte counts being 0 and 0, respectively.  	[MsgId: MERR-26374]
../lib/common.h(150): Error -26374: The above "not found" error(s) may be explained by header and body byte counts being 0 and 0, respectively.  	[MsgId: MERR-26374]
../lib/common.h(32): Error -27792: Failed to connect to server "localhost:1080": [10061] Connection refused  	[MsgId: MERR-27792]
../lib/common.h(32): Error -26377: No match found for the requested parameter "userSession". Either the specified boundaries were not found in the response or the matched text is longer than current max html parameter size of 256 bytes. The total length of the response is 0 bytes. You can use "web_set_max_html_param_len" to increase the max parameter size.  	[MsgId: MERR-26377]
../lib/common.h(32): Error -26366: "Text=A Session ID has been created and loaded into a cookie called MSO" not found for web_reg_find  	[MsgId: MERR-26366]
../lib/common.h(32): Error -26374: The above "not found" error(s) may be explained by header and body byte counts being 0 and 0, respectively.  	[MsgId: MERR-26374]
../lib/common.h(32): Error -27792: Failed to connect to server "localhost:1080": [10061] Connection refused  	[MsgId: MERR-27792]
../lib/common.h(32): Error -26377: No match found for the requested parameter "userSession". Either the specified boundaries were not found in the response or the matched text is longer than current max html parameter size of 256 bytes. The total length of the response is 0 bytes. You can use "web_set_max_html_param_len" to increase the max parameter size.  	[MsgId: MERR-26377]
../lib/common.h(32): Error -26366: "Text=A Session ID has been created and loaded into a cookie called MSO" not found for web_reg_find  	[MsgId: MERR-26366]
../lib/common.h(32): Error -26374: The above "not found" error(s) may be explained by header and body byte counts being 0 and 0, respectively.  	[MsgId: MERR-26374]
../lib/common.h(32): Error -27792: Failed to connect to server "localhost:1080": [10061] Connection refused  	[MsgId: MERR-27792]
../lib/common.h(32): Error -26377: No match found for the requested parameter "userSession". Either the specified boundaries were not found in the response or the matched text is longer than current max html parameter size of 256 bytes. The total length of the response is 0 bytes. You can use "web_set_max_html_param_len" to increase the max parameter size.  	[MsgId: MERR-26377]
../lib/common.h(32): Error -26366: "Text=A Session ID has been created and loaded into a cookie called MSO" not found for web_reg_find  	[MsgId: MERR-26366]
../lib/common.h(32): Error -26374: The above "not found" error(s) may be explained by header and body byte counts being 0 and 0, respectively.  	[MsgId: MERR-26374]
