../lib/common.h(32): Error -26612: HTTP Status-Code=500 (Internal Server Error) for "http://localhost:1080/cgi-bin/welcome.pl?signOff=true"  	[MsgId: MERR-26612]
../lib/common.h(32): Error -26377: No match found for the requested parameter "userSession". Either the specified boundaries were not found in the response or the matched text is longer than current max html parameter size of 256 bytes. The total length of the response is 535 bytes. You can use "web_set_max_html_param_len" to increase the max parameter size.  	[MsgId: MERR-26377]
../lib/common.h(32): Error -26366: "Text=A Session ID has been created and loaded into a cookie called MSO" not found for web_reg_find  	[MsgId: MERR-26366]
../lib/common.h(60): Error -26612: HTTP Status-Code=500 (Internal Server Error) for "http://localhost:1080/cgi-bin/login.pl"  	[MsgId: MERR-26612]
../lib/common.h(60): Error -26366: "Text=User password was correct" not found for web_reg_find  	[MsgId: MERR-26366]
../lib/common.h(60): Error -26366: "Text=firstName&Leland" not found for web_reg_find  	[MsgId: MERR-26366]
../lib/common.h(60): Error -26366: "Text=lastName&Sagoo" not found for web_reg_find  	[MsgId: MERR-26366]
Warning: Iteration pacing cannot be reached (pace time = 100,00, actual time = 100,17).	[MsgId: MWAR-15995]
Warning: Iteration pacing cannot be reached (pace time = 100,00, actual time = 103,56).	[MsgId: MWAR-15995]
Warning: Iteration pacing cannot be reached (pace time = 100,00, actual time = 103,70).	[MsgId: MWAR-15995]
Warning: Iteration pacing cannot be reached (pace time = 100,00, actual time = 103,83).	[MsgId: MWAR-15995]
Warning: Iteration pacing cannot be reached (pace time = 100,00, actual time = 104,17).	[MsgId: MWAR-15995]
Warning: Iteration pacing cannot be reached (pace time = 100,00, actual time = 104,32).	[MsgId: MWAR-15995]
Warning: Iteration pacing cannot be reached (pace time = 100,00, actual time = 104,05).	[MsgId: MWAR-15995]
Warning: Iteration pacing cannot be reached (pace time = 100,00, actual time = 103,73).	[MsgId: MWAR-15995]
Warning: Iteration pacing cannot be reached (pace time = 100,00, actual time = 106,37).	[MsgId: MWAR-15995]
Warning: Iteration pacing cannot be reached (pace time = 100,00, actual time = 106,53).	[MsgId: MWAR-15995]
Warning: Iteration pacing cannot be reached (pace time = 100,00, actual time = 109,00).	[MsgId: MWAR-15995]
Warning: Iteration pacing cannot be reached (pace time = 100,00, actual time = 103,33).	[MsgId: MWAR-15995]
Warning: Iteration pacing cannot be reached (pace time = 100,00, actual time = 103,15).	[MsgId: MWAR-15995]
Warning: Iteration pacing cannot be reached (pace time = 100,00, actual time = 107,36).	[MsgId: MWAR-15995]
Warning: Iteration pacing cannot be reached (pace time = 100,00, actual time = 107,30).	[MsgId: MWAR-15995]
Warning: Iteration pacing cannot be reached (pace time = 100,00, actual time = 103,09).	[MsgId: MWAR-15995]
Warning: Iteration pacing cannot be reached (pace time = 100,00, actual time = 106,46).	[MsgId: MWAR-15995]
Warning: Iteration pacing cannot be reached (pace time = 100,00, actual time = 112,86).	[MsgId: MWAR-15995]
Warning: Iteration pacing cannot be reached (pace time = 100,00, actual time = 102,36).	[MsgId: MWAR-15995]
Warning: Iteration pacing cannot be reached (pace time = 100,00, actual time = 102,34).	[MsgId: MWAR-15995]
Warning: Iteration pacing cannot be reached (pace time = 100,00, actual time = 105,53).	[MsgId: MWAR-15995]
Warning: Iteration pacing cannot be reached (pace time = 100,00, actual time = 106,87).	[MsgId: MWAR-15995]
Warning: Iteration pacing cannot be reached (pace time = 100,00, actual time = 104,49).	[MsgId: MWAR-15995]
Warning: Iteration pacing cannot be reached (pace time = 100,00, actual time = 102,12).	[MsgId: MWAR-15995]
Warning: Iteration pacing cannot be reached (pace time = 100,00, actual time = 106,57).	[MsgId: MWAR-15995]
Warning: Iteration pacing cannot be reached (pace time = 100,00, actual time = 100,54).	[MsgId: MWAR-15995]
Warning: Iteration pacing cannot be reached (pace time = 100,00, actual time = 105,24).	[MsgId: MWAR-15995]
Warning: Iteration pacing cannot be reached (pace time = 100,00, actual time = 103,67).	[MsgId: MWAR-15995]
Warning: Iteration pacing cannot be reached (pace time = 100,00, actual time = 103,77).	[MsgId: MWAR-15995]
Warning: Iteration pacing cannot be reached (pace time = 100,00, actual time = 106,34).	[MsgId: MWAR-15995]
Warning: Iteration pacing cannot be reached (pace time = 100,00, actual time = 103,41).	[MsgId: MWAR-15995]
Warning: Iteration pacing cannot be reached (pace time = 100,00, actual time = 101,97).	[MsgId: MWAR-15995]
Warning: Iteration pacing cannot be reached (pace time = 100,00, actual time = 103,52).	[MsgId: MWAR-15995]
Warning: Iteration pacing cannot be reached (pace time = 100,00, actual time = 106,01).	[MsgId: MWAR-15995]
Warning: Iteration pacing cannot be reached (pace time = 100,00, actual time = 102,81).	[MsgId: MWAR-15995]
Warning: Iteration pacing cannot be reached (pace time = 100,00, actual time = 100,06).	[MsgId: MWAR-15995]
Warning: Iteration pacing cannot be reached (pace time = 100,00, actual time = 103,12).	[MsgId: MWAR-15995]
Warning: Iteration pacing cannot be reached (pace time = 100,00, actual time = 105,00).	[MsgId: MWAR-15995]
Warning: Iteration pacing cannot be reached (pace time = 100,00, actual time = 105,87).	[MsgId: MWAR-15995]
Warning: Iteration pacing cannot be reached (pace time = 100,00, actual time = 106,12).	[MsgId: MWAR-15995]
Warning: Iteration pacing cannot be reached (pace time = 100,00, actual time = 107,46).	[MsgId: MWAR-15995]
Warning: Iteration pacing cannot be reached (pace time = 100,00, actual time = 107,45).	[MsgId: MWAR-15995]
Warning: Iteration pacing cannot be reached (pace time = 100,00, actual time = 107,81).	[MsgId: MWAR-15995]
Warning: Iteration pacing cannot be reached (pace time = 100,00, actual time = 102,52).	[MsgId: MWAR-15995]
Warning: Iteration pacing cannot be reached (pace time = 100,00, actual time = 103,69).	[MsgId: MWAR-15995]
Warning: Iteration pacing cannot be reached (pace time = 100,00, actual time = 102,83).	[MsgId: MWAR-15995]
Warning: Iteration pacing cannot be reached (pace time = 100,00, actual time = 102,37).	[MsgId: MWAR-15995]
Warning: Iteration pacing cannot be reached (pace time = 100,00, actual time = 102,36).	[MsgId: MWAR-15995]
Warning: Iteration pacing cannot be reached (pace time = 100,00, actual time = 108,01).	[MsgId: MWAR-15995]
Warning: Iteration pacing cannot be reached (pace time = 100,00, actual time = 102,41).	[MsgId: MWAR-15995]
Warning: Iteration pacing cannot be reached (pace time = 100,00, actual time = 104,58).	[MsgId: MWAR-15995]
Warning: Iteration pacing cannot be reached (pace time = 100,00, actual time = 104,04).	[MsgId: MWAR-15995]
Warning: Iteration pacing cannot be reached (pace time = 100,00, actual time = 105,09).	[MsgId: MWAR-15995]
Warning: Iteration pacing cannot be reached (pace time = 100,00, actual time = 101,05).	[MsgId: MWAR-15995]
Warning: Iteration pacing cannot be reached (pace time = 100,00, actual time = 100,47).	[MsgId: MWAR-15995]
Warning: Iteration pacing cannot be reached (pace time = 100,00, actual time = 100,58).	[MsgId: MWAR-15995]
Warning: Iteration pacing cannot be reached (pace time = 100,00, actual time = 100,55).	[MsgId: MWAR-15995]
Warning: Iteration pacing cannot be reached (pace time = 100,00, actual time = 101,39).	[MsgId: MWAR-15995]
Warning: Iteration pacing cannot be reached (pace time = 100,00, actual time = 106,20).	[MsgId: MWAR-15995]
Warning: Iteration pacing cannot be reached (pace time = 100,00, actual time = 107,25).	[MsgId: MWAR-15995]
Warning: Iteration pacing cannot be reached (pace time = 100,00, actual time = 108,14).	[MsgId: MWAR-15995]
Warning: Iteration pacing cannot be reached (pace time = 100,00, actual time = 104,46).	[MsgId: MWAR-15995]
Warning: Iteration pacing cannot be reached (pace time = 100,00, actual time = 102,84).	[MsgId: MWAR-15995]
Warning: Iteration pacing cannot be reached (pace time = 100,00, actual time = 104,12).	[MsgId: MWAR-15995]
Warning: Iteration pacing cannot be reached (pace time = 100,00, actual time = 107,76).	[MsgId: MWAR-15995]
Warning: Iteration pacing cannot be reached (pace time = 100,00, actual time = 102,92).	[MsgId: MWAR-15995]
Warning: Iteration pacing cannot be reached (pace time = 100,00, actual time = 105,83).	[MsgId: MWAR-15995]
../lib/common.h(150): Error -26612: HTTP Status-Code=500 (Internal Server Error) for "http://localhost:1080/cgi-bin/reservations.pl"  	[MsgId: MERR-26612]
../lib/common.h(150): Error -26366: "Text=Flight departing from <B>Paris</B> to <B>Portland</B> on <B>12/11/2023</B>" not found for web_reg_find  	[MsgId: MERR-26366]
../lib/common.h(150): Error -26377: No match found for the requested parameter "outboundFlight". Either the specified boundaries were not found in the response or the matched text is longer than current max html parameter size of 256 bytes. The total length of the response is 535 bytes. You can use "web_set_max_html_param_len" to increase the max parameter size.  	[MsgId: MERR-26377]
Warning: Iteration pacing cannot be reached (pace time = 100,00, actual time = 108,14).	[MsgId: MWAR-15995]
Warning: Iteration pacing cannot be reached (pace time = 100,00, actual time = 100,23).	[MsgId: MWAR-15995]
Warning: Iteration pacing cannot be reached (pace time = 100,00, actual time = 100,64).	[MsgId: MWAR-15995]
Warning: Iteration pacing cannot be reached (pace time = 100,00, actual time = 101,92).	[MsgId: MWAR-15995]
Warning: Iteration pacing cannot be reached (pace time = 100,00, actual time = 100,26).	[MsgId: MWAR-15995]
Warning: Iteration pacing cannot be reached (pace time = 100,00, actual time = 100,96).	[MsgId: MWAR-15995]
Warning: Iteration pacing cannot be reached (pace time = 100,00, actual time = 103,23).	[MsgId: MWAR-15995]
Warning: Iteration pacing cannot be reached (pace time = 100,00, actual time = 105,59).	[MsgId: MWAR-15995]
Warning: Iteration pacing cannot be reached (pace time = 100,00, actual time = 100,62).	[MsgId: MWAR-15995]
Warning: Iteration pacing cannot be reached (pace time = 100,00, actual time = 108,16).	[MsgId: MWAR-15995]
Warning: Iteration pacing cannot be reached (pace time = 100,00, actual time = 103,48).	[MsgId: MWAR-15995]
Warning: Iteration pacing cannot be reached (pace time = 100,00, actual time = 106,53).	[MsgId: MWAR-15995]
Warning: Iteration pacing cannot be reached (pace time = 100,00, actual time = 101,03).	[MsgId: MWAR-15995]
Warning: Iteration pacing cannot be reached (pace time = 100,00, actual time = 101,78).	[MsgId: MWAR-15995]
Warning: Iteration pacing cannot be reached (pace time = 100,00, actual time = 102,18).	[MsgId: MWAR-15995]
Warning: Iteration pacing cannot be reached (pace time = 100,00, actual time = 104,36).	[MsgId: MWAR-15995]
Warning: Iteration pacing cannot be reached (pace time = 100,00, actual time = 108,08).	[MsgId: MWAR-15995]
Warning: Iteration pacing cannot be reached (pace time = 100,00, actual time = 107,64).	[MsgId: MWAR-15995]
Warning: Iteration pacing cannot be reached (pace time = 100,00, actual time = 107,93).	[MsgId: MWAR-15995]
Warning: Iteration pacing cannot be reached (pace time = 100,00, actual time = 102,42).	[MsgId: MWAR-15995]
Warning: Iteration pacing cannot be reached (pace time = 100,00, actual time = 105,83).	[MsgId: MWAR-15995]
Warning: Iteration pacing cannot be reached (pace time = 100,00, actual time = 103,77).	[MsgId: MWAR-15995]
Warning: Iteration pacing cannot be reached (pace time = 100,00, actual time = 102,88).	[MsgId: MWAR-15995]
Warning: Iteration pacing cannot be reached (pace time = 100,00, actual time = 101,32).	[MsgId: MWAR-15995]
Warning: Iteration pacing cannot be reached (pace time = 100,00, actual time = 101,91).	[MsgId: MWAR-15995]
Warning: Iteration pacing cannot be reached (pace time = 100,00, actual time = 103,56).	[MsgId: MWAR-15995]
Warning: Iteration pacing cannot be reached (pace time = 100,00, actual time = 105,15).	[MsgId: MWAR-15995]
Warning: Iteration pacing cannot be reached (pace time = 100,00, actual time = 102,65).	[MsgId: MWAR-15995]
Warning: Iteration pacing cannot be reached (pace time = 100,00, actual time = 103,07).	[MsgId: MWAR-15995]
Warning: Iteration pacing cannot be reached (pace time = 100,00, actual time = 106,21).	[MsgId: MWAR-15995]
Warning: Iteration pacing cannot be reached (pace time = 100,00, actual time = 105,59).	[MsgId: MWAR-15995]
Warning: Iteration pacing cannot be reached (pace time = 100,00, actual time = 101,35).	[MsgId: MWAR-15995]
Warning: Iteration pacing cannot be reached (pace time = 100,00, actual time = 100,75).	[MsgId: MWAR-15995]
Warning: Iteration pacing cannot be reached (pace time = 100,00, actual time = 104,06).	[MsgId: MWAR-15995]
Warning: Iteration pacing cannot be reached (pace time = 100,00, actual time = 102,42).	[MsgId: MWAR-15995]
Warning: Iteration pacing cannot be reached (pace time = 100,00, actual time = 109,99).	[MsgId: MWAR-15995]
Warning: Iteration pacing cannot be reached (pace time = 100,00, actual time = 101,38).	[MsgId: MWAR-15995]
Warning: Iteration pacing cannot be reached (pace time = 100,00, actual time = 102,45).	[MsgId: MWAR-15995]
Warning: Iteration pacing cannot be reached (pace time = 100,00, actual time = 101,81).	[MsgId: MWAR-15995]
Warning: Iteration pacing cannot be reached (pace time = 100,00, actual time = 104,63).	[MsgId: MWAR-15995]
Warning: Iteration pacing cannot be reached (pace time = 100,00, actual time = 107,37).	[MsgId: MWAR-15995]
Warning: Iteration pacing cannot be reached (pace time = 100,00, actual time = 101,26).	[MsgId: MWAR-15995]
Warning: Iteration pacing cannot be reached (pace time = 100,00, actual time = 103,77).	[MsgId: MWAR-15995]
Warning: Iteration pacing cannot be reached (pace time = 100,00, actual time = 105,24).	[MsgId: MWAR-15995]
Warning: Iteration pacing cannot be reached (pace time = 100,00, actual time = 105,66).	[MsgId: MWAR-15995]
Warning: Iteration pacing cannot be reached (pace time = 100,00, actual time = 101,83).	[MsgId: MWAR-15995]
Warning: Iteration pacing cannot be reached (pace time = 100,00, actual time = 104,67).	[MsgId: MWAR-15995]
Warning: Iteration pacing cannot be reached (pace time = 100,00, actual time = 107,57).	[MsgId: MWAR-15995]
Warning: Iteration pacing cannot be reached (pace time = 100,00, actual time = 109,44).	[MsgId: MWAR-15995]
Warning: Iteration pacing cannot be reached (pace time = 100,00, actual time = 102,27).	[MsgId: MWAR-15995]
Warning: Iteration pacing cannot be reached (pace time = 100,00, actual time = 102,92).	[MsgId: MWAR-15995]
Warning: Iteration pacing cannot be reached (pace time = 100,00, actual time = 101,58).	[MsgId: MWAR-15995]
Warning: Iteration pacing cannot be reached (pace time = 100,00, actual time = 104,88).	[MsgId: MWAR-15995]
Warning: Iteration pacing cannot be reached (pace time = 100,00, actual time = 105,50).	[MsgId: MWAR-15995]
Warning: Iteration pacing cannot be reached (pace time = 100,00, actual time = 103,87).	[MsgId: MWAR-15995]
Warning: Iteration pacing cannot be reached (pace time = 100,00, actual time = 105,81).	[MsgId: MWAR-15995]
Warning: Iteration pacing cannot be reached (pace time = 100,00, actual time = 102,16).	[MsgId: MWAR-15995]
Warning: Iteration pacing cannot be reached (pace time = 100,00, actual time = 102,87).	[MsgId: MWAR-15995]
Warning: Iteration pacing cannot be reached (pace time = 100,00, actual time = 105,45).	[MsgId: MWAR-15995]
Warning: Iteration pacing cannot be reached (pace time = 100,00, actual time = 106,34).	[MsgId: MWAR-15995]
Warning: Iteration pacing cannot be reached (pace time = 100,00, actual time = 100,12).	[MsgId: MWAR-15995]
Warning: Iteration pacing cannot be reached (pace time = 100,00, actual time = 100,28).	[MsgId: MWAR-15995]
Warning: Iteration pacing cannot be reached (pace time = 100,00, actual time = 104,38).	[MsgId: MWAR-15995]
Warning: Iteration pacing cannot be reached (pace time = 100,00, actual time = 105,74).	[MsgId: MWAR-15995]
Warning: Iteration pacing cannot be reached (pace time = 100,00, actual time = 103,80).	[MsgId: MWAR-15995]
Warning: Iteration pacing cannot be reached (pace time = 100,00, actual time = 103,89).	[MsgId: MWAR-15995]
Warning: Iteration pacing cannot be reached (pace time = 100,00, actual time = 106,82).	[MsgId: MWAR-15995]
Warning: Iteration pacing cannot be reached (pace time = 100,00, actual time = 108,52).	[MsgId: MWAR-15995]
Warning: Iteration pacing cannot be reached (pace time = 100,00, actual time = 100,05).	[MsgId: MWAR-15995]
Warning: Iteration pacing cannot be reached (pace time = 100,00, actual time = 106,46).	[MsgId: MWAR-15995]
Warning: Iteration pacing cannot be reached (pace time = 100,00, actual time = 101,72).	[MsgId: MWAR-15995]
Warning: Iteration pacing cannot be reached (pace time = 100,00, actual time = 101,24).	[MsgId: MWAR-15995]
Warning: Iteration pacing cannot be reached (pace time = 100,00, actual time = 108,44).	[MsgId: MWAR-15995]
Warning: Iteration pacing cannot be reached (pace time = 100,00, actual time = 103,25).	[MsgId: MWAR-15995]
Warning: Iteration pacing cannot be reached (pace time = 100,00, actual time = 113,25).	[MsgId: MWAR-15995]
Warning: Iteration pacing cannot be reached (pace time = 100,00, actual time = 102,27).	[MsgId: MWAR-15995]
Warning: Iteration pacing cannot be reached (pace time = 100,00, actual time = 102,35).	[MsgId: MWAR-15995]
Warning: Iteration pacing cannot be reached (pace time = 100,00, actual time = 102,30).	[MsgId: MWAR-15995]
Warning: Iteration pacing cannot be reached (pace time = 100,00, actual time = 101,06).	[MsgId: MWAR-15995]
Warning: Iteration pacing cannot be reached (pace time = 100,00, actual time = 102,47).	[MsgId: MWAR-15995]
Warning: Iteration pacing cannot be reached (pace time = 100,00, actual time = 104,72).	[MsgId: MWAR-15995]
Warning: Iteration pacing cannot be reached (pace time = 100,00, actual time = 104,76).	[MsgId: MWAR-15995]
Warning: Iteration pacing cannot be reached (pace time = 100,00, actual time = 100,24).	[MsgId: MWAR-15995]
Warning: Iteration pacing cannot be reached (pace time = 100,00, actual time = 104,94).	[MsgId: MWAR-15995]
Warning: Iteration pacing cannot be reached (pace time = 100,00, actual time = 108,48).	[MsgId: MWAR-15995]
Warning: Iteration pacing cannot be reached (pace time = 100,00, actual time = 107,19).	[MsgId: MWAR-15995]
Warning: Iteration pacing cannot be reached (pace time = 100,00, actual time = 102,63).	[MsgId: MWAR-15995]
Warning: Iteration pacing cannot be reached (pace time = 100,00, actual time = 101,30).	[MsgId: MWAR-15995]
Warning: Iteration pacing cannot be reached (pace time = 100,00, actual time = 101,34).	[MsgId: MWAR-15995]
Warning: Iteration pacing cannot be reached (pace time = 100,00, actual time = 100,53).	[MsgId: MWAR-15995]
Warning: Iteration pacing cannot be reached (pace time = 100,00, actual time = 108,79).	[MsgId: MWAR-15995]
Warning: Iteration pacing cannot be reached (pace time = 100,00, actual time = 101,56).	[MsgId: MWAR-15995]
Warning: Iteration pacing cannot be reached (pace time = 100,00, actual time = 106,94).	[MsgId: MWAR-15995]
Warning: Iteration pacing cannot be reached (pace time = 100,00, actual time = 107,50).	[MsgId: MWAR-15995]
Warning: Iteration pacing cannot be reached (pace time = 100,00, actual time = 107,51).	[MsgId: MWAR-15995]
Warning: Iteration pacing cannot be reached (pace time = 100,00, actual time = 105,24).	[MsgId: MWAR-15995]
Warning: Iteration pacing cannot be reached (pace time = 100,00, actual time = 110,42).	[MsgId: MWAR-15995]
Warning: Iteration pacing cannot be reached (pace time = 100,00, actual time = 106,18).	[MsgId: MWAR-15995]
Warning: Iteration pacing cannot be reached (pace time = 100,00, actual time = 100,92).	[MsgId: MWAR-15995]
Warning: Iteration pacing cannot be reached (pace time = 100,00, actual time = 108,43).	[MsgId: MWAR-15995]
Warning: Iteration pacing cannot be reached (pace time = 100,00, actual time = 109,30).	[MsgId: MWAR-15995]
Warning: Iteration pacing cannot be reached (pace time = 100,00, actual time = 108,87).	[MsgId: MWAR-15995]
Warning: Iteration pacing cannot be reached (pace time = 100,00, actual time = 111,32).	[MsgId: MWAR-15995]
Warning: Iteration pacing cannot be reached (pace time = 100,00, actual time = 110,50).	[MsgId: MWAR-15995]
Warning: Iteration pacing cannot be reached (pace time = 100,00, actual time = 107,89).	[MsgId: MWAR-15995]
Warning: Iteration pacing cannot be reached (pace time = 100,00, actual time = 107,47).	[MsgId: MWAR-15995]
Warning: Iteration pacing cannot be reached (pace time = 100,00, actual time = 107,58).	[MsgId: MWAR-15995]
Warning: Iteration pacing cannot be reached (pace time = 100,00, actual time = 103,06).	[MsgId: MWAR-15995]
Warning: Iteration pacing cannot be reached (pace time = 100,00, actual time = 100,55).	[MsgId: MWAR-15995]
Warning: Iteration pacing cannot be reached (pace time = 100,00, actual time = 106,91).	[MsgId: MWAR-15995]
Warning: Iteration pacing cannot be reached (pace time = 100,00, actual time = 105,40).	[MsgId: MWAR-15995]
Warning: Iteration pacing cannot be reached (pace time = 100,00, actual time = 106,74).	[MsgId: MWAR-15995]
Warning: Iteration pacing cannot be reached (pace time = 100,00, actual time = 109,48).	[MsgId: MWAR-15995]
Warning: Iteration pacing cannot be reached (pace time = 100,00, actual time = 109,35).	[MsgId: MWAR-15995]
Warning: Iteration pacing cannot be reached (pace time = 100,00, actual time = 108,41).	[MsgId: MWAR-15995]
Warning: Iteration pacing cannot be reached (pace time = 100,00, actual time = 108,52).	[MsgId: MWAR-15995]
Warning: Iteration pacing cannot be reached (pace time = 100,00, actual time = 101,93).	[MsgId: MWAR-15995]
Warning: Iteration pacing cannot be reached (pace time = 100,00, actual time = 101,80).	[MsgId: MWAR-15995]
Warning: Iteration pacing cannot be reached (pace time = 100,00, actual time = 101,10).	[MsgId: MWAR-15995]
Warning: Iteration pacing cannot be reached (pace time = 100,00, actual time = 107,54).	[MsgId: MWAR-15995]
Warning: Iteration pacing cannot be reached (pace time = 100,00, actual time = 107,57).	[MsgId: MWAR-15995]
Warning: Iteration pacing cannot be reached (pace time = 100,00, actual time = 109,77).	[MsgId: MWAR-15995]
Warning: Iteration pacing cannot be reached (pace time = 100,00, actual time = 112,48).	[MsgId: MWAR-15995]
Warning: Iteration pacing cannot be reached (pace time = 100,00, actual time = 109,93).	[MsgId: MWAR-15995]
Warning: Iteration pacing cannot be reached (pace time = 100,00, actual time = 105,79).	[MsgId: MWAR-15995]
Warning: Iteration pacing cannot be reached (pace time = 100,00, actual time = 102,32).	[MsgId: MWAR-15995]
Warning: Iteration pacing cannot be reached (pace time = 100,00, actual time = 104,10).	[MsgId: MWAR-15995]
Warning: Iteration pacing cannot be reached (pace time = 100,00, actual time = 102,32).	[MsgId: MWAR-15995]
Warning: Iteration pacing cannot be reached (pace time = 100,00, actual time = 104,05).	[MsgId: MWAR-15995]
Warning: Iteration pacing cannot be reached (pace time = 100,00, actual time = 105,55).	[MsgId: MWAR-15995]
Warning: Iteration pacing cannot be reached (pace time = 100,00, actual time = 109,89).	[MsgId: MWAR-15995]
Warning: Iteration pacing cannot be reached (pace time = 100,00, actual time = 106,26).	[MsgId: MWAR-15995]
Warning: Iteration pacing cannot be reached (pace time = 100,00, actual time = 102,60).	[MsgId: MWAR-15995]
Warning: Iteration pacing cannot be reached (pace time = 100,00, actual time = 101,21).	[MsgId: MWAR-15995]
Warning: Iteration pacing cannot be reached (pace time = 100,00, actual time = 101,21).	[MsgId: MWAR-15995]
Warning: Iteration pacing cannot be reached (pace time = 100,00, actual time = 103,27).	[MsgId: MWAR-15995]
Warning: Iteration pacing cannot be reached (pace time = 100,00, actual time = 104,93).	[MsgId: MWAR-15995]
Warning: Iteration pacing cannot be reached (pace time = 100,00, actual time = 103,87).	[MsgId: MWAR-15995]
Warning: Iteration pacing cannot be reached (pace time = 100,00, actual time = 102,69).	[MsgId: MWAR-15995]
Warning: Iteration pacing cannot be reached (pace time = 100,00, actual time = 105,44).	[MsgId: MWAR-15995]
Warning: Iteration pacing cannot be reached (pace time = 100,00, actual time = 111,64).	[MsgId: MWAR-15995]
Warning: Iteration pacing cannot be reached (pace time = 100,00, actual time = 106,16).	[MsgId: MWAR-15995]
Warning: Iteration pacing cannot be reached (pace time = 100,00, actual time = 109,05).	[MsgId: MWAR-15995]
Warning: Iteration pacing cannot be reached (pace time = 100,00, actual time = 108,95).	[MsgId: MWAR-15995]
Warning: Iteration pacing cannot be reached (pace time = 100,00, actual time = 102,91).	[MsgId: MWAR-15995]
Warning: Iteration pacing cannot be reached (pace time = 100,00, actual time = 105,59).	[MsgId: MWAR-15995]
Warning: Iteration pacing cannot be reached (pace time = 100,00, actual time = 108,58).	[MsgId: MWAR-15995]
Warning: Iteration pacing cannot be reached (pace time = 100,00, actual time = 104,55).	[MsgId: MWAR-15995]
Warning: Iteration pacing cannot be reached (pace time = 100,00, actual time = 107,15).	[MsgId: MWAR-15995]
Warning: Iteration pacing cannot be reached (pace time = 100,00, actual time = 109,42).	[MsgId: MWAR-15995]
Warning: Iteration pacing cannot be reached (pace time = 100,00, actual time = 107,76).	[MsgId: MWAR-15995]
Warning: Iteration pacing cannot be reached (pace time = 100,00, actual time = 107,71).	[MsgId: MWAR-15995]
Warning: Iteration pacing cannot be reached (pace time = 100,00, actual time = 103,38).	[MsgId: MWAR-15995]
Warning: Iteration pacing cannot be reached (pace time = 100,00, actual time = 107,36).	[MsgId: MWAR-15995]
Warning: Iteration pacing cannot be reached (pace time = 100,00, actual time = 101,47).	[MsgId: MWAR-15995]
Warning: Iteration pacing cannot be reached (pace time = 100,00, actual time = 100,35).	[MsgId: MWAR-15995]
Warning: Iteration pacing cannot be reached (pace time = 100,00, actual time = 107,18).	[MsgId: MWAR-15995]
Warning: Iteration pacing cannot be reached (pace time = 100,00, actual time = 110,66).	[MsgId: MWAR-15995]
Warning: Iteration pacing cannot be reached (pace time = 100,00, actual time = 104,76).	[MsgId: MWAR-15995]
Warning: Iteration pacing cannot be reached (pace time = 100,00, actual time = 107,58).	[MsgId: MWAR-15995]
Warning: Iteration pacing cannot be reached (pace time = 100,00, actual time = 109,52).	[MsgId: MWAR-15995]
Warning: Iteration pacing cannot be reached (pace time = 100,00, actual time = 105,56).	[MsgId: MWAR-15995]
Warning: Iteration pacing cannot be reached (pace time = 100,00, actual time = 105,39).	[MsgId: MWAR-15995]
Warning: Iteration pacing cannot be reached (pace time = 100,00, actual time = 106,96).	[MsgId: MWAR-15995]
Warning: Iteration pacing cannot be reached (pace time = 100,00, actual time = 103,94).	[MsgId: MWAR-15995]
Warning: Iteration pacing cannot be reached (pace time = 100,00, actual time = 104,15).	[MsgId: MWAR-15995]
Warning: Iteration pacing cannot be reached (pace time = 100,00, actual time = 105,01).	[MsgId: MWAR-15995]
Warning: Iteration pacing cannot be reached (pace time = 100,00, actual time = 106,03).	[MsgId: MWAR-15995]
Warning: Iteration pacing cannot be reached (pace time = 100,00, actual time = 106,06).	[MsgId: MWAR-15995]
Warning: Iteration pacing cannot be reached (pace time = 100,00, actual time = 108,90).	[MsgId: MWAR-15995]
Warning: Iteration pacing cannot be reached (pace time = 100,00, actual time = 104,11).	[MsgId: MWAR-15995]
Warning: Iteration pacing cannot be reached (pace time = 100,00, actual time = 104,47).	[MsgId: MWAR-15995]
Warning: Iteration pacing cannot be reached (pace time = 100,00, actual time = 105,70).	[MsgId: MWAR-15995]
Warning: Iteration pacing cannot be reached (pace time = 100,00, actual time = 104,27).	[MsgId: MWAR-15995]
Warning: Iteration pacing cannot be reached (pace time = 100,00, actual time = 102,66).	[MsgId: MWAR-15995]
Warning: Iteration pacing cannot be reached (pace time = 100,00, actual time = 105,62).	[MsgId: MWAR-15995]
Warning: Iteration pacing cannot be reached (pace time = 100,00, actual time = 106,43).	[MsgId: MWAR-15995]
Warning: Iteration pacing cannot be reached (pace time = 100,00, actual time = 105,10).	[MsgId: MWAR-15995]
Warning: Iteration pacing cannot be reached (pace time = 100,00, actual time = 101,54).	[MsgId: MWAR-15995]
Warning: Iteration pacing cannot be reached (pace time = 100,00, actual time = 107,60).	[MsgId: MWAR-15995]
Warning: Iteration pacing cannot be reached (pace time = 100,00, actual time = 108,15).	[MsgId: MWAR-15995]
Warning: Iteration pacing cannot be reached (pace time = 100,00, actual time = 106,67).	[MsgId: MWAR-15995]
Warning: Iteration pacing cannot be reached (pace time = 100,00, actual time = 106,62).	[MsgId: MWAR-15995]
Warning: Iteration pacing cannot be reached (pace time = 100,00, actual time = 106,21).	[MsgId: MWAR-15995]
Warning: Iteration pacing cannot be reached (pace time = 100,00, actual time = 106,44).	[MsgId: MWAR-15995]
Warning: Iteration pacing cannot be reached (pace time = 100,00, actual time = 107,46).	[MsgId: MWAR-15995]
Warning: Iteration pacing cannot be reached (pace time = 100,00, actual time = 106,18).	[MsgId: MWAR-15995]
Warning: Iteration pacing cannot be reached (pace time = 100,00, actual time = 106,81).	[MsgId: MWAR-15995]
Warning: Iteration pacing cannot be reached (pace time = 100,00, actual time = 105,05).	[MsgId: MWAR-15995]
Warning: Iteration pacing cannot be reached (pace time = 100,00, actual time = 108,59).	[MsgId: MWAR-15995]
Warning: Iteration pacing cannot be reached (pace time = 100,00, actual time = 109,38).	[MsgId: MWAR-15995]
Warning: Iteration pacing cannot be reached (pace time = 100,00, actual time = 106,78).	[MsgId: MWAR-15995]
Warning: Iteration pacing cannot be reached (pace time = 100,00, actual time = 108,89).	[MsgId: MWAR-15995]
Warning: Iteration pacing cannot be reached (pace time = 100,00, actual time = 108,93).	[MsgId: MWAR-15995]
Warning: Iteration pacing cannot be reached (pace time = 100,00, actual time = 107,98).	[MsgId: MWAR-15995]
Warning: Iteration pacing cannot be reached (pace time = 100,00, actual time = 103,02).	[MsgId: MWAR-15995]
Warning: Iteration pacing cannot be reached (pace time = 100,00, actual time = 104,50).	[MsgId: MWAR-15995]
Warning: Iteration pacing cannot be reached (pace time = 100,00, actual time = 102,12).	[MsgId: MWAR-15995]
Warning: Iteration pacing cannot be reached (pace time = 100,00, actual time = 108,54).	[MsgId: MWAR-15995]
Warning: Iteration pacing cannot be reached (pace time = 100,00, actual time = 105,60).	[MsgId: MWAR-15995]
Warning: Iteration pacing cannot be reached (pace time = 100,00, actual time = 109,53).	[MsgId: MWAR-15995]
Warning: Iteration pacing cannot be reached (pace time = 100,00, actual time = 107,28).	[MsgId: MWAR-15995]
Warning: Iteration pacing cannot be reached (pace time = 100,00, actual time = 105,07).	[MsgId: MWAR-15995]
Warning: Iteration pacing cannot be reached (pace time = 100,00, actual time = 105,09).	[MsgId: MWAR-15995]
Warning: Iteration pacing cannot be reached (pace time = 100,00, actual time = 100,23).	[MsgId: MWAR-15995]
Warning: Iteration pacing cannot be reached (pace time = 100,00, actual time = 104,76).	[MsgId: MWAR-15995]
Warning: Iteration pacing cannot be reached (pace time = 100,00, actual time = 101,18).	[MsgId: MWAR-15995]
Warning: Iteration pacing cannot be reached (pace time = 100,00, actual time = 108,91).	[MsgId: MWAR-15995]
Warning: Iteration pacing cannot be reached (pace time = 100,00, actual time = 108,49).	[MsgId: MWAR-15995]
Warning: Iteration pacing cannot be reached (pace time = 100,00, actual time = 104,14).	[MsgId: MWAR-15995]
Warning: Iteration pacing cannot be reached (pace time = 100,00, actual time = 106,05).	[MsgId: MWAR-15995]
Warning: Iteration pacing cannot be reached (pace time = 100,00, actual time = 106,44).	[MsgId: MWAR-15995]
Warning: Iteration pacing cannot be reached (pace time = 100,00, actual time = 103,92).	[MsgId: MWAR-15995]
Warning: Iteration pacing cannot be reached (pace time = 100,00, actual time = 100,90).	[MsgId: MWAR-15995]
Warning: Iteration pacing cannot be reached (pace time = 100,00, actual time = 106,01).	[MsgId: MWAR-15995]
Warning: Iteration pacing cannot be reached (pace time = 100,00, actual time = 103,45).	[MsgId: MWAR-15995]
Warning: Iteration pacing cannot be reached (pace time = 100,00, actual time = 105,45).	[MsgId: MWAR-15995]
Warning: Iteration pacing cannot be reached (pace time = 100,00, actual time = 106,10).	[MsgId: MWAR-15995]
Warning: Iteration pacing cannot be reached (pace time = 100,00, actual time = 102,40).	[MsgId: MWAR-15995]
Warning: Iteration pacing cannot be reached (pace time = 100,00, actual time = 106,51).	[MsgId: MWAR-15995]
Warning: Iteration pacing cannot be reached (pace time = 100,00, actual time = 106,51).	[MsgId: MWAR-15995]
Warning: Iteration pacing cannot be reached (pace time = 100,00, actual time = 104,06).	[MsgId: MWAR-15995]
Warning: Iteration pacing cannot be reached (pace time = 100,00, actual time = 107,04).	[MsgId: MWAR-15995]
Warning: Iteration pacing cannot be reached (pace time = 100,00, actual time = 100,10).	[MsgId: MWAR-15995]
Warning: Iteration pacing cannot be reached (pace time = 100,00, actual time = 103,91).	[MsgId: MWAR-15995]
Warning: Iteration pacing cannot be reached (pace time = 100,00, actual time = 100,06).	[MsgId: MWAR-15995]
Warning: Iteration pacing cannot be reached (pace time = 100,00, actual time = 105,14).	[MsgId: MWAR-15995]
Warning: Iteration pacing cannot be reached (pace time = 100,00, actual time = 106,99).	[MsgId: MWAR-15995]
Warning: Iteration pacing cannot be reached (pace time = 100,00, actual time = 109,70).	[MsgId: MWAR-15995]
Warning: Iteration pacing cannot be reached (pace time = 100,00, actual time = 109,25).	[MsgId: MWAR-15995]
Warning: Iteration pacing cannot be reached (pace time = 100,00, actual time = 106,85).	[MsgId: MWAR-15995]
Warning: Iteration pacing cannot be reached (pace time = 100,00, actual time = 104,72).	[MsgId: MWAR-15995]
Warning: Iteration pacing cannot be reached (pace time = 100,00, actual time = 112,22).	[MsgId: MWAR-15995]
Warning: Iteration pacing cannot be reached (pace time = 100,00, actual time = 101,64).	[MsgId: MWAR-15995]
Warning: Iteration pacing cannot be reached (pace time = 100,00, actual time = 101,62).	[MsgId: MWAR-15995]
Warning: Iteration pacing cannot be reached (pace time = 100,00, actual time = 102,20).	[MsgId: MWAR-15995]
Warning: Iteration pacing cannot be reached (pace time = 100,00, actual time = 104,81).	[MsgId: MWAR-15995]
Warning: Iteration pacing cannot be reached (pace time = 100,00, actual time = 104,78).	[MsgId: MWAR-15995]
Warning: Iteration pacing cannot be reached (pace time = 100,00, actual time = 109,70).	[MsgId: MWAR-15995]
Warning: Iteration pacing cannot be reached (pace time = 100,00, actual time = 111,53).	[MsgId: MWAR-15995]
Warning: Iteration pacing cannot be reached (pace time = 100,00, actual time = 105,53).	[MsgId: MWAR-15995]
Warning: Iteration pacing cannot be reached (pace time = 100,00, actual time = 103,73).	[MsgId: MWAR-15995]
Warning: Iteration pacing cannot be reached (pace time = 100,00, actual time = 104,65).	[MsgId: MWAR-15995]
Warning: Iteration pacing cannot be reached (pace time = 100,00, actual time = 103,71).	[MsgId: MWAR-15995]
Warning: Iteration pacing cannot be reached (pace time = 100,00, actual time = 105,49).	[MsgId: MWAR-15995]
Warning: Iteration pacing cannot be reached (pace time = 100,00, actual time = 105,68).	[MsgId: MWAR-15995]
Warning: Iteration pacing cannot be reached (pace time = 100,00, actual time = 105,71).	[MsgId: MWAR-15995]
Warning: Iteration pacing cannot be reached (pace time = 100,00, actual time = 106,18).	[MsgId: MWAR-15995]
Warning: Iteration pacing cannot be reached (pace time = 100,00, actual time = 107,37).	[MsgId: MWAR-15995]
Warning: Iteration pacing cannot be reached (pace time = 100,00, actual time = 102,56).	[MsgId: MWAR-15995]
Warning: Iteration pacing cannot be reached (pace time = 100,00, actual time = 106,61).	[MsgId: MWAR-15995]
Warning: Iteration pacing cannot be reached (pace time = 100,00, actual time = 107,97).	[MsgId: MWAR-15995]
Warning: Iteration pacing cannot be reached (pace time = 100,00, actual time = 104,36).	[MsgId: MWAR-15995]
Warning: Iteration pacing cannot be reached (pace time = 100,00, actual time = 111,56).	[MsgId: MWAR-15995]
Warning: Iteration pacing cannot be reached (pace time = 100,00, actual time = 103,87).	[MsgId: MWAR-15995]
Warning: Iteration pacing cannot be reached (pace time = 100,00, actual time = 107,33).	[MsgId: MWAR-15995]
Warning: Iteration pacing cannot be reached (pace time = 100,00, actual time = 105,09).	[MsgId: MWAR-15995]
Warning: Iteration pacing cannot be reached (pace time = 100,00, actual time = 105,76).	[MsgId: MWAR-15995]
Warning: Iteration pacing cannot be reached (pace time = 100,00, actual time = 108,83).	[MsgId: MWAR-15995]
Warning: Iteration pacing cannot be reached (pace time = 100,00, actual time = 107,74).	[MsgId: MWAR-15995]
Warning: Iteration pacing cannot be reached (pace time = 100,00, actual time = 112,49).	[MsgId: MWAR-15995]
Warning: Iteration pacing cannot be reached (pace time = 100,00, actual time = 105,97).	[MsgId: MWAR-15995]
Warning: Iteration pacing cannot be reached (pace time = 100,00, actual time = 104,86).	[MsgId: MWAR-15995]
Warning: Iteration pacing cannot be reached (pace time = 100,00, actual time = 109,36).	[MsgId: MWAR-15995]
Warning: Iteration pacing cannot be reached (pace time = 100,00, actual time = 100,70).	[MsgId: MWAR-15995]
Warning: Iteration pacing cannot be reached (pace time = 100,00, actual time = 104,11).	[MsgId: MWAR-15995]
Warning: Iteration pacing cannot be reached (pace time = 100,00, actual time = 107,46).	[MsgId: MWAR-15995]
Warning: Iteration pacing cannot be reached (pace time = 100,00, actual time = 108,91).	[MsgId: MWAR-15995]
Warning: Iteration pacing cannot be reached (pace time = 100,00, actual time = 106,58).	[MsgId: MWAR-15995]
Warning: Iteration pacing cannot be reached (pace time = 100,00, actual time = 106,29).	[MsgId: MWAR-15995]
Warning: Iteration pacing cannot be reached (pace time = 100,00, actual time = 105,46).	[MsgId: MWAR-15995]
Warning: Iteration pacing cannot be reached (pace time = 100,00, actual time = 104,34).	[MsgId: MWAR-15995]
Warning: Iteration pacing cannot be reached (pace time = 100,00, actual time = 102,66).	[MsgId: MWAR-15995]
Warning: Iteration pacing cannot be reached (pace time = 100,00, actual time = 102,62).	[MsgId: MWAR-15995]
Warning: Iteration pacing cannot be reached (pace time = 100,00, actual time = 100,54).	[MsgId: MWAR-15995]
Warning: Iteration pacing cannot be reached (pace time = 100,00, actual time = 107,97).	[MsgId: MWAR-15995]
Warning: Iteration pacing cannot be reached (pace time = 100,00, actual time = 106,87).	[MsgId: MWAR-15995]
Warning: Iteration pacing cannot be reached (pace time = 100,00, actual time = 104,45).	[MsgId: MWAR-15995]
Warning: Iteration pacing cannot be reached (pace time = 100,00, actual time = 104,51).	[MsgId: MWAR-15995]
Warning: Iteration pacing cannot be reached (pace time = 100,00, actual time = 107,67).	[MsgId: MWAR-15995]
Warning: Iteration pacing cannot be reached (pace time = 100,00, actual time = 105,24).	[MsgId: MWAR-15995]
Warning: Iteration pacing cannot be reached (pace time = 100,00, actual time = 106,71).	[MsgId: MWAR-15995]
Warning: Iteration pacing cannot be reached (pace time = 100,00, actual time = 106,45).	[MsgId: MWAR-15995]
Warning: Iteration pacing cannot be reached (pace time = 100,00, actual time = 104,69).	[MsgId: MWAR-15995]
Warning: Iteration pacing cannot be reached (pace time = 100,00, actual time = 105,70).	[MsgId: MWAR-15995]
Warning: Iteration pacing cannot be reached (pace time = 100,00, actual time = 102,85).	[MsgId: MWAR-15995]
Warning: Iteration pacing cannot be reached (pace time = 100,00, actual time = 110,15).	[MsgId: MWAR-15995]
Warning: Iteration pacing cannot be reached (pace time = 100,00, actual time = 111,09).	[MsgId: MWAR-15995]
Warning: Iteration pacing cannot be reached (pace time = 100,00, actual time = 109,13).	[MsgId: MWAR-15995]
Warning: Iteration pacing cannot be reached (pace time = 100,00, actual time = 105,26).	[MsgId: MWAR-15995]
Warning: Iteration pacing cannot be reached (pace time = 100,00, actual time = 105,44).	[MsgId: MWAR-15995]
../lib/common.h(308): Error -26612: HTTP Status-Code=500 (Internal Server Error) for "http://localhost:1080/cgi-bin/welcome.pl?signOff=1"  	[MsgId: MERR-26612]
../lib/common.h(308): Error -26366: "Text=Welcome to the Web Tours site." not found for web_reg_find  	[MsgId: MERR-26366]
Warning: Iteration pacing cannot be reached (pace time = 100,00, actual time = 109,03).	[MsgId: MWAR-15995]
Warning: Iteration pacing cannot be reached (pace time = 100,00, actual time = 102,55).	[MsgId: MWAR-15995]
Warning: Iteration pacing cannot be reached (pace time = 100,00, actual time = 106,99).	[MsgId: MWAR-15995]
Warning: Iteration pacing cannot be reached (pace time = 100,00, actual time = 106,80).	[MsgId: MWAR-15995]
Warning: Iteration pacing cannot be reached (pace time = 100,00, actual time = 105,33).	[MsgId: MWAR-15995]
Warning: Iteration pacing cannot be reached (pace time = 100,00, actual time = 106,90).	[MsgId: MWAR-15995]
Warning: Iteration pacing cannot be reached (pace time = 100,00, actual time = 110,49).	[MsgId: MWAR-15995]
Warning: Iteration pacing cannot be reached (pace time = 100,00, actual time = 106,43).	[MsgId: MWAR-15995]
Warning: Iteration pacing cannot be reached (pace time = 100,00, actual time = 108,52).	[MsgId: MWAR-15995]
Warning: Iteration pacing cannot be reached (pace time = 100,00, actual time = 102,69).	[MsgId: MWAR-15995]
Warning: Iteration pacing cannot be reached (pace time = 100,00, actual time = 106,57).	[MsgId: MWAR-15995]
Warning: Iteration pacing cannot be reached (pace time = 100,00, actual time = 104,56).	[MsgId: MWAR-15995]
Warning: Iteration pacing cannot be reached (pace time = 100,00, actual time = 104,57).	[MsgId: MWAR-15995]
Warning: Iteration pacing cannot be reached (pace time = 100,00, actual time = 105,75).	[MsgId: MWAR-15995]
Warning: Iteration pacing cannot be reached (pace time = 100,00, actual time = 100,83).	[MsgId: MWAR-15995]
Warning: Iteration pacing cannot be reached (pace time = 100,00, actual time = 114,28).	[MsgId: MWAR-15995]
Warning: Iteration pacing cannot be reached (pace time = 100,00, actual time = 109,18).	[MsgId: MWAR-15995]
Warning: Iteration pacing cannot be reached (pace time = 100,00, actual time = 104,18).	[MsgId: MWAR-15995]
Warning: Iteration pacing cannot be reached (pace time = 100,00, actual time = 108,77).	[MsgId: MWAR-15995]
Warning: Iteration pacing cannot be reached (pace time = 100,00, actual time = 108,77).	[MsgId: MWAR-15995]
Warning: Iteration pacing cannot be reached (pace time = 100,00, actual time = 104,91).	[MsgId: MWAR-15995]
Warning: Iteration pacing cannot be reached (pace time = 100,00, actual time = 104,02).	[MsgId: MWAR-15995]
Warning: Iteration pacing cannot be reached (pace time = 100,00, actual time = 103,43).	[MsgId: MWAR-15995]
Warning: Iteration pacing cannot be reached (pace time = 100,00, actual time = 103,19).	[MsgId: MWAR-15995]
Warning: Iteration pacing cannot be reached (pace time = 100,00, actual time = 102,97).	[MsgId: MWAR-15995]
Warning: Iteration pacing cannot be reached (pace time = 100,00, actual time = 103,34).	[MsgId: MWAR-15995]
Warning: Iteration pacing cannot be reached (pace time = 100,00, actual time = 107,23).	[MsgId: MWAR-15995]
Warning: Iteration pacing cannot be reached (pace time = 100,00, actual time = 110,04).	[MsgId: MWAR-15995]
Warning: Iteration pacing cannot be reached (pace time = 100,00, actual time = 108,51).	[MsgId: MWAR-15995]
Warning: Iteration pacing cannot be reached (pace time = 100,00, actual time = 104,46).	[MsgId: MWAR-15995]
Warning: Iteration pacing cannot be reached (pace time = 100,00, actual time = 103,32).	[MsgId: MWAR-15995]
Warning: Iteration pacing cannot be reached (pace time = 100,00, actual time = 101,74).	[MsgId: MWAR-15995]
Warning: Iteration pacing cannot be reached (pace time = 100,00, actual time = 104,43).	[MsgId: MWAR-15995]
Warning: Iteration pacing cannot be reached (pace time = 100,00, actual time = 104,50).	[MsgId: MWAR-15995]
Warning: Iteration pacing cannot be reached (pace time = 100,00, actual time = 100,85).	[MsgId: MWAR-15995]
Warning: Iteration pacing cannot be reached (pace time = 100,00, actual time = 107,29).	[MsgId: MWAR-15995]
Warning: Iteration pacing cannot be reached (pace time = 100,00, actual time = 107,25).	[MsgId: MWAR-15995]
Warning: Iteration pacing cannot be reached (pace time = 100,00, actual time = 112,74).	[MsgId: MWAR-15995]
Warning: Iteration pacing cannot be reached (pace time = 100,00, actual time = 108,90).	[MsgId: MWAR-15995]
Warning: Iteration pacing cannot be reached (pace time = 100,00, actual time = 108,01).	[MsgId: MWAR-15995]
Warning: Iteration pacing cannot be reached (pace time = 100,00, actual time = 108,30).	[MsgId: MWAR-15995]
Warning: Iteration pacing cannot be reached (pace time = 100,00, actual time = 105,14).	[MsgId: MWAR-15995]
Warning: Iteration pacing cannot be reached (pace time = 100,00, actual time = 106,56).	[MsgId: MWAR-15995]
Warning: Iteration pacing cannot be reached (pace time = 100,00, actual time = 103,66).	[MsgId: MWAR-15995]
Warning: Iteration pacing cannot be reached (pace time = 100,00, actual time = 108,78).	[MsgId: MWAR-15995]
Warning: Iteration pacing cannot be reached (pace time = 100,00, actual time = 107,21).	[MsgId: MWAR-15995]
Warning: Iteration pacing cannot be reached (pace time = 100,00, actual time = 104,37).	[MsgId: MWAR-15995]
Warning: Iteration pacing cannot be reached (pace time = 100,00, actual time = 110,24).	[MsgId: MWAR-15995]
Warning: Iteration pacing cannot be reached (pace time = 100,00, actual time = 109,30).	[MsgId: MWAR-15995]
Warning: Iteration pacing cannot be reached (pace time = 100,00, actual time = 108,56).	[MsgId: MWAR-15995]
Warning: Iteration pacing cannot be reached (pace time = 100,00, actual time = 105,53).	[MsgId: MWAR-15995]
Warning: Iteration pacing cannot be reached (pace time = 100,00, actual time = 106,63).	[MsgId: MWAR-15995]
Warning: Iteration pacing cannot be reached (pace time = 100,00, actual time = 106,85).	[MsgId: MWAR-15995]
Warning: Iteration pacing cannot be reached (pace time = 100,00, actual time = 106,87).	[MsgId: MWAR-15995]
Warning: Iteration pacing cannot be reached (pace time = 100,00, actual time = 106,96).	[MsgId: MWAR-15995]
Warning: Iteration pacing cannot be reached (pace time = 100,00, actual time = 103,30).	[MsgId: MWAR-15995]
Warning: Iteration pacing cannot be reached (pace time = 100,00, actual time = 107,45).	[MsgId: MWAR-15995]
Warning: Iteration pacing cannot be reached (pace time = 100,00, actual time = 106,76).	[MsgId: MWAR-15995]
Warning: Iteration pacing cannot be reached (pace time = 100,00, actual time = 100,91).	[MsgId: MWAR-15995]
Warning: Iteration pacing cannot be reached (pace time = 100,00, actual time = 104,39).	[MsgId: MWAR-15995]
Warning: Iteration pacing cannot be reached (pace time = 100,00, actual time = 108,50).	[MsgId: MWAR-15995]
Warning: Iteration pacing cannot be reached (pace time = 100,00, actual time = 103,78).	[MsgId: MWAR-15995]
Warning: Iteration pacing cannot be reached (pace time = 100,00, actual time = 100,39).	[MsgId: MWAR-15995]
Warning: Iteration pacing cannot be reached (pace time = 100,00, actual time = 106,03).	[MsgId: MWAR-15995]
Warning: Iteration pacing cannot be reached (pace time = 100,00, actual time = 106,75).	[MsgId: MWAR-15995]
Warning: Iteration pacing cannot be reached (pace time = 100,00, actual time = 105,68).	[MsgId: MWAR-15995]
Warning: Iteration pacing cannot be reached (pace time = 100,00, actual time = 103,81).	[MsgId: MWAR-15995]
Warning: Iteration pacing cannot be reached (pace time = 100,00, actual time = 103,89).	[MsgId: MWAR-15995]
Warning: Iteration pacing cannot be reached (pace time = 100,00, actual time = 105,48).	[MsgId: MWAR-15995]
Warning: Iteration pacing cannot be reached (pace time = 100,00, actual time = 108,41).	[MsgId: MWAR-15995]
Warning: Iteration pacing cannot be reached (pace time = 100,00, actual time = 107,58).	[MsgId: MWAR-15995]
Warning: Iteration pacing cannot be reached (pace time = 100,00, actual time = 103,07).	[MsgId: MWAR-15995]
Warning: Iteration pacing cannot be reached (pace time = 100,00, actual time = 105,05).	[MsgId: MWAR-15995]
Warning: Iteration pacing cannot be reached (pace time = 100,00, actual time = 106,89).	[MsgId: MWAR-15995]
../lib/common.h(308): Error -26612: HTTP Status-Code=500 (Internal Server Error) for "http://localhost:1080/cgi-bin/welcome.pl?signOff=1"  	[MsgId: MERR-26612]
../lib/common.h(308): Error -26366: "Text=Welcome to the Web Tours site." not found for web_reg_find  	[MsgId: MERR-26366]
Warning: Iteration pacing cannot be reached (pace time = 100,00, actual time = 105,65).	[MsgId: MWAR-15995]
Warning: Iteration pacing cannot be reached (pace time = 100,00, actual time = 112,34).	[MsgId: MWAR-15995]
Warning: Iteration pacing cannot be reached (pace time = 100,00, actual time = 100,81).	[MsgId: MWAR-15995]
Warning: Iteration pacing cannot be reached (pace time = 100,00, actual time = 103,19).	[MsgId: MWAR-15995]
Warning: Iteration pacing cannot be reached (pace time = 100,00, actual time = 103,94).	[MsgId: MWAR-15995]
Warning: Iteration pacing cannot be reached (pace time = 100,00, actual time = 103,89).	[MsgId: MWAR-15995]
Warning: Iteration pacing cannot be reached (pace time = 100,00, actual time = 102,47).	[MsgId: MWAR-15995]
Warning: Iteration pacing cannot be reached (pace time = 100,00, actual time = 110,15).	[MsgId: MWAR-15995]
Warning: Iteration pacing cannot be reached (pace time = 100,00, actual time = 103,57).	[MsgId: MWAR-15995]
Warning: Iteration pacing cannot be reached (pace time = 100,00, actual time = 108,03).	[MsgId: MWAR-15995]
Warning: Iteration pacing cannot be reached (pace time = 100,00, actual time = 108,03).	[MsgId: MWAR-15995]
Warning: Iteration pacing cannot be reached (pace time = 100,00, actual time = 105,52).	[MsgId: MWAR-15995]
Warning: Iteration pacing cannot be reached (pace time = 100,00, actual time = 107,84).	[MsgId: MWAR-15995]
Warning: Iteration pacing cannot be reached (pace time = 100,00, actual time = 106,80).	[MsgId: MWAR-15995]
Warning: Iteration pacing cannot be reached (pace time = 100,00, actual time = 102,26).	[MsgId: MWAR-15995]
Warning: Iteration pacing cannot be reached (pace time = 100,00, actual time = 104,89).	[MsgId: MWAR-15995]
Warning: Iteration pacing cannot be reached (pace time = 100,00, actual time = 105,51).	[MsgId: MWAR-15995]
Warning: Iteration pacing cannot be reached (pace time = 100,00, actual time = 108,71).	[MsgId: MWAR-15995]
Warning: Iteration pacing cannot be reached (pace time = 100,00, actual time = 104,77).	[MsgId: MWAR-15995]
Warning: Iteration pacing cannot be reached (pace time = 100,00, actual time = 104,84).	[MsgId: MWAR-15995]
Warning: Iteration pacing cannot be reached (pace time = 100,00, actual time = 107,17).	[MsgId: MWAR-15995]
Warning: Iteration pacing cannot be reached (pace time = 100,00, actual time = 106,66).	[MsgId: MWAR-15995]
Warning: Iteration pacing cannot be reached (pace time = 100,00, actual time = 114,51).	[MsgId: MWAR-15995]
Warning: Iteration pacing cannot be reached (pace time = 100,00, actual time = 101,12).	[MsgId: MWAR-15995]
Warning: Iteration pacing cannot be reached (pace time = 100,00, actual time = 101,73).	[MsgId: MWAR-15995]
Warning: Iteration pacing cannot be reached (pace time = 100,00, actual time = 108,41).	[MsgId: MWAR-15995]
Warning: Iteration pacing cannot be reached (pace time = 100,00, actual time = 104,40).	[MsgId: MWAR-15995]
Warning: Iteration pacing cannot be reached (pace time = 100,00, actual time = 102,45).	[MsgId: MWAR-15995]
Warning: Iteration pacing cannot be reached (pace time = 100,00, actual time = 105,52).	[MsgId: MWAR-15995]
Warning: Iteration pacing cannot be reached (pace time = 100,00, actual time = 104,27).	[MsgId: MWAR-15995]
Warning: Iteration pacing cannot be reached (pace time = 100,00, actual time = 105,96).	[MsgId: MWAR-15995]
Warning: Iteration pacing cannot be reached (pace time = 100,00, actual time = 106,44).	[MsgId: MWAR-15995]
Warning: Iteration pacing cannot be reached (pace time = 100,00, actual time = 108,51).	[MsgId: MWAR-15995]
Warning: Iteration pacing cannot be reached (pace time = 100,00, actual time = 112,45).	[MsgId: MWAR-15995]
Warning: Iteration pacing cannot be reached (pace time = 100,00, actual time = 105,64).	[MsgId: MWAR-15995]
Warning: Iteration pacing cannot be reached (pace time = 100,00, actual time = 106,19).	[MsgId: MWAR-15995]
Warning: Iteration pacing cannot be reached (pace time = 100,00, actual time = 104,59).	[MsgId: MWAR-15995]
Warning: Iteration pacing cannot be reached (pace time = 100,00, actual time = 108,70).	[MsgId: MWAR-15995]
Warning: Iteration pacing cannot be reached (pace time = 100,00, actual time = 110,52).	[MsgId: MWAR-15995]
Warning: Iteration pacing cannot be reached (pace time = 100,00, actual time = 103,38).	[MsgId: MWAR-15995]
Warning: Iteration pacing cannot be reached (pace time = 100,00, actual time = 108,53).	[MsgId: MWAR-15995]
Warning: Iteration pacing cannot be reached (pace time = 100,00, actual time = 106,52).	[MsgId: MWAR-15995]
Warning: Iteration pacing cannot be reached (pace time = 100,00, actual time = 106,70).	[MsgId: MWAR-15995]
Warning: Iteration pacing cannot be reached (pace time = 100,00, actual time = 108,60).	[MsgId: MWAR-15995]
Warning: Iteration pacing cannot be reached (pace time = 100,00, actual time = 105,26).	[MsgId: MWAR-15995]
Warning: Iteration pacing cannot be reached (pace time = 100,00, actual time = 103,27).	[MsgId: MWAR-15995]
Warning: Iteration pacing cannot be reached (pace time = 100,00, actual time = 106,33).	[MsgId: MWAR-15995]
Warning: Iteration pacing cannot be reached (pace time = 100,00, actual time = 106,60).	[MsgId: MWAR-15995]
Warning: Iteration pacing cannot be reached (pace time = 100,00, actual time = 106,84).	[MsgId: MWAR-15995]
Warning: Iteration pacing cannot be reached (pace time = 100,00, actual time = 109,37).	[MsgId: MWAR-15995]
Warning: Iteration pacing cannot be reached (pace time = 100,00, actual time = 106,08).	[MsgId: MWAR-15995]
Warning: Iteration pacing cannot be reached (pace time = 100,00, actual time = 106,39).	[MsgId: MWAR-15995]
Warning: Iteration pacing cannot be reached (pace time = 100,00, actual time = 104,29).	[MsgId: MWAR-15995]
Warning: Iteration pacing cannot be reached (pace time = 100,00, actual time = 104,59).	[MsgId: MWAR-15995]
Warning: Iteration pacing cannot be reached (pace time = 100,00, actual time = 104,00).	[MsgId: MWAR-15995]
Warning: Iteration pacing cannot be reached (pace time = 100,00, actual time = 104,18).	[MsgId: MWAR-15995]
Warning: Iteration pacing cannot be reached (pace time = 100,00, actual time = 108,63).	[MsgId: MWAR-15995]
Warning: Iteration pacing cannot be reached (pace time = 100,00, actual time = 109,71).	[MsgId: MWAR-15995]
Warning: Iteration pacing cannot be reached (pace time = 100,00, actual time = 104,58).	[MsgId: MWAR-15995]
Warning: Iteration pacing cannot be reached (pace time = 100,00, actual time = 105,44).	[MsgId: MWAR-15995]
Warning: Iteration pacing cannot be reached (pace time = 100,00, actual time = 109,47).	[MsgId: MWAR-15995]
Warning: Iteration pacing cannot be reached (pace time = 100,00, actual time = 109,87).	[MsgId: MWAR-15995]
Warning: Iteration pacing cannot be reached (pace time = 100,00, actual time = 103,83).	[MsgId: MWAR-15995]
Warning: Iteration pacing cannot be reached (pace time = 100,00, actual time = 105,23).	[MsgId: MWAR-15995]
Warning: Iteration pacing cannot be reached (pace time = 100,00, actual time = 103,70).	[MsgId: MWAR-15995]
Warning: Iteration pacing cannot be reached (pace time = 100,00, actual time = 103,95).	[MsgId: MWAR-15995]
Warning: Iteration pacing cannot be reached (pace time = 100,00, actual time = 103,81).	[MsgId: MWAR-15995]
Warning: Iteration pacing cannot be reached (pace time = 100,00, actual time = 104,74).	[MsgId: MWAR-15995]
Warning: Iteration pacing cannot be reached (pace time = 100,00, actual time = 109,45).	[MsgId: MWAR-15995]
Warning: Iteration pacing cannot be reached (pace time = 100,00, actual time = 110,79).	[MsgId: MWAR-15995]
Warning: Iteration pacing cannot be reached (pace time = 100,00, actual time = 111,34).	[MsgId: MWAR-15995]
Warning: Iteration pacing cannot be reached (pace time = 100,00, actual time = 101,30).	[MsgId: MWAR-15995]
Warning: Iteration pacing cannot be reached (pace time = 100,00, actual time = 101,49).	[MsgId: MWAR-15995]
Warning: Iteration pacing cannot be reached (pace time = 100,00, actual time = 105,24).	[MsgId: MWAR-15995]
Warning: Iteration pacing cannot be reached (pace time = 100,00, actual time = 101,05).	[MsgId: MWAR-15995]
Warning: Iteration pacing cannot be reached (pace time = 100,00, actual time = 106,75).	[MsgId: MWAR-15995]
Warning: Iteration pacing cannot be reached (pace time = 100,00, actual time = 107,17).	[MsgId: MWAR-15995]
Warning: Iteration pacing cannot be reached (pace time = 100,00, actual time = 107,19).	[MsgId: MWAR-15995]
Warning: Iteration pacing cannot be reached (pace time = 100,00, actual time = 104,69).	[MsgId: MWAR-15995]
Warning: Iteration pacing cannot be reached (pace time = 100,00, actual time = 109,54).	[MsgId: MWAR-15995]
Warning: Iteration pacing cannot be reached (pace time = 100,00, actual time = 109,03).	[MsgId: MWAR-15995]
Warning: Iteration pacing cannot be reached (pace time = 100,00, actual time = 112,73).	[MsgId: MWAR-15995]
Warning: Iteration pacing cannot be reached (pace time = 100,00, actual time = 101,86).	[MsgId: MWAR-15995]
Warning: Iteration pacing cannot be reached (pace time = 100,00, actual time = 106,92).	[MsgId: MWAR-15995]
Warning: Iteration pacing cannot be reached (pace time = 100,00, actual time = 104,40).	[MsgId: MWAR-15995]
Warning: Iteration pacing cannot be reached (pace time = 100,00, actual time = 103,18).	[MsgId: MWAR-15995]
Warning: Iteration pacing cannot be reached (pace time = 100,00, actual time = 104,53).	[MsgId: MWAR-15995]
Warning: Iteration pacing cannot be reached (pace time = 100,00, actual time = 104,85).	[MsgId: MWAR-15995]
Warning: Iteration pacing cannot be reached (pace time = 100,00, actual time = 109,81).	[MsgId: MWAR-15995]
Warning: Iteration pacing cannot be reached (pace time = 100,00, actual time = 104,03).	[MsgId: MWAR-15995]
Warning: Iteration pacing cannot be reached (pace time = 100,00, actual time = 107,52).	[MsgId: MWAR-15995]
Warning: Iteration pacing cannot be reached (pace time = 100,00, actual time = 102,42).	[MsgId: MWAR-15995]
Warning: Iteration pacing cannot be reached (pace time = 100,00, actual time = 106,61).	[MsgId: MWAR-15995]
Warning: Iteration pacing cannot be reached (pace time = 100,00, actual time = 101,90).	[MsgId: MWAR-15995]
Warning: Iteration pacing cannot be reached (pace time = 100,00, actual time = 103,83).	[MsgId: MWAR-15995]
Warning: Iteration pacing cannot be reached (pace time = 100,00, actual time = 100,30).	[MsgId: MWAR-15995]
Warning: Iteration pacing cannot be reached (pace time = 100,00, actual time = 108,40).	[MsgId: MWAR-15995]
Warning: Iteration pacing cannot be reached (pace time = 100,00, actual time = 107,67).	[MsgId: MWAR-15995]
Warning: Iteration pacing cannot be reached (pace time = 100,00, actual time = 106,81).	[MsgId: MWAR-15995]
Warning: Iteration pacing cannot be reached (pace time = 100,00, actual time = 107,48).	[MsgId: MWAR-15995]
Warning: Iteration pacing cannot be reached (pace time = 100,00, actual time = 101,90).	[MsgId: MWAR-15995]
Warning: Iteration pacing cannot be reached (pace time = 100,00, actual time = 104,93).	[MsgId: MWAR-15995]
Warning: Iteration pacing cannot be reached (pace time = 100,00, actual time = 103,01).	[MsgId: MWAR-15995]
Warning: Iteration pacing cannot be reached (pace time = 100,00, actual time = 104,47).	[MsgId: MWAR-15995]
Warning: Iteration pacing cannot be reached (pace time = 100,00, actual time = 106,02).	[MsgId: MWAR-15995]
Warning: Iteration pacing cannot be reached (pace time = 100,00, actual time = 107,37).	[MsgId: MWAR-15995]
Warning: Iteration pacing cannot be reached (pace time = 100,00, actual time = 110,47).	[MsgId: MWAR-15995]
Warning: Iteration pacing cannot be reached (pace time = 100,00, actual time = 110,15).	[MsgId: MWAR-15995]
Warning: Iteration pacing cannot be reached (pace time = 100,00, actual time = 111,65).	[MsgId: MWAR-15995]
Warning: Iteration pacing cannot be reached (pace time = 100,00, actual time = 107,67).	[MsgId: MWAR-15995]
Warning: Iteration pacing cannot be reached (pace time = 100,00, actual time = 112,57).	[MsgId: MWAR-15995]
Warning: Iteration pacing cannot be reached (pace time = 100,00, actual time = 106,02).	[MsgId: MWAR-15995]
Warning: Iteration pacing cannot be reached (pace time = 100,00, actual time = 102,71).	[MsgId: MWAR-15995]
Warning: Iteration pacing cannot be reached (pace time = 100,00, actual time = 107,66).	[MsgId: MWAR-15995]
Warning: Iteration pacing cannot be reached (pace time = 100,00, actual time = 107,24).	[MsgId: MWAR-15995]
Warning: Iteration pacing cannot be reached (pace time = 100,00, actual time = 103,47).	[MsgId: MWAR-15995]
Warning: Iteration pacing cannot be reached (pace time = 100,00, actual time = 108,81).	[MsgId: MWAR-15995]
Warning: Iteration pacing cannot be reached (pace time = 100,00, actual time = 109,44).	[MsgId: MWAR-15995]
Warning: Iteration pacing cannot be reached (pace time = 100,00, actual time = 103,85).	[MsgId: MWAR-15995]
Warning: Iteration pacing cannot be reached (pace time = 100,00, actual time = 102,99).	[MsgId: MWAR-15995]
Warning: Iteration pacing cannot be reached (pace time = 100,00, actual time = 104,50).	[MsgId: MWAR-15995]
Warning: Iteration pacing cannot be reached (pace time = 100,00, actual time = 102,49).	[MsgId: MWAR-15995]
Warning: Iteration pacing cannot be reached (pace time = 100,00, actual time = 104,03).	[MsgId: MWAR-15995]
Warning: Iteration pacing cannot be reached (pace time = 100,00, actual time = 103,52).	[MsgId: MWAR-15995]
Warning: Iteration pacing cannot be reached (pace time = 100,00, actual time = 109,81).	[MsgId: MWAR-15995]
Warning: Iteration pacing cannot be reached (pace time = 100,00, actual time = 112,60).	[MsgId: MWAR-15995]
Warning: Iteration pacing cannot be reached (pace time = 100,00, actual time = 107,46).	[MsgId: MWAR-15995]
Warning: Iteration pacing cannot be reached (pace time = 100,00, actual time = 108,94).	[MsgId: MWAR-15995]
Warning: Iteration pacing cannot be reached (pace time = 100,00, actual time = 109,84).	[MsgId: MWAR-15995]
Warning: Iteration pacing cannot be reached (pace time = 100,00, actual time = 102,83).	[MsgId: MWAR-15995]
Warning: Iteration pacing cannot be reached (pace time = 100,00, actual time = 101,18).	[MsgId: MWAR-15995]
Warning: Iteration pacing cannot be reached (pace time = 100,00, actual time = 102,48).	[MsgId: MWAR-15995]
Warning: Iteration pacing cannot be reached (pace time = 100,00, actual time = 103,88).	[MsgId: MWAR-15995]
Warning: Iteration pacing cannot be reached (pace time = 100,00, actual time = 106,45).	[MsgId: MWAR-15995]
Warning: Iteration pacing cannot be reached (pace time = 100,00, actual time = 105,93).	[MsgId: MWAR-15995]
Warning: Iteration pacing cannot be reached (pace time = 100,00, actual time = 111,78).	[MsgId: MWAR-15995]
Warning: Iteration pacing cannot be reached (pace time = 100,00, actual time = 104,72).	[MsgId: MWAR-15995]
Warning: Iteration pacing cannot be reached (pace time = 100,00, actual time = 108,64).	[MsgId: MWAR-15995]
Warning: Iteration pacing cannot be reached (pace time = 100,00, actual time = 105,51).	[MsgId: MWAR-15995]
Warning: Iteration pacing cannot be reached (pace time = 100,00, actual time = 102,07).	[MsgId: MWAR-15995]
Warning: Iteration pacing cannot be reached (pace time = 100,00, actual time = 102,34).	[MsgId: MWAR-15995]
Warning: Iteration pacing cannot be reached (pace time = 100,00, actual time = 106,17).	[MsgId: MWAR-15995]
Warning: Iteration pacing cannot be reached (pace time = 100,00, actual time = 104,92).	[MsgId: MWAR-15995]
Warning: Iteration pacing cannot be reached (pace time = 100,00, actual time = 104,20).	[MsgId: MWAR-15995]
Warning: Iteration pacing cannot be reached (pace time = 100,00, actual time = 105,75).	[MsgId: MWAR-15995]
Warning: Iteration pacing cannot be reached (pace time = 100,00, actual time = 110,70).	[MsgId: MWAR-15995]
Warning: Iteration pacing cannot be reached (pace time = 100,00, actual time = 107,61).	[MsgId: MWAR-15995]
Warning: Iteration pacing cannot be reached (pace time = 100,00, actual time = 105,06).	[MsgId: MWAR-15995]
Warning: Iteration pacing cannot be reached (pace time = 100,00, actual time = 108,70).	[MsgId: MWAR-15995]
Warning: Iteration pacing cannot be reached (pace time = 100,00, actual time = 102,25).	[MsgId: MWAR-15995]
Warning: Iteration pacing cannot be reached (pace time = 100,00, actual time = 109,81).	[MsgId: MWAR-15995]
Warning: Iteration pacing cannot be reached (pace time = 100,00, actual time = 106,71).	[MsgId: MWAR-15995]
Warning: Iteration pacing cannot be reached (pace time = 100,00, actual time = 107,18).	[MsgId: MWAR-15995]
Warning: Iteration pacing cannot be reached (pace time = 100,00, actual time = 101,23).	[MsgId: MWAR-15995]
Warning: Iteration pacing cannot be reached (pace time = 100,00, actual time = 103,21).	[MsgId: MWAR-15995]
Warning: Iteration pacing cannot be reached (pace time = 100,00, actual time = 109,41).	[MsgId: MWAR-15995]
Warning: Iteration pacing cannot be reached (pace time = 100,00, actual time = 102,80).	[MsgId: MWAR-15995]
Warning: Iteration pacing cannot be reached (pace time = 100,00, actual time = 103,71).	[MsgId: MWAR-15995]
Warning: Iteration pacing cannot be reached (pace time = 100,00, actual time = 103,87).	[MsgId: MWAR-15995]
Warning: Iteration pacing cannot be reached (pace time = 100,00, actual time = 102,90).	[MsgId: MWAR-15995]
Warning: Iteration pacing cannot be reached (pace time = 100,00, actual time = 104,57).	[MsgId: MWAR-15995]
Warning: Iteration pacing cannot be reached (pace time = 100,00, actual time = 103,73).	[MsgId: MWAR-15995]
Warning: Iteration pacing cannot be reached (pace time = 100,00, actual time = 110,12).	[MsgId: MWAR-15995]
Warning: Iteration pacing cannot be reached (pace time = 100,00, actual time = 104,50).	[MsgId: MWAR-15995]
Warning: Iteration pacing cannot be reached (pace time = 100,00, actual time = 109,20).	[MsgId: MWAR-15995]
Warning: Iteration pacing cannot be reached (pace time = 100,00, actual time = 107,13).	[MsgId: MWAR-15995]
Warning: Iteration pacing cannot be reached (pace time = 100,00, actual time = 105,22).	[MsgId: MWAR-15995]
Warning: Iteration pacing cannot be reached (pace time = 100,00, actual time = 103,27).	[MsgId: MWAR-15995]
Warning: Iteration pacing cannot be reached (pace time = 100,00, actual time = 106,03).	[MsgId: MWAR-15995]
Warning: Iteration pacing cannot be reached (pace time = 100,00, actual time = 104,85).	[MsgId: MWAR-15995]
Warning: Iteration pacing cannot be reached (pace time = 100,00, actual time = 103,28).	[MsgId: MWAR-15995]
Warning: Iteration pacing cannot be reached (pace time = 100,00, actual time = 103,22).	[MsgId: MWAR-15995]
Warning: Iteration pacing cannot be reached (pace time = 100,00, actual time = 107,33).	[MsgId: MWAR-15995]
Warning: Iteration pacing cannot be reached (pace time = 100,00, actual time = 102,31).	[MsgId: MWAR-15995]
Warning: Iteration pacing cannot be reached (pace time = 100,00, actual time = 110,68).	[MsgId: MWAR-15995]
Warning: Iteration pacing cannot be reached (pace time = 100,00, actual time = 112,23).	[MsgId: MWAR-15995]
Warning: Iteration pacing cannot be reached (pace time = 100,00, actual time = 106,67).	[MsgId: MWAR-15995]
Warning: Iteration pacing cannot be reached (pace time = 100,00, actual time = 105,53).	[MsgId: MWAR-15995]
Warning: Iteration pacing cannot be reached (pace time = 100,00, actual time = 107,75).	[MsgId: MWAR-15995]
Warning: Iteration pacing cannot be reached (pace time = 100,00, actual time = 105,89).	[MsgId: MWAR-15995]
Warning: Iteration pacing cannot be reached (pace time = 100,00, actual time = 102,91).	[MsgId: MWAR-15995]
Warning: Iteration pacing cannot be reached (pace time = 100,00, actual time = 103,28).	[MsgId: MWAR-15995]
Warning: Iteration pacing cannot be reached (pace time = 100,00, actual time = 106,27).	[MsgId: MWAR-15995]
Warning: Iteration pacing cannot be reached (pace time = 100,00, actual time = 110,42).	[MsgId: MWAR-15995]
Warning: Iteration pacing cannot be reached (pace time = 100,00, actual time = 104,94).	[MsgId: MWAR-15995]
Warning: Iteration pacing cannot be reached (pace time = 100,00, actual time = 105,24).	[MsgId: MWAR-15995]
Warning: Iteration pacing cannot be reached (pace time = 100,00, actual time = 105,43).	[MsgId: MWAR-15995]
Warning: Iteration pacing cannot be reached (pace time = 100,00, actual time = 104,05).	[MsgId: MWAR-15995]
Warning: Iteration pacing cannot be reached (pace time = 100,00, actual time = 106,22).	[MsgId: MWAR-15995]
Warning: Iteration pacing cannot be reached (pace time = 100,00, actual time = 107,07).	[MsgId: MWAR-15995]
Warning: Iteration pacing cannot be reached (pace time = 100,00, actual time = 113,24).	[MsgId: MWAR-15995]
Warning: Iteration pacing cannot be reached (pace time = 100,00, actual time = 108,49).	[MsgId: MWAR-15995]
Warning: Iteration pacing cannot be reached (pace time = 100,00, actual time = 106,21).	[MsgId: MWAR-15995]
Warning: Iteration pacing cannot be reached (pace time = 100,00, actual time = 103,05).	[MsgId: MWAR-15995]
Warning: Iteration pacing cannot be reached (pace time = 100,00, actual time = 110,53).	[MsgId: MWAR-15995]
Warning: Iteration pacing cannot be reached (pace time = 100,00, actual time = 111,01).	[MsgId: MWAR-15995]
Warning: Iteration pacing cannot be reached (pace time = 100,00, actual time = 107,55).	[MsgId: MWAR-15995]
Warning: Iteration pacing cannot be reached (pace time = 100,00, actual time = 100,95).	[MsgId: MWAR-15995]
Warning: Iteration pacing cannot be reached (pace time = 100,00, actual time = 103,11).	[MsgId: MWAR-15995]
Warning: Iteration pacing cannot be reached (pace time = 100,00, actual time = 105,56).	[MsgId: MWAR-15995]
Warning: Iteration pacing cannot be reached (pace time = 100,00, actual time = 102,49).	[MsgId: MWAR-15995]
Warning: Iteration pacing cannot be reached (pace time = 100,00, actual time = 104,39).	[MsgId: MWAR-15995]
Warning: Iteration pacing cannot be reached (pace time = 100,00, actual time = 106,70).	[MsgId: MWAR-15995]
Warning: Iteration pacing cannot be reached (pace time = 100,00, actual time = 105,84).	[MsgId: MWAR-15995]
Warning: Iteration pacing cannot be reached (pace time = 100,00, actual time = 104,76).	[MsgId: MWAR-15995]
Warning: Iteration pacing cannot be reached (pace time = 100,00, actual time = 106,07).	[MsgId: MWAR-15995]
Warning: Iteration pacing cannot be reached (pace time = 100,00, actual time = 107,23).	[MsgId: MWAR-15995]
Warning: Iteration pacing cannot be reached (pace time = 100,00, actual time = 109,60).	[MsgId: MWAR-15995]
Warning: Iteration pacing cannot be reached (pace time = 100,00, actual time = 104,12).	[MsgId: MWAR-15995]
Warning: Iteration pacing cannot be reached (pace time = 100,00, actual time = 106,88).	[MsgId: MWAR-15995]
Warning: Iteration pacing cannot be reached (pace time = 100,00, actual time = 108,72).	[MsgId: MWAR-15995]
Warning: Iteration pacing cannot be reached (pace time = 100,00, actual time = 104,65).	[MsgId: MWAR-15995]
Warning: Iteration pacing cannot be reached (pace time = 100,00, actual time = 105,34).	[MsgId: MWAR-15995]
Warning: Iteration pacing cannot be reached (pace time = 100,00, actual time = 109,86).	[MsgId: MWAR-15995]
Warning: Iteration pacing cannot be reached (pace time = 100,00, actual time = 101,17).	[MsgId: MWAR-15995]
Warning: Iteration pacing cannot be reached (pace time = 100,00, actual time = 107,16).	[MsgId: MWAR-15995]
Warning: Iteration pacing cannot be reached (pace time = 100,00, actual time = 100,03).	[MsgId: MWAR-15995]
Warning: Iteration pacing cannot be reached (pace time = 100,00, actual time = 100,05).	[MsgId: MWAR-15995]
Warning: Iteration pacing cannot be reached (pace time = 100,00, actual time = 108,38).	[MsgId: MWAR-15995]
Warning: Iteration pacing cannot be reached (pace time = 100,00, actual time = 107,93).	[MsgId: MWAR-15995]
Warning: Iteration pacing cannot be reached (pace time = 100,00, actual time = 106,77).	[MsgId: MWAR-15995]
Warning: Iteration pacing cannot be reached (pace time = 100,00, actual time = 108,30).	[MsgId: MWAR-15995]
Warning: Iteration pacing cannot be reached (pace time = 100,00, actual time = 103,17).	[MsgId: MWAR-15995]
Warning: Iteration pacing cannot be reached (pace time = 100,00, actual time = 103,81).	[MsgId: MWAR-15995]
Warning: Iteration pacing cannot be reached (pace time = 100,00, actual time = 105,86).	[MsgId: MWAR-15995]
Warning: Iteration pacing cannot be reached (pace time = 100,00, actual time = 104,21).	[MsgId: MWAR-15995]
