../lib/common.h(308):     Keep-Alive: timeout=5, max=100\r\n
../lib/common.h(308):     Connection: Keep-Alive\r\n
../lib/common.h(308):     Transfer-Encoding: chunked\r\n
../lib/common.h(308):     Content-Type: text/html; charset=ISO-8859-1\r\n
../lib/common.h(308):     \r\n
../lib/common.h(308): t=6480383ms: 5-byte chunked response overhead for "http://localhost:1080/cgi-bin/nav.pl?in=home" (RelFrameId=1.1, Internal ID=479)
../lib/common.h(308):     5d1\r\n
../lib/common.h(308): t=6480383ms: 2-byte chunked response overhead for "http://localhost:1080/cgi-bin/nav.pl?in=home" (RelFrameId=1.1, Internal ID=479)
../lib/common.h(308):     \r\n
../lib/common.h(308): t=6480383ms: 1489-byte chunked response body for "http://localhost:1080/cgi-bin/nav.pl?in=home" (RelFrameId=1.1, Internal ID=479)
../lib/common.h(308):     <!DOCTYPE html\n
../lib/common.h(308):     \tPUBLIC "-//W3C//DTD XHTML 1.0 Transitional//EN"\n
../lib/common.h(308):     \t "http://www.w3.org/TR/xhtml1/DTD/xhtml1-transitional.dtd">\n
../lib/common.h(308):     <html xmlns="http://www.w3.org/1999/xhtml" lang="en-US" xml:lang="en-US">\n
../lib/common.h(308):     <head>\n
../lib/common.h(308):     <title>Web Tours Navigation Bar</title>\n
../lib/common.h(308):     <meta http-equiv="Content-Type" content="text/html; charset=iso-8859-1" />\n
../lib/common.h(308):     </head>\n
../lib/common.h(308):     <body bgcolor="#E0E7F1">\n
../lib/common.h(308):     <style>\n
../lib/common.h(308):     blockquote {font-family: tahoma; font-size : 10pt}\n
../lib/common.h(308):     H1 {font-family: tahoma; font-size : 22pt; color: #993333}\n
../lib/common.h(308):     H3 {font-family: tahoma; font-size : 10pt; color: black}\n
../lib/common.h(308):     small {font-family: tahoma; font-size : 8pt}\n
../lib/common.h(308):     </style>\n
../lib/common.h(308):     <form method="post" action="/cgi-bin/login.pl" target="body">\n
../lib/common.h(308):     <input type="hidden" name="userSession" value="137878.610773593HAQcVDVpAtVzzzzHtcffcpHizcf
../lib/common.h(308):     "/>\n
../lib/common.h(308):     <table border="0"><tr><td>&nbsp;</td>\n
../lib/common.h(308):     <td>&nbsp;</td></tr>\n
../lib/common.h(308):     <tr><td>&nbsp;</td>\n
../lib/common.h(308):     <td>&nbsp;</td></tr>\n
../lib/common.h(308):     <tr><td>&nbsp;</td>\n
../lib/common.h(308):     <td><small>&nbsp;Username</small></td></tr>\n
../lib/common.h(308):     <tr><td>&nbsp;</td>\n
../lib/common.h(308):     <td><input type="text" name="username" value="" size="14" maxlength="14"/></td></tr>\n
../lib/common.h(308):     <tr><td>&nbsp;</td>\n
../lib/common.h(308):     <td><small>&nbsp;Password</small></td>\n
../lib/common.h(308):     <tr><td>&nbsp;</td>\n
../lib/common.h(308):     <td><input type="password" name="password" value="" size="14" maxlength="14"/></td></tr>\n
../lib/common.h(308):     <tr><td>&nbsp;</td>\n
../lib/common.h(308):     <td>&nbsp;</td></tr>\n
../lib/common.h(308):     <tr><td>&nbsp;</td>\n
../lib/common.h(308):     <td><input type="image" name="login" value="Login" alt="Login" border="1" \n
../lib/common.h(308):     src="/WebTours/images/mer_login.gif"/></td></tr>\n
../lib/common.h(308):     <tr><td>&nbsp;</td><td>&nbsp;</td></tr>\n
../lib/common.h(308):     </table><input type="hidden" name="JSFormSubmit" value="off"/>\n
../lib/common.h(308):     </form>\n
../lib/common.h(308):     \n
../lib/common.h(308):     </body>\n
../lib/common.h(308):     </html>\n
../lib/common.h(308): Resource "http://localhost:1080/WebTours/images/mer_login.gif" is in the cache already and will not be downloaded again  	[MsgId: MMSG-26655]
../lib/common.h(308): t=6480383ms: 5-byte chunked response overhead for "http://localhost:1080/cgi-bin/nav.pl?in=home" (RelFrameId=1.1, Internal ID=479)
../lib/common.h(308):     0\r\n
../lib/common.h(308):     \r\n
../lib/common.h(308): t=6480383ms: Request done "http://localhost:1080/cgi-bin/nav.pl?in=home"  	[MsgId: MMSG-26000]
../lib/common.h(308): Registered web_reg_find successful for "Text=Welcome to the Web Tours site." (count=1)  	[MsgId: MMSG-26364]
../lib/common.h(308): web_url("SignOff Button") was successful, 2175 body bytes, 584 header bytes, 24 chunking overhead bytes  	[MsgId: MMSG-26385]
Action.c(57): Notify: Transaction "sign_off" ended with a "Pass" status (Duration: 0,0480).	[MsgId: MMSG-16873]
Action.c(59): Notify: Transaction "UC5_BuyTicketWithoutItinerary" ended with a "Pass" status (Duration: 49,8263 Think Time: 49,4169).	[MsgId: MMSG-16872]
Ending action Action.	[MsgId: MMSG-15918]
Ending iteration 20.	[MsgId: MMSG-15965]
Waiting 50,1740 seconds for iteration pacing.	[MsgId: MMSG-15996]
Action.c(29): Notify: Transaction "search_flight" started.	[MsgId: MMSG-16999]
Action.c(31): Notify: Parameter Substitution: parameter "numPassengers" =  "3"	[MsgId: MMSG-13992]
../lib/common.h(128): Notify: Next row for parameter cityToChoose = 3 [table  = cityToChoose].	[MsgId: MMSG-13876]
../lib/common.h(128): Notify: Getting new value for parameter 'cityToChoose': table = '..\datapools\cities.dat' column = '0' row = '3'.	[MsgId: MMSG-13877]
../lib/common.h(128): Notify: Parameter Substitution: parameter "cityToChoose" =  "London"	[MsgId: MMSG-13992]
../lib/common.h(129): Notify: Saving Parameter "departureCity = London".	[MsgId: MMSG-13798]
../lib/common.h(130): Notify: Next row for parameter cityToChoose = 4 [table  = cityToChoose].	[MsgId: MMSG-13876]
../lib/common.h(130): Notify: Getting new value for parameter 'cityToChoose': table = '..\datapools\cities.dat' column = '0' row = '4'.	[MsgId: MMSG-13877]
../lib/common.h(130): Notify: Parameter Substitution: parameter "cityToChoose" =  "Los Angeles"	[MsgId: MMSG-13992]
../lib/common.h(131): Notify: Saving Parameter "arrivalCity = Los Angeles".	[MsgId: MMSG-13798]
../lib/common.h(133): web_add_auto_header("Origin") started  	[MsgId: MMSG-26355]
../lib/common.h(133): Notify: Parameter Substitution: parameter "protocol" =  "http"	[MsgId: MMSG-13992]
../lib/common.h(133): Notify: Parameter Substitution: parameter "host" =  "localhost"	[MsgId: MMSG-13992]
../lib/common.h(133): Notify: Parameter Substitution: parameter "port" =  "1080"	[MsgId: MMSG-13992]
../lib/common.h(133): An unrecognized header ("Origin") is being added  	[MsgId: MMSG-26595]
../lib/common.h(133): "Origin: http://localhost:1080" header registered for adding to requests from all following Action functions  	[MsgId: MMSG-26505]
../lib/common.h(133): web_add_auto_header("Origin") was successful  	[MsgId: MMSG-26392]
../lib/common.h(136): web_add_auto_header("Sec-Fetch-User") started  	[MsgId: MMSG-26355]
../lib/common.h(136): An unrecognized header ("Sec-Fetch-User") is being added  	[MsgId: MMSG-26595]
../lib/common.h(136): "Sec-Fetch-User: ?1" header registered for adding to requests from all following Action functions  	[MsgId: MMSG-26505]
../lib/common.h(136): web_add_auto_header("Sec-Fetch-User") was successful  	[MsgId: MMSG-26392]
../lib/common.h(139): web_reg_find started  	[MsgId: MMSG-26355]
../lib/common.h(139): Notify: Parameter Substitution: parameter "departureCity" =  "London"	[MsgId: MMSG-13992]
../lib/common.h(139): Notify: Parameter Substitution: parameter "arrivalCity" =  "Los Angeles"	[MsgId: MMSG-13992]
../lib/common.h(139): Notify: Parameter Substitution: parameter "departDate" =  "12/10/2023"	[MsgId: MMSG-13992]
../lib/common.h(139): Registering web_reg_find was successful  	[MsgId: MMSG-26390]
../lib/common.h(141): web_reg_save_param_ex started  	[MsgId: MMSG-26355]
../lib/common.h(141): Registering web_reg_save_param_ex was successful  	[MsgId: MMSG-26390]
../lib/common.h(150): web_submit_data("reservations.pl") started  	[MsgId: MMSG-26355]
../lib/common.h(150): Notify: Parameter Substitution: parameter "protocol" =  "http"	[MsgId: MMSG-13992]
../lib/common.h(150): Notify: Parameter Substitution: parameter "host" =  "localhost"	[MsgId: MMSG-13992]
../lib/common.h(150): Notify: Parameter Substitution: parameter "port" =  "1080"	[MsgId: MMSG-13992]
../lib/common.h(150): Notify: Parameter Substitution: parameter "protocol" =  "http"	[MsgId: MMSG-13992]
../lib/common.h(150): Notify: Parameter Substitution: parameter "host" =  "localhost"	[MsgId: MMSG-13992]
../lib/common.h(150): Notify: Parameter Substitution: parameter "port" =  "1080"	[MsgId: MMSG-13992]
../lib/common.h(150): Notify: Parameter Substitution: parameter "departureCity" =  "London"	[MsgId: MMSG-13992]
../lib/common.h(150): Notify: Parameter Substitution: parameter "departDate" =  "12/10/2023"	[MsgId: MMSG-13992]
../lib/common.h(150): Notify: Parameter Substitution: parameter "arrivalCity" =  "Los Angeles"	[MsgId: MMSG-13992]
../lib/common.h(150): Notify: Parameter Substitution: parameter "returnDate" =  "12/09/2023"	[MsgId: MMSG-13992]
../lib/common.h(150): Notify: Parameter Substitution: parameter "seatPref" =  "Aisle"	[MsgId: MMSG-13992]
../lib/common.h(150): Notify: Parameter Substitution: parameter "seatType" =  "Business"	[MsgId: MMSG-13992]
../lib/common.h(150): t=6480574ms: Closed connection [0] to localhost:1080 after completing 2 request(s)  	[MsgId: MMSG-26000]
../lib/common.h(150): t=6480575ms: Connecting [0] to host 127.0.0.1:1080  	[MsgId: MMSG-26000]
../lib/common.h(150): t=6480575ms: Connected socket [0] from 127.0.0.1:51759 to 127.0.0.1:1080 in 0 ms  	[MsgId: MMSG-26000]
../lib/common.h(150): t=6480575ms: 910-byte request headers for "http://localhost:1080/cgi-bin/reservations.pl" (RelFrameId=1, Internal ID=162)
../lib/common.h(150):     POST /cgi-bin/reservations.pl HTTP/1.1\r\n
../lib/common.h(150):     Content-Type: application/x-www-form-urlencoded\r\n
../lib/common.h(150):     Referer: http://localhost:1080/cgi-bin/reservations.pl?page=welcome\r\n
../lib/common.h(150):     Sec-Fetch-Dest: frame\r\n
../lib/common.h(150):     Sec-Fetch-Mode: navigate\r\n
../lib/common.h(150):     Sec-Fetch-Site: same-origin\r\n
../lib/common.h(150):     Upgrade-Insecure-Requests: 1\r\n
../lib/common.h(150):     sec-ch-ua: "Google Chrome";v="105", "Not)A;Brand";v="8", "Chromium";v="105"\r\n
../lib/common.h(150):     sec-ch-ua-mobile: ?0\r\n
../lib/common.h(150):     sec-ch-ua-platform: "Windows"\r\n
../lib/common.h(150):     Origin: http://localhost:1080\r\n
../lib/common.h(150):     Sec-Fetch-User: ?1\r\n
../lib/common.h(150):     User-Agent: Mozilla/5.0 (Windows NT 10.0; Win64; x64) AppleWebKit/537.36 (KHTML, like Geck
../lib/common.h(150):     o) Chrome/105.0.0.0 Safari/537.36\r\n
../lib/common.h(150):     Accept-Encoding: gzip, deflate, br\r\n
../lib/common.h(150):     Accept-Language: ru-RU,ru;q=0.9,en-US;q=0.8,en;q=0.7\r\n
../lib/common.h(150):     Accept: */*\r\n
../lib/common.h(150):     Connection: Keep-Alive\r\n
../lib/common.h(150):     Host: localhost:1080\r\n
../lib/common.h(150):     Cookie: MSO=SID&1702111425; MTUserInfo=firstName&Merrill&address2&Bangkok&username&gmxijw&
../lib/common.h(150):     hash&55&lastName&Arasaratnam%0A&address1&ANZA%20ST&creditCard&&expDate&%0A\r\n
../lib/common.h(150):     Content-Length: 246\r\n
../lib/common.h(150):     \r\n
../lib/common.h(150): t=6480575ms: 246-byte request body for "http://localhost:1080/cgi-bin/reservations.pl" (RelFrameId=1, Internal ID=162)
../lib/common.h(150):     advanceDiscount=0&depart=London&departDate=12%2F10%2F2023&arrive=Los+Angeles&returnDate=12
../lib/common.h(150):     %2F09%2F2023&numPassengers=3&seatPref=Aisle&seatType=Business&findFlights.x=49&findFlights
../lib/common.h(150):     .y=11&.cgifields=roundtrip&.cgifields=seatType&.cgifields=seatPref
../lib/common.h(150): t=6480575ms: Inactive socket [1] was closed by localhost:1080, probably due to Keep-Alive timeout  	[MsgId: MMSG-26000]
../lib/common.h(150): t=6480575ms: Closed connection [1] to localhost:1080 after completing 2 request(s)  	[MsgId: MMSG-26000]
../lib/common.h(150): t=6480575ms: Inactive socket [2] was closed by localhost:1080, probably due to Keep-Alive timeout  	[MsgId: MMSG-26000]
../lib/common.h(150): t=6480575ms: Closed connection [2] to localhost:1080 after completing 1 request(s)  	[MsgId: MMSG-26000]
../lib/common.h(150): t=6480575ms: Inactive socket [3] was closed by localhost:1080, probably due to Keep-Alive timeout  	[MsgId: MMSG-26000]
../lib/common.h(150): t=6480575ms: Closed connection [3] to localhost:1080 after completing 1 request(s)  	[MsgId: MMSG-26000]
../lib/common.h(150): t=6480603ms: 256-byte response headers for "http://localhost:1080/cgi-bin/reservations.pl" (RelFrameId=1, Internal ID=162)
../lib/common.h(150):     HTTP/1.1 200 OK\r\n
../lib/common.h(150):     Date: Sat, 09 Dec 2023 08:44:10 GMT\r\n
../lib/common.h(150):     Server: Apache/2.2.21 (Win32)\r\n
../lib/common.h(150):     Expires: Fri, 08 Dec 2023 08:44:10 GMT\r\n
../lib/common.h(150):     Keep-Alive: timeout=5, max=100\r\n
../lib/common.h(150):     Connection: Keep-Alive\r\n
../lib/common.h(150):     Transfer-Encoding: chunked\r\n
../lib/common.h(150):     Content-Type: text/html; charset=ISO-8859-1\r\n
../lib/common.h(150):     \r\n
../lib/common.h(150): t=6480604ms: 5-byte chunked response overhead for "http://localhost:1080/cgi-bin/reservations.pl" (RelFrameId=1, Internal ID=162)
../lib/common.h(150):     996\r\n
../lib/common.h(150): t=6480604ms: 2-byte chunked response overhead for "http://localhost:1080/cgi-bin/reservations.pl" (RelFrameId=1, Internal ID=162)
../lib/common.h(150):     \r\n
../lib/common.h(150): t=6480604ms: 2454-byte chunked response body for "http://localhost:1080/cgi-bin/reservations.pl" (RelFrameId=1, Internal ID=162)
../lib/common.h(150):     <!DOCTYPE html\n
../lib/common.h(150):     \tPUBLIC "-//W3C//DTD XHTML 1.0 Transitional//EN"\n
../lib/common.h(150):     \t "http://www.w3.org/TR/xhtml1/DTD/xhtml1-transitional.dtd">\n
../lib/common.h(150):     <html xmlns="http://www.w3.org/1999/xhtml" lang="en-US" xml:lang="en-US">\n
../lib/common.h(150):     <head>\n
../lib/common.h(150):     <title>Flight Selections</title>\n
../lib/common.h(150):     <meta http-equiv="Content-Type" content="text/html; charset=iso-8859-1" />\n
../lib/common.h(150):     </head>\n
../lib/common.h(150):     <body bgcolor="#E0E7F1">\n
../lib/common.h(150):     <style>blockquote {font-family: tahoma; font-size : 10pt}H1 {font-family: tahoma; font-siz
../lib/common.h(150):     e : 22pt; color: #993333}small {font-family: tahoma; font-size : 8pt}H3 {font-family: taho
../lib/common.h(150):     ma; font-size : 10pt; color: black}TD {font-family: tahoma; font-size : 10pt; color: black
../lib/common.h(150):     }</style><BR/><BR/><h1><font color="#003366">&nbsp;&nbsp;<b>Find Flight</font></b></h1><bl
../lib/common.h(150):     ockquote>\n
../lib/common.h(150):     <form method="post" action="reservations.pl" enctype="application/x-www-form-urlencoded">\n
../lib/common.h(150):     \n
../lib/common.h(150):     <center>\n
../lib/common.h(150):     <!-- From London (2) To Los Angeles (3) -->\n
../lib/common.h(150):     <table cellspacing="2" border="0" width="50%">\n
../lib/common.h(150):     <blockquote>Flight departing from <B>London</B> to <B>Los Angeles</B> on <B>12/10/2023</B>
../lib/common.h(150):     <BR/><BR/><tr bgcolor="#5E7884"><td align="center"><font color="white"><B>Flight</B></font
../lib/common.h(150):     >\n
../lib/common.h(150):           \t\t<td align="center"><font color="white"><B>Departure time</B>\n
../lib/common.h(150):           \t\t<td align="center"><font color="white"><B>Cost</B>\n
../lib/common.h(150):     <tr bgcolor="#EFF2F7"><td align="center"><input type="radio" name="outboundFlight" value="
../lib/common.h(150):     230;1121;12/10/2023" checked="checked" >Blue Sky Air 230<td align="center">8am<td align="c
../lib/common.h(150):     enter">$ 1121</TD></TR><tr bgcolor="#EFF2F7"><td align="center"><input type="radio" name="
../lib/common.h(150):     outboundFlight" value="231;998;12/10/2023">Blue Sky Air 231<td align="center">1pm<td align
../lib/common.h(150):     ="center">$ 998</TD></TR><tr bgcolor="#EFF2F7"><td align="center"><input type="radio" name
../lib/common.h(150):     ="outboundFlight" value="232;1060;12/10/2023">Blue Sky Air 232<td align="center">5pm<td al
../lib/common.h(150):     ign="center">$ 1060</TD></TR><tr bgcolor="#EFF2F7"><td align="center"><input type="radio" 
../lib/common.h(150):     name="outboundFlight" value="233;917;12/10/2023">Blue Sky Air 233<td align="center">11pm<t
../lib/common.h(150):     d align="center">$ 917</TD></TR></table>\n
../lib/common.h(150):     \n
../lib/common.h(150):     <input type="hidden" name="numPassengers" value="3"  /><input type="hidden" name="advanceD
../lib/common.h(150):     iscount" value="0"  /><input type="hidden" name="seatType" value="Business"  /><input type
../lib/common.h(150):     ="hidden" name="seatPref" value="Aisle"  />\n
../lib/common.h(150):     <P><center><table width=80% cellspacing=1><tr><td align=center>\n
../lib/common.h(150):     <input type="image" name="reserveFlights" src="/WebTours/images/button_next.gif" border="0
../lib/common.h(150):     " />\n
../lib/common.h(150):     <td>&nbsp;<td align=center></table></center></form></center>\n
../lib/common.h(150):     </blockquote>\n
../lib/common.h(150):     \n
../lib/common.h(150):     </body>\n
../lib/common.h(150):     </html>
../lib/common.h(150): Notify: Saving Parameter "outboundFlight_1 = 230;1121;12/10/2023".	[MsgId: MMSG-13798]
../lib/common.h(150): Notify: Saving Parameter "outboundFlight_2 = 231;998;12/10/2023".	[MsgId: MMSG-13798]
../lib/common.h(150): Notify: Saving Parameter "outboundFlight_3 = 232;1060;12/10/2023".	[MsgId: MMSG-13798]
../lib/common.h(150): Notify: Saving Parameter "outboundFlight_4 = 233;917;12/10/2023".	[MsgId: MMSG-13798]
../lib/common.h(150): Resource "http://localhost:1080/WebTours/images/button_next.gif" is in the cache already and will not be downloaded again  	[MsgId: MMSG-26655]
../lib/common.h(150): t=6480605ms: 5-byte chunked response overhead for "http://localhost:1080/cgi-bin/reservations.pl" (RelFrameId=1, Internal ID=162)
../lib/common.h(150):     0\r\n
../lib/common.h(150):     \r\n
../lib/common.h(150): t=6480605ms: Request done "http://localhost:1080/cgi-bin/reservations.pl"  	[MsgId: MMSG-26000]
../lib/common.h(150): Registered web_reg_find successful for "Text=Flight departing from <B>London</B> to <B>Los Angeles</B> on <B>12/10/2023</B>" (count=1)  	[MsgId: MMSG-26364]
../lib/common.h(150): Notify: Saving Parameter "outboundFlight_count = 4".	[MsgId: MMSG-13798]
../lib/common.h(150): web_submit_data("reservations.pl") was successful, 2454 body bytes, 256 header bytes, 12 chunking overhead bytes  	[MsgId: MMSG-26385]
../lib/common.h(174): Notify: Parameter Substitution: parameter "outboundFlight_count" =  "4"	[MsgId: MMSG-13992]
../lib/common.h(174): Notify: Parameter Substitution: parameter "outboundFlight_1" =  "230;1121;12/10/2023"	[MsgId: MMSG-13992]
../lib/common.h(183): Notify: Saving Parameter "ticket = 230;1121;12/10/2023".	[MsgId: MMSG-13798]
../lib/common.h(184): Notify: Saving Parameter "flightNumber = 230".	[MsgId: MMSG-13798]
../lib/common.h(185): Notify: Saving Parameter "flightPrice = 3363".	[MsgId: MMSG-13798]
Action.c(33): Notify: Transaction "search_flight" ended with a "Pass" status (Duration: 0,0310).	[MsgId: MMSG-16873]
Action.c(35): lr_think_time: 8,23 seconds.	[MsgId: MMSG-15948]
Action.c(53): Notify: Transaction "sign_off" started.	[MsgId: MMSG-16999]
../lib/common.h(304): web_remove_auto_header("Sec-Fetch-User") started  	[MsgId: MMSG-26355]
../lib/common.h(304): Previous automatically added web header for "Sec-Fetch-User" removed  	[MsgId: MMSG-26587]
../lib/common.h(304): web_remove/revert_auto_header("Sec-Fetch-User") was successful  	[MsgId: MMSG-26392]
../lib/common.h(306): web_reg_find started  	[MsgId: MMSG-26355]
../lib/common.h(306): Registering web_reg_find was successful  	[MsgId: MMSG-26390]
../lib/common.h(308): web_url("SignOff Button") started  	[MsgId: MMSG-26355]
../lib/common.h(308): Notify: Parameter Substitution: parameter "protocol" =  "http"	[MsgId: MMSG-13992]
../lib/common.h(308): Notify: Parameter Substitution: parameter "host" =  "localhost"	[MsgId: MMSG-13992]
../lib/common.h(308): Notify: Parameter Substitution: parameter "port" =  "1080"	[MsgId: MMSG-13992]
../lib/common.h(308): Notify: Parameter Substitution: parameter "protocol" =  "http"	[MsgId: MMSG-13992]
../lib/common.h(308): Notify: Parameter Substitution: parameter "host" =  "localhost"	[MsgId: MMSG-13992]
../lib/common.h(308): Notify: Parameter Substitution: parameter "port" =  "1080"	[MsgId: MMSG-13992]
../lib/common.h(308): t=6480670ms: Closed connection [0] to localhost:1080 after completing 1 request(s)  	[MsgId: MMSG-26000]
../lib/common.h(308): t=6480670ms: Connecting [0] to host 127.0.0.1:1080  	[MsgId: MMSG-26000]
../lib/common.h(308): t=6480670ms: Connected socket [0] from 127.0.0.1:51760 to 127.0.0.1:1080 in 0 ms  	[MsgId: MMSG-26000]
../lib/common.h(308): t=6480670ms: 805-byte request headers for "http://localhost:1080/cgi-bin/welcome.pl?signOff=1" (RelFrameId=1, Internal ID=142)
../lib/common.h(308):     GET /cgi-bin/welcome.pl?signOff=1 HTTP/1.1\r\n
../lib/common.h(308):     Referer: http://localhost:1080/cgi-bin/nav.pl?page=menu&in=itinerary\r\n
../lib/common.h(308):     Sec-Fetch-Dest: frame\r\n
../lib/common.h(308):     Sec-Fetch-Mode: navigate\r\n
../lib/common.h(308):     Sec-Fetch-Site: same-origin\r\n
../lib/common.h(308):     Upgrade-Insecure-Requests: 1\r\n
../lib/common.h(308):     sec-ch-ua: "Google Chrome";v="105", "Not)A;Brand";v="8", "Chromium";v="105"\r\n
../lib/common.h(308):     sec-ch-ua-mobile: ?0\r\n
../lib/common.h(308):     sec-ch-ua-platform: "Windows"\r\n
../lib/common.h(308):     Origin: http://localhost:1080\r\n
../lib/common.h(308):     User-Agent: Mozilla/5.0 (Windows NT 10.0; Win64; x64) AppleWebKit/537.36 (KHTML, like Geck
../lib/common.h(308):     o) Chrome/105.0.0.0 Safari/537.36\r\n
../lib/common.h(308):     Accept-Encoding: gzip, deflate, br\r\n
../lib/common.h(308):     Accept-Language: ru-RU,ru;q=0.9,en-US;q=0.8,en;q=0.7\r\n
../lib/common.h(308):     Accept: */*\r\n
../lib/common.h(308):     Connection: Keep-Alive\r\n
../lib/common.h(308):     Host: localhost:1080\r\n
../lib/common.h(308):     Cookie: MSO=SID&1702111400; MTUserInfo=firstName&Billie&username&dadtkwtnb&address2&Ahmeda
../lib/common.h(308):     bad&hash&34&address1&PERALTA%20AVE&lastName&Crouzet%0A\r\n
../lib/common.h(308):     \r\n
../lib/common.h(308): t=6480670ms: Inactive socket [1] was closed by localhost:1080, probably due to Keep-Alive timeout  	[MsgId: MMSG-26000]
../lib/common.h(308): t=6480670ms: Closed connection [1] to localhost:1080 after completing 1 request(s)  	[MsgId: MMSG-26000]
../lib/common.h(308): t=6480692ms: 328-byte response headers for "http://localhost:1080/cgi-bin/welcome.pl?signOff=1" (RelFrameId=1, Internal ID=142)
../lib/common.h(308):     HTTP/1.1 200 OK\r\n
../lib/common.h(308):     Date: Sat, 09 Dec 2023 08:44:10 GMT\r\n
../lib/common.h(308):     Server: Apache/2.2.21 (Win32)\r\n
../lib/common.h(308):     Set-Cookie: MSO=SID&1702111450; path=/\r\n
../lib/common.h(308):     Set-Cookie: MTUserInfo=; path=/; expires=Fri, 08-Dec-2023 08:44:10 GMT\r\n
../lib/common.h(308):     Keep-Alive: timeout=5, max=100\r\n
../lib/common.h(308):     Connection: Keep-Alive\r\n
../lib/common.h(308):     Transfer-Encoding: chunked\r\n
../lib/common.h(308):     Content-Type: text/html; charset=ISO-8859-1\r\n
../lib/common.h(308):     \r\n
../lib/common.h(308): t=6480692ms: 5-byte chunked response overhead for "http://localhost:1080/cgi-bin/welcome.pl?signOff=1" (RelFrameId=1, Internal ID=142)
../lib/common.h(308):     2ae\r\n
../lib/common.h(308): t=6480692ms: 2-byte chunked response overhead for "http://localhost:1080/cgi-bin/welcome.pl?signOff=1" (RelFrameId=1, Internal ID=142)
../lib/common.h(308):     \r\n
../lib/common.h(308): t=6480693ms: 686-byte chunked response body for "http://localhost:1080/cgi-bin/welcome.pl?signOff=1" (RelFrameId=1, Internal ID=142)
../lib/common.h(308):     <!-- \n
../lib/common.h(308):      A Session ID has been created and loaded into a cookie called MSO.\n
../lib/common.h(308):      Also, the server options have been loaded into the cookie called\n
../lib/common.h(308):      MSO as well.  The server options can be set via the Admin page.\n
../lib/common.h(308):      --->\n
../lib/common.h(308):     \n
../lib/common.h(308):     <html>\n
../lib/common.h(308):     <title>Web Tours</title>\n
../lib/common.h(308):        <!-- Frame Set -->\n
../lib/common.h(308):        <frameset cols="160,*" border="1" frameborder="1">\n
../lib/common.h(308):           <!-- Navigation Frame -->\n
../lib/common.h(308):           <frame src="nav.pl?in=home" name="navbar" marginheight="2" marginwidth="2" \n
../lib/common.h(308):                 noresize="noresize" scrolling="auto"/>\n
../lib/common.h(308):           <!-- Home Frame -->\n
../lib/common.h(308):           <frame src="/WebTours/home.html" name="info" marginheight="2" marginwidth="2" \n
../lib/common.h(308):                 noresize="noresize" scrolling="auto"/>\n
../lib/common.h(308):        </frameset>\n
../lib/common.h(308):     </html>\n
../lib/common.h(308):     \n
../lib/common.h(308):     </body>\n
../lib/common.h(308):     </html>
../lib/common.h(308): Detected non-resource "http://localhost:1080/cgi-bin/nav.pl?in=home" in "http://localhost:1080/cgi-bin/welcome.pl?signOff=1"  	[MsgId: MMSG-26574]
../lib/common.h(308): Detected non-resource "http://localhost:1080/WebTours/home.html" in "http://localhost:1080/cgi-bin/welcome.pl?signOff=1"  	[MsgId: MMSG-26574]
../lib/common.h(308): Retrieving data from cache for "http://localhost:1080/WebTours/home.html"  	[MsgId: MMSG-26558]
../lib/common.h(308): t=6480693ms: 1361-byte response body retrieved from cache for "http://localhost:1080/WebTours/home.html" (RelFrameId=1.2, Internal ID=144)
../lib/common.h(308):     <HTML>\n
../lib/common.h(308):     <HEAD>\n
../lib/common.h(308):     \t<title>Web Tours</title>\n
../lib/common.h(308):     </HEAD>\n
../lib/common.h(308):     <style>\n
../lib/common.h(308):     \tblockquote {font-family: tahoma; font-size : 10pt}\n
../lib/common.h(308):     \tH1 {font-family: tahoma; font-size : 22pt; color: #003366}\n
../lib/common.h(308):     \tsmall {font-family: tahoma; font-size : 8pt}\n
../lib/common.h(308):     \tH3{font-family: tahoma; font-size : 10pt; color: black}\n
../lib/common.h(308):     \tA {FONT-WEIGHT: bold; FONT-SIZE: 10pt; COLOR: black; FONT-FAMILY: Tahoma; TEXT-DECORATIO
../lib/common.h(308):     N: none}\n
../lib/common.h(308):     \tA:hover{ FONT-WEIGHT: bold; FONT-SIZE: 10pt; COLOR: #993333; FONT-FAMILY: Tahoma;TEXT-DE
../lib/common.h(308):     CORATION: underline}\n
../lib/common.h(308):     \tTD {font-family: tahoma; font-size : 10pt; color: black}\n
../lib/common.h(308):     </style>\n
../lib/common.h(308):     <body bgcolor="#e0e7f1">\n
../lib/common.h(308):     <BR/>\n
../lib/common.h(308):     <BR/>\n
../lib/common.h(308):     <BR/>\n
../lib/common.h(308):     <br/>\n
../lib/common.h(308):     <table border="0">\n
../lib/common.h(308):     <tr><td></td></tr>\n
../lib/common.h(308):     <TR><TD></TD></TR>\n
../lib/common.h(308):     <TR><TD>\n
../lib/common.h(308):     <blockquote>\n
../lib/common.h(308):     <H1><b>Web Tours</b></H1>\n
../lib/common.h(308):     Welcome to the Web Tours site.\n
../lib/common.h(308):     <br/>\n
../lib/common.h(308):     To make reservations,please enter your account information to the left.\n
../lib/common.h(308):     <br/>\n
../lib/common.h(308):     If you haven't registered yet, <A href="/cgi-bin/login.pl?username=&amp;password=&amp;getI
../lib/common.h(308):     nfo=true" ><B>sign up now</B></A> to get access to all our resources.\n
../lib/common.h(308):     <br/>\n
../lib/common.h(308):     To configure the server options, use <A href="/cgi-bin/admin.pl" target="body" ><b>adminis
../lib/common.h(308):     tration</b></A> link.\n
../lib/common.h(308):     <br/><br/><br/><br/><br/><br/>\n
../lib/common.h(308):     <br/><small>\n
../lib/common.h(308):     This product uses parts of the SMT Kernel, Copyright (c) 1991-99 <A href="http://www.imati
../lib/common.h(308):     x.com" target="new"><B><small>iMatix Corporation</small></B></A> \n
../lib/common.h(308):     </small>\n
../lib/common.h(308):     </blockquote></TD>\n
../lib/common.h(308):     <TD></TD></TR>\n
../lib/common.h(308):     </table>\n
../lib/common.h(308):     </body>\n
../lib/common.h(308):     </HTML>\n
../lib/common.h(308): t=6480693ms: Connecting [1] to host 127.0.0.1:1080  	[MsgId: MMSG-26000]
../lib/common.h(308): t=6480693ms: Connected socket [1] from 127.0.0.1:51761 to 127.0.0.1:1080 in 0 ms  	[MsgId: MMSG-26000]
../lib/common.h(308): t=6480694ms: 672-byte request headers for "http://localhost:1080/cgi-bin/nav.pl?in=home" (RelFrameId=1.1, Internal ID=143)
../lib/common.h(308):     GET /cgi-bin/nav.pl?in=home HTTP/1.1\r\n
../lib/common.h(308):     Referer: http://localhost:1080/cgi-bin/welcome.pl?signOff=1\r\n
../lib/common.h(308):     Sec-Fetch-Dest: frame\r\n
../lib/common.h(308):     Sec-Fetch-Mode: navigate\r\n
../lib/common.h(308):     Sec-Fetch-Site: same-origin\r\n
../lib/common.h(308):     Upgrade-Insecure-Requests: 1\r\n
../lib/common.h(308):     sec-ch-ua: "Google Chrome";v="105", "Not)A;Brand";v="8", "Chromium";v="105"\r\n
../lib/common.h(308):     sec-ch-ua-mobile: ?0\r\n
../lib/common.h(308):     sec-ch-ua-platform: "Windows"\r\n
../lib/common.h(308):     Origin: http://localhost:1080\r\n
../lib/common.h(308):     User-Agent: Mozilla/5.0 (Windows NT 10.0; Win64; x64) AppleWebKit/537.36 (KHTML, like Geck
../lib/common.h(308):     o) Chrome/105.0.0.0 Safari/537.36\r\n
../lib/common.h(308):     Accept-Encoding: gzip, deflate, br\r\n
../lib/common.h(308):     Accept-Language: ru-RU,ru;q=0.9,en-US;q=0.8,en;q=0.7\r\n
../lib/common.h(308):     Accept: */*\r\n
../lib/common.h(308):     Connection: Keep-Alive\r\n
../lib/common.h(308):     Host: localhost:1080\r\n
../lib/common.h(308):     Cookie: MSO=SID&1702111450\r\n
../lib/common.h(308):     \r\n
../lib/common.h(308): t=6480694ms: 5-byte chunked response overhead for "http://localhost:1080/cgi-bin/welcome.pl?signOff=1" (RelFrameId=1, Internal ID=142)
../lib/common.h(308):     0\r\n
../lib/common.h(308):     \r\n
../lib/common.h(308): t=6480694ms: Request done "http://localhost:1080/cgi-bin/welcome.pl?signOff=1"  	[MsgId: MMSG-26000]
../lib/common.h(308): t=6480716ms: 256-byte response headers for "http://localhost:1080/cgi-bin/nav.pl?in=home" (RelFrameId=1.1, Internal ID=143)
../lib/common.h(308):     HTTP/1.1 200 OK\r\n
../lib/common.h(308):     Date: Sat, 09 Dec 2023 08:44:10 GMT\r\n
../lib/common.h(308):     Server: Apache/2.2.21 (Win32)\r\n
../lib/common.h(308):     Expires: Fri, 08 Dec 2023 08:44:10 GMT\r\n
../lib/common.h(308):     Keep-Alive: timeout=5, max=100\r\n
../lib/common.h(308):     Connection: Keep-Alive\r\n
../lib/common.h(308):     Transfer-Encoding: chunked\r\n
../lib/common.h(308):     Content-Type: text/html; charset=ISO-8859-1\r\n
../lib/common.h(308):     \r\n
../lib/common.h(308): t=6480716ms: 5-byte chunked response overhead for "http://localhost:1080/cgi-bin/nav.pl?in=home" (RelFrameId=1.1, Internal ID=143)
../lib/common.h(308):     5d1\r\n
../lib/common.h(308): t=6480716ms: 2-byte chunked response overhead for "http://localhost:1080/cgi-bin/nav.pl?in=home" (RelFrameId=1.1, Internal ID=143)
../lib/common.h(308):     \r\n
../lib/common.h(308): t=6480716ms: 1489-byte chunked response body for "http://localhost:1080/cgi-bin/nav.pl?in=home" (RelFrameId=1.1, Internal ID=143)
../lib/common.h(308):     <!DOCTYPE html\n
../lib/common.h(308):     \tPUBLIC "-//W3C//DTD XHTML 1.0 Transitional//EN"\n
../lib/common.h(308):     \t "http://www.w3.org/TR/xhtml1/DTD/xhtml1-transitional.dtd">\n
../lib/common.h(308):     <html xmlns="http://www.w3.org/1999/xhtml" lang="en-US" xml:lang="en-US">\n
../lib/common.h(308):     <head>\n
../lib/common.h(308):     <title>Web Tours Navigation Bar</title>\n
../lib/common.h(308):     <meta http-equiv="Content-Type" content="text/html; charset=iso-8859-1" />\n
../lib/common.h(308):     </head>\n
../lib/common.h(308):     <body bgcolor="#E0E7F1">\n
../lib/common.h(308):     <style>\n
../lib/common.h(308):     blockquote {font-family: tahoma; font-size : 10pt}\n
../lib/common.h(308):     H1 {font-family: tahoma; font-size : 22pt; color: #993333}\n
../lib/common.h(308):     H3 {font-family: tahoma; font-size : 10pt; color: black}\n
../lib/common.h(308):     small {font-family: tahoma; font-size : 8pt}\n
../lib/common.h(308):     </style>\n
../lib/common.h(308):     <form method="post" action="/cgi-bin/login.pl" target="body">\n
../lib/common.h(308):     <input type="hidden" name="userSession" value="137878.610773593HAQcVDVpAtVzzzzHtcffcpHizcf
../lib/common.h(308):     "/>\n
../lib/common.h(308):     <table border="0"><tr><td>&nbsp;</td>\n
../lib/common.h(308):     <td>&nbsp;</td></tr>\n
../lib/common.h(308):     <tr><td>&nbsp;</td>\n
../lib/common.h(308):     <td>&nbsp;</td></tr>\n
../lib/common.h(308):     <tr><td>&nbsp;</td>\n
../lib/common.h(308):     <td><small>&nbsp;Username</small></td></tr>\n
../lib/common.h(308):     <tr><td>&nbsp;</td>\n
../lib/common.h(308):     <td><input type="text" name="username" value="" size="14" maxlength="14"/></td></tr>\n
../lib/common.h(308):     <tr><td>&nbsp;</td>\n
../lib/common.h(308):     <td><small>&nbsp;Password</small></td>\n
../lib/common.h(308):     <tr><td>&nbsp;</td>\n
../lib/common.h(308):     <td><input type="password" name="password" value="" size="14" maxlength="14"/></td></tr>\n
../lib/common.h(308):     <tr><td>&nbsp;</td>\n
../lib/common.h(308):     <td>&nbsp;</td></tr>\n
../lib/common.h(308):     <tr><td>&nbsp;</td>\n
../lib/common.h(308):     <td><input type="image" name="login" value="Login" alt="Login" border="1" \n
../lib/common.h(308):     src="/WebTours/images/mer_login.gif"/></td></tr>\n
../lib/common.h(308):     <tr><td>&nbsp;</td><td>&nbsp;</td></tr>\n
../lib/common.h(308):     </table><input type="hidden" name="JSFormSubmit" value="off"/>\n
../lib/common.h(308):     </form>\n
../lib/common.h(308):     \n
../lib/common.h(308):     </body>\n
../lib/common.h(308):     </html>\n
../lib/common.h(308): Resource "http://localhost:1080/WebTours/images/mer_login.gif" is in the cache already and will not be downloaded again  	[MsgId: MMSG-26655]
../lib/common.h(308): t=6480717ms: 5-byte chunked response overhead for "http://localhost:1080/cgi-bin/nav.pl?in=home" (RelFrameId=1.1, Internal ID=143)
../lib/common.h(308):     0\r\n
../lib/common.h(308):     \r\n
../lib/common.h(308): t=6480717ms: Request done "http://localhost:1080/cgi-bin/nav.pl?in=home"  	[MsgId: MMSG-26000]
../lib/common.h(308): Registered web_reg_find successful for "Text=Welcome to the Web Tours site." (count=1)  	[MsgId: MMSG-26364]
../lib/common.h(308): web_url("SignOff Button") was successful, 2175 body bytes, 584 header bytes, 24 chunking overhead bytes  	[MsgId: MMSG-26385]
Action.c(57): Notify: Transaction "sign_off" ended with a "Pass" status (Duration: 0,0470).	[MsgId: MMSG-16873]
Action.c(59): Notify: Transaction "UC5_BuyTicketWithoutItinerary" ended with a "Pass" status (Duration: 49,8143 Think Time: 49,4169).	[MsgId: MMSG-16872]
Ending action Action.	[MsgId: MMSG-15918]
Action was aborted.	[MsgId: MMSG-10694]
Ending Vuser...	[MsgId: MMSG-15966]
Starting action vuser_end.	[MsgId: MMSG-15919]
Ending action vuser_end.	[MsgId: MMSG-15918]
Vuser Terminated.	[MsgId: MMSG-15963]
t=6480717ms: Closed connection [0] to localhost:1080 after completing 1 request(s)  	[MsgId: MMSG-26000]
t=6480717ms: Closed connection [1] to localhost:1080 after completing 1 request(s)  	[MsgId: MMSG-26000]
HTML-Mode memory management statistics: Reusable=7, NonReusable=0, CsMemBlockSize=4096, checks disabled  	[MsgId: MMSG-26000]
Action.c(29): Notify: Transaction "search_flight" started.	[MsgId: MMSG-16999]
Action.c(31): Notify: Parameter Substitution: parameter "numPassengers" =  "2"	[MsgId: MMSG-13992]
../lib/common.h(128): Notify: Next row for parameter cityToChoose = 9 [table  = cityToChoose].	[MsgId: MMSG-13876]
../lib/common.h(128): Notify: Getting new value for parameter 'cityToChoose': table = '..\datapools\cities.dat' column = '0' row = '9'.	[MsgId: MMSG-13877]
../lib/common.h(128): Notify: Parameter Substitution: parameter "cityToChoose" =  "Sydney"	[MsgId: MMSG-13992]
../lib/common.h(129): Notify: Saving Parameter "departureCity = Sydney".	[MsgId: MMSG-13798]
../lib/common.h(130): Notify: Next row for parameter cityToChoose = 10 [table  = cityToChoose].	[MsgId: MMSG-13876]
../lib/common.h(130): Notify: Getting new value for parameter 'cityToChoose': table = '..\datapools\cities.dat' column = '0' row = '10'.	[MsgId: MMSG-13877]
../lib/common.h(130): Notify: Parameter Substitution: parameter "cityToChoose" =  "Zurich"	[MsgId: MMSG-13992]
../lib/common.h(131): Notify: Saving Parameter "arrivalCity = Zurich".	[MsgId: MMSG-13798]
../lib/common.h(133): web_add_auto_header("Origin") started  	[MsgId: MMSG-26355]
../lib/common.h(133): Notify: Parameter Substitution: parameter "protocol" =  "http"	[MsgId: MMSG-13992]
../lib/common.h(133): Notify: Parameter Substitution: parameter "host" =  "localhost"	[MsgId: MMSG-13992]
../lib/common.h(133): Notify: Parameter Substitution: parameter "port" =  "1080"	[MsgId: MMSG-13992]
../lib/common.h(133): An unrecognized header ("Origin") is being added  	[MsgId: MMSG-26595]
../lib/common.h(133): "Origin: http://localhost:1080" header registered for adding to requests from all following Action functions  	[MsgId: MMSG-26505]
../lib/common.h(133): web_add_auto_header("Origin") was successful  	[MsgId: MMSG-26392]
../lib/common.h(136): web_add_auto_header("Sec-Fetch-User") started  	[MsgId: MMSG-26355]
../lib/common.h(136): An unrecognized header ("Sec-Fetch-User") is being added  	[MsgId: MMSG-26595]
../lib/common.h(136): "Sec-Fetch-User: ?1" header registered for adding to requests from all following Action functions  	[MsgId: MMSG-26505]
../lib/common.h(136): web_add_auto_header("Sec-Fetch-User") was successful  	[MsgId: MMSG-26392]
../lib/common.h(139): web_reg_find started  	[MsgId: MMSG-26355]
../lib/common.h(139): Notify: Parameter Substitution: parameter "departureCity" =  "Sydney"	[MsgId: MMSG-13992]
../lib/common.h(139): Notify: Parameter Substitution: parameter "arrivalCity" =  "Zurich"	[MsgId: MMSG-13992]
../lib/common.h(139): Notify: Parameter Substitution: parameter "departDate" =  "12/10/2023"	[MsgId: MMSG-13992]
../lib/common.h(139): Registering web_reg_find was successful  	[MsgId: MMSG-26390]
../lib/common.h(141): web_reg_save_param_ex started  	[MsgId: MMSG-26355]
../lib/common.h(141): Registering web_reg_save_param_ex was successful  	[MsgId: MMSG-26390]
../lib/common.h(150): web_submit_data("reservations.pl") started  	[MsgId: MMSG-26355]
../lib/common.h(150): Notify: Parameter Substitution: parameter "protocol" =  "http"	[MsgId: MMSG-13992]
../lib/common.h(150): Notify: Parameter Substitution: parameter "host" =  "localhost"	[MsgId: MMSG-13992]
../lib/common.h(150): Notify: Parameter Substitution: parameter "port" =  "1080"	[MsgId: MMSG-13992]
../lib/common.h(150): Notify: Parameter Substitution: parameter "protocol" =  "http"	[MsgId: MMSG-13992]
../lib/common.h(150): Notify: Parameter Substitution: parameter "host" =  "localhost"	[MsgId: MMSG-13992]
Vuser 3 (thread 21256), ended OK."	[MsgId: MMSG-10695]
../lib/common.h(150): Notify: Parameter Substitution: parameter "port" =  "1080"	[MsgId: MMSG-13992]
../lib/common.h(150): Notify: Parameter Substitution: parameter "departureCity" =  "Sydney"	[MsgId: MMSG-13992]
../lib/common.h(150): Notify: Parameter Substitution: parameter "departDate" =  "12/10/2023"	[MsgId: MMSG-13992]
../lib/common.h(150): Notify: Parameter Substitution: parameter "arrivalCity" =  "Zurich"	[MsgId: MMSG-13992]
../lib/common.h(150): Notify: Parameter Substitution: parameter "returnDate" =  "12/09/2023"	[MsgId: MMSG-13992]
../lib/common.h(150): Notify: Parameter Substitution: parameter "seatPref" =  "None"	[MsgId: MMSG-13992]
../lib/common.h(150): Notify: Parameter Substitution: parameter "seatType" =  "Coach"	[MsgId: MMSG-13992]
../lib/common.h(150): t=6480782ms: Closed connection [0] to localhost:1080 after completing 2 request(s)  	[MsgId: MMSG-26000]
../lib/common.h(150): t=6480782ms: Connecting [0] to host 127.0.0.1:1080  	[MsgId: MMSG-26000]
../lib/common.h(150): t=6480783ms: Connected socket [0] from 127.0.0.1:51762 to 127.0.0.1:1080 in 0 ms  	[MsgId: MMSG-26000]
../lib/common.h(150): t=6480783ms: 915-byte request headers for "http://localhost:1080/cgi-bin/reservations.pl" (RelFrameId=1, Internal ID=474)
../lib/common.h(150):     POST /cgi-bin/reservations.pl HTTP/1.1\r\n
../lib/common.h(150):     Content-Type: application/x-www-form-urlencoded\r\n
../lib/common.h(150):     Referer: http://localhost:1080/cgi-bin/reservations.pl?page=welcome\r\n
../lib/common.h(150):     Sec-Fetch-Dest: frame\r\n
../lib/common.h(150):     Sec-Fetch-Mode: navigate\r\n
../lib/common.h(150):     Sec-Fetch-Site: same-origin\r\n
../lib/common.h(150):     Upgrade-Insecure-Requests: 1\r\n
../lib/common.h(150):     sec-ch-ua: "Google Chrome";v="105", "Not)A;Brand";v="8", "Chromium";v="105"\r\n
../lib/common.h(150):     sec-ch-ua-mobile: ?0\r\n
../lib/common.h(150):     sec-ch-ua-platform: "Windows"\r\n
../lib/common.h(150):     Origin: http://localhost:1080\r\n
../lib/common.h(150):     Sec-Fetch-User: ?1\r\n
../lib/common.h(150):     User-Agent: Mozilla/5.0 (Windows NT 10.0; Win64; x64) AppleWebKit/537.36 (KHTML, like Geck
../lib/common.h(150):     o) Chrome/105.0.0.0 Safari/537.36\r\n
../lib/common.h(150):     Accept-Encoding: gzip, deflate, br\r\n
../lib/common.h(150):     Accept-Language: ru-RU,ru;q=0.9,en-US;q=0.8,en;q=0.7\r\n
../lib/common.h(150):     Accept: */*\r\n
../lib/common.h(150):     Connection: Keep-Alive\r\n
../lib/common.h(150):     Host: localhost:1080\r\n
../lib/common.h(150):     Cookie: MSO=SID&1702111425; MTUserInfo=firstName&Dudley&address2&Dhaka&username&xgfnfolpyb
../lib/common.h(150):     &hash&66&lastName&Alcantara%0A&address1&BENNINGTON%20ST&creditCard&&expDate&%0A\r\n
../lib/common.h(150):     Content-Length: 237\r\n
../lib/common.h(150):     \r\n
../lib/common.h(150): t=6480783ms: 237-byte request body for "http://localhost:1080/cgi-bin/reservations.pl" (RelFrameId=1, Internal ID=474)
../lib/common.h(150):     advanceDiscount=0&depart=Sydney&departDate=12%2F10%2F2023&arrive=Zurich&returnDate=12%2F09
../lib/common.h(150):     %2F2023&numPassengers=3&seatPref=None&seatType=Coach&findFlights.x=49&findFlights.y=11&.cg
../lib/common.h(150):     ifields=roundtrip&.cgifields=seatType&.cgifields=seatPref
../lib/common.h(150): t=6480783ms: Inactive socket [1] was closed by localhost:1080, probably due to Keep-Alive timeout  	[MsgId: MMSG-26000]
../lib/common.h(150): t=6480783ms: Closed connection [1] to localhost:1080 after completing 1 request(s)  	[MsgId: MMSG-26000]
../lib/common.h(150): t=6480783ms: Inactive socket [2] was closed by localhost:1080, probably due to Keep-Alive timeout  	[MsgId: MMSG-26000]
../lib/common.h(150): t=6480783ms: Closed connection [2] to localhost:1080 after completing 2 request(s)  	[MsgId: MMSG-26000]
../lib/common.h(150): t=6480783ms: Inactive socket [3] was closed by localhost:1080, probably due to Keep-Alive timeout  	[MsgId: MMSG-26000]
../lib/common.h(150): t=6480783ms: Closed connection [3] to localhost:1080 after completing 1 request(s)  	[MsgId: MMSG-26000]
../lib/common.h(150): t=6480812ms: 256-byte response headers for "http://localhost:1080/cgi-bin/reservations.pl" (RelFrameId=1, Internal ID=474)
../lib/common.h(150):     HTTP/1.1 200 OK\r\n
../lib/common.h(150):     Date: Sat, 09 Dec 2023 08:44:10 GMT\r\n
../lib/common.h(150):     Server: Apache/2.2.21 (Win32)\r\n
../lib/common.h(150):     Expires: Fri, 08 Dec 2023 08:44:10 GMT\r\n
../lib/common.h(150):     Keep-Alive: timeout=5, max=100\r\n
../lib/common.h(150):     Connection: Keep-Alive\r\n
../lib/common.h(150):     Transfer-Encoding: chunked\r\n
../lib/common.h(150):     Content-Type: text/html; charset=ISO-8859-1\r\n
../lib/common.h(150):     \r\n
../lib/common.h(150): t=6480812ms: 5-byte chunked response overhead for "http://localhost:1080/cgi-bin/reservations.pl" (RelFrameId=1, Internal ID=474)
../lib/common.h(150):     988\r\n
../lib/common.h(150): t=6480812ms: 2-byte chunked response overhead for "http://localhost:1080/cgi-bin/reservations.pl" (RelFrameId=1, Internal ID=474)
../lib/common.h(150):     \r\n
../lib/common.h(150): t=6480812ms: 2440-byte chunked response body for "http://localhost:1080/cgi-bin/reservations.pl" (RelFrameId=1, Internal ID=474)
../lib/common.h(150):     <!DOCTYPE html\n
../lib/common.h(150):     \tPUBLIC "-//W3C//DTD XHTML 1.0 Transitional//EN"\n
../lib/common.h(150):     \t "http://www.w3.org/TR/xhtml1/DTD/xhtml1-transitional.dtd">\n
../lib/common.h(150):     <html xmlns="http://www.w3.org/1999/xhtml" lang="en-US" xml:lang="en-US">\n
../lib/common.h(150):     <head>\n
../lib/common.h(150):     <title>Flight Selections</title>\n
../lib/common.h(150):     <meta http-equiv="Content-Type" content="text/html; charset=iso-8859-1" />\n
../lib/common.h(150):     </head>\n
../lib/common.h(150):     <body bgcolor="#E0E7F1">\n
../lib/common.h(150):     <style>blockquote {font-family: tahoma; font-size : 10pt}H1 {font-family: tahoma; font-siz
../lib/common.h(150):     e : 22pt; color: #993333}small {font-family: tahoma; font-size : 8pt}H3 {font-family: taho
../lib/common.h(150):     ma; font-size : 10pt; color: black}TD {font-family: tahoma; font-size : 10pt; color: black
../lib/common.h(150):     }</style><BR/><BR/><h1><font color="#003366">&nbsp;&nbsp;<b>Find Flight</font></b></h1><bl
../lib/common.h(150):     ockquote>\n
../lib/common.h(150):     <form method="post" action="reservations.pl" enctype="application/x-www-form-urlencoded">\n
../lib/common.h(150):     \n
../lib/common.h(150):     <center>\n
../lib/common.h(150):     <!-- From Sydney (8) To Zurich (9) -->\n
../lib/common.h(150):     <table cellspacing="2" border="0" width="50%">\n
../lib/common.h(150):     <blockquote>Flight departing from <B>Sydney</B> to <B>Zurich</B> on <B>12/10/2023</B><BR/>
../lib/common.h(150):     <BR/><tr bgcolor="#5E7884"><td align="center"><font color="white"><B>Flight</B></font>\n
../lib/common.h(150):           \t\t<td align="center"><font color="white"><B>Departure time</B>\n
../lib/common.h(150):           \t\t<td align="center"><font color="white"><B>Cost</B>\n
../lib/common.h(150):     <tr bgcolor="#EFF2F7"><td align="center"><input type="radio" name="outboundFlight" value="
../lib/common.h(150):     890;1073;12/10/2023" checked="checked" >Blue Sky Air 890<td align="center">8am<td align="c
../lib/common.h(150):     enter">$ 1073</TD></TR><tr bgcolor="#EFF2F7"><td align="center"><input type="radio" name="
../lib/common.h(150):     outboundFlight" value="891;956;12/10/2023">Blue Sky Air 891<td align="center">1pm<td align
../lib/common.h(150):     ="center">$ 956</TD></TR><tr bgcolor="#EFF2F7"><td align="center"><input type="radio" name
../lib/common.h(150):     ="outboundFlight" value="892;1015;12/10/2023">Blue Sky Air 892<td align="center">5pm<td al
../lib/common.h(150):     ign="center">$ 1015</TD></TR><tr bgcolor="#EFF2F7"><td align="center"><input type="radio" 
../lib/common.h(150):     name="outboundFlight" value="893;878;12/10/2023">Blue Sky Air 893<td align="center">11pm<t
../lib/common.h(150):     d align="center">$ 878</TD></TR></table>\n
../lib/common.h(150):     \n
../lib/common.h(150):     <input type="hidden" name="numPassengers" value="3"  /><input type="hidden" name="advanceD
../lib/common.h(150):     iscount" value="0"  /><input type="hidden" name="seatType" value="Coach"  /><input type="h
../lib/common.h(150):     idden" name="seatPref" value="None"  />\n
../lib/common.h(150):     <P><center><table width=80% cellspacing=1><tr><td align=center>\n
../lib/common.h(150):     <input type="image" name="reserveFlights" src="/WebTours/images/button_next.gif" border="0
../lib/common.h(150):     " />\n
../lib/common.h(150):     <td>&nbsp;<td align=center></table></center></form></center>\n
../lib/common.h(150):     </blockquote>\n
../lib/common.h(150):     \n
../lib/common.h(150):     </body>\n
../lib/common.h(150):     </html>
../lib/common.h(150): Notify: Saving Parameter "outboundFlight_1 = 890;1073;12/10/2023".	[MsgId: MMSG-13798]
../lib/common.h(150): Notify: Saving Parameter "outboundFlight_2 = 891;956;12/10/2023".	[MsgId: MMSG-13798]
../lib/common.h(150): Notify: Saving Parameter "outboundFlight_3 = 892;1015;12/10/2023".	[MsgId: MMSG-13798]
../lib/common.h(150): Notify: Saving Parameter "outboundFlight_4 = 893;878;12/10/2023".	[MsgId: MMSG-13798]
../lib/common.h(150): Resource "http://localhost:1080/WebTours/images/button_next.gif" is in the cache already and will not be downloaded again  	[MsgId: MMSG-26655]
../lib/common.h(150): t=6480813ms: 5-byte chunked response overhead for "http://localhost:1080/cgi-bin/reservations.pl" (RelFrameId=1, Internal ID=474)
../lib/common.h(150):     0\r\n
../lib/common.h(150):     \r\n
../lib/common.h(150): t=6480813ms: Request done "http://localhost:1080/cgi-bin/reservations.pl"  	[MsgId: MMSG-26000]
../lib/common.h(150): Registered web_reg_find successful for "Text=Flight departing from <B>Sydney</B> to <B>Zurich</B> on <B>12/10/2023</B>" (count=1)  	[MsgId: MMSG-26364]
../lib/common.h(150): Notify: Saving Parameter "outboundFlight_count = 4".	[MsgId: MMSG-13798]
../lib/common.h(150): web_submit_data("reservations.pl") was successful, 2440 body bytes, 256 header bytes, 12 chunking overhead bytes  	[MsgId: MMSG-26385]
../lib/common.h(174): Notify: Parameter Substitution: parameter "outboundFlight_count" =  "4"	[MsgId: MMSG-13992]
../lib/common.h(174): Notify: Parameter Substitution: parameter "outboundFlight_3" =  "892;1015;12/10/2023"	[MsgId: MMSG-13992]
../lib/common.h(183): Notify: Saving Parameter "ticket = 892;1015;12/10/2023".	[MsgId: MMSG-13798]
../lib/common.h(184): Notify: Saving Parameter "flightNumber = 892".	[MsgId: MMSG-13798]
../lib/common.h(185): Notify: Saving Parameter "flightPrice = 2030".	[MsgId: MMSG-13798]
Action.c(33): Notify: Transaction "search_flight" ended with a "Pass" status (Duration: 0,0310).	[MsgId: MMSG-16873]
Action.c(35): lr_think_time: 8,23 seconds.	[MsgId: MMSG-15948]
Action.c(35): Notify: Transaction "UC5_BuyTicketWithoutItinerary" ended with a "Stop" status (Duration: 27,2127 Think Time: 24,7355).	[MsgId: MMSG-16872]
Action.c(27): Notify: Transaction "UC5_BuyTicketWithoutItinerary" ended with a "Stop" status (Duration: 22,3453 Think Time: 16,4870).	[MsgId: MMSG-16872]
Action.c(51): Notify: Transaction "UC5_BuyTicketWithoutItinerary" ended with a "Stop" status (Duration: 47,4862 Think Time: 41,2185 Wasted Time: 0,0010).	[MsgId: MMSG-16870]
Action.c(35): Notify: Transaction "UC5_BuyTicketWithoutItinerary" ended with a "Stop" status (Duration: 26,9585 Think Time: 24,7054).	[MsgId: MMSG-16872]
Abort was called from an action.	[MsgId: MMSG-10447]
Abort was called from an action.	[MsgId: MMSG-10447]
Action was aborted.	[MsgId: MMSG-10694]
Abort was called from an action.	[MsgId: MMSG-10447]
Ending Vuser...	[MsgId: MMSG-15966]
Ending Vuser...	[MsgId: MMSG-15966]
Abort was called from an action.	[MsgId: MMSG-10447]
Starting action vuser_end.	[MsgId: MMSG-15919]
Starting action vuser_end.	[MsgId: MMSG-15919]
Ending Vuser...	[MsgId: MMSG-15966]
Ending Vuser...	[MsgId: MMSG-15966]
Starting action vuser_end.	[MsgId: MMSG-15919]
Ending action vuser_end.	[MsgId: MMSG-15918]
Ending action vuser_end.	[MsgId: MMSG-15918]
Vuser Terminated.	[MsgId: MMSG-15963]
Vuser Terminated.	[MsgId: MMSG-15963]
Ending action vuser_end.	[MsgId: MMSG-15918]
Starting action vuser_end.	[MsgId: MMSG-15919]
Action.c(35): t=6482835ms: Closed connection [0] to localhost:1080 after completing 1 request(s)  	[MsgId: MMSG-26000]
Action.c(27): t=6482835ms: Closed connection [0] to localhost:1080 after completing 2 request(s)  	[MsgId: MMSG-26000]
Vuser Terminated.	[MsgId: MMSG-15963]
Ending action vuser_end.	[MsgId: MMSG-15918]
Action.c(27): t=6482835ms: Closed connection [1] to localhost:1080 after completing 2 request(s)  	[MsgId: MMSG-26000]
Action.c(51): t=6482835ms: Closed connection [0] to localhost:1080 after completing 1 request(s)  	[MsgId: MMSG-26000]
Action.c(27): t=6482836ms: Closed connection [2] to localhost:1080 after completing 1 request(s)  	[MsgId: MMSG-26000]
Action.c(27): t=6482836ms: Closed connection [3] to localhost:1080 after completing 1 request(s)  	[MsgId: MMSG-26000]
Ending Vuser...	[MsgId: MMSG-15966]
Starting action vuser_end.	[MsgId: MMSG-15919]
Action.c(51): t=6482836ms: Closed connection [1] to localhost:1080 after completing 1 request(s)  	[MsgId: MMSG-26000]
Vuser Terminated.	[MsgId: MMSG-15963]
Ending action vuser_end.	[MsgId: MMSG-15918]
Action.c(35): t=6482836ms: Closed connection [0] to localhost:1080 after completing 1 request(s)  	[MsgId: MMSG-26000]
Vuser Terminated.	[MsgId: MMSG-15963]
t=6482836ms: Closed connection [0] to localhost:1080 after completing 1 request(s)  	[MsgId: MMSG-26000]
t=6482836ms: Closed connection [1] to localhost:1080 after completing 1 request(s)  	[MsgId: MMSG-26000]
HTML-Mode memory management statistics: Reusable=7, NonReusable=0, CsMemBlockSize=4096, checks disabled  	[MsgId: MMSG-26000]
HTML-Mode memory management statistics: Reusable=7, NonReusable=0, CsMemBlockSize=4096, checks disabled  	[MsgId: MMSG-26000]
Vuser 2 (thread 5564), ended OK."	[MsgId: MMSG-10695]
Vuser 5 (thread 18548), ended OK."	[MsgId: MMSG-10695]
HTML-Mode memory management statistics: Reusable=7, NonReusable=0, CsMemBlockSize=4096, checks disabled  	[MsgId: MMSG-26000]
Vuser 0 (thread 7808), ended OK."	[MsgId: MMSG-10695]
HTML-Mode memory management statistics: Reusable=7, NonReusable=0, CsMemBlockSize=4096, checks disabled  	[MsgId: MMSG-26000]
HTML-Mode memory management statistics: Reusable=7, NonReusable=0, CsMemBlockSize=4096, checks disabled  	[MsgId: MMSG-26000]
Vuser 1 (thread 11752), ended OK."	[MsgId: MMSG-10695]
Vuser 4 (thread 8392), ended OK."	[MsgId: MMSG-10695]
