../lib/common.h(83): Error -26612: HTTP Status-Code=500 (Internal Server Error) for "http://localhost:1080/cgi-bin/reservations.pl?page=welcome"  	[MsgId: MERR-26612]
../lib/common.h(32): Error -26612: HTTP Status-Code=500 (Internal Server Error) for "http://localhost:1080/cgi-bin/welcome.pl?signOff=true"  	[MsgId: MERR-26612]
../lib/common.h(32): Error -26377: No match found for the requested parameter "userSession". Either the specified boundaries were not found in the response or the matched text is longer than current max html parameter size of 256 bytes. The total length of the response is 535 bytes. You can use "web_set_max_html_param_len" to increase the max parameter size.  	[MsgId: MERR-26377]
../lib/common.h(32): Error -26366: "Text=A Session ID has been created and loaded into a cookie called MSO" not found for web_reg_find  	[MsgId: MERR-26366]
Warning: Iteration pacing cannot be reached (pace time = 80,00, actual time = 80,27).	[MsgId: MWAR-15995]
Warning: Iteration pacing cannot be reached (pace time = 80,00, actual time = 84,09).	[MsgId: MWAR-15995]
Warning: Iteration pacing cannot be reached (pace time = 80,00, actual time = 82,47).	[MsgId: MWAR-15995]
Warning: Iteration pacing cannot be reached (pace time = 80,00, actual time = 84,97).	[MsgId: MWAR-15995]
Warning: Iteration pacing cannot be reached (pace time = 80,00, actual time = 80,74).	[MsgId: MWAR-15995]
Warning: Iteration pacing cannot be reached (pace time = 80,00, actual time = 88,85).	[MsgId: MWAR-15995]
Warning: Iteration pacing cannot be reached (pace time = 80,00, actual time = 80,77).	[MsgId: MWAR-15995]
Warning: Iteration pacing cannot be reached (pace time = 80,00, actual time = 96,30).	[MsgId: MWAR-15995]
Warning: Iteration pacing cannot be reached (pace time = 80,00, actual time = 88,89).	[MsgId: MWAR-15995]
Warning: Iteration pacing cannot be reached (pace time = 80,00, actual time = 89,32).	[MsgId: MWAR-15995]
Warning: Iteration pacing cannot be reached (pace time = 80,00, actual time = 86,67).	[MsgId: MWAR-15995]
Warning: Iteration pacing cannot be reached (pace time = 80,00, actual time = 83,74).	[MsgId: MWAR-15995]
Warning: Iteration pacing cannot be reached (pace time = 80,00, actual time = 88,26).	[MsgId: MWAR-15995]
Warning: Iteration pacing cannot be reached (pace time = 80,00, actual time = 91,38).	[MsgId: MWAR-15995]
Warning: Iteration pacing cannot be reached (pace time = 80,00, actual time = 85,46).	[MsgId: MWAR-15995]
Warning: Iteration pacing cannot be reached (pace time = 80,00, actual time = 91,50).	[MsgId: MWAR-15995]
Warning: Iteration pacing cannot be reached (pace time = 80,00, actual time = 88,58).	[MsgId: MWAR-15995]
Warning: Iteration pacing cannot be reached (pace time = 80,00, actual time = 88,46).	[MsgId: MWAR-15995]
Warning: Iteration pacing cannot be reached (pace time = 80,00, actual time = 87,04).	[MsgId: MWAR-15995]
Warning: Iteration pacing cannot be reached (pace time = 80,00, actual time = 95,82).	[MsgId: MWAR-15995]
Warning: Iteration pacing cannot be reached (pace time = 80,00, actual time = 95,69).	[MsgId: MWAR-15995]
Warning: Iteration pacing cannot be reached (pace time = 80,00, actual time = 91,51).	[MsgId: MWAR-15995]
Warning: Iteration pacing cannot be reached (pace time = 80,00, actual time = 82,40).	[MsgId: MWAR-15995]
Warning: Iteration pacing cannot be reached (pace time = 80,00, actual time = 88,53).	[MsgId: MWAR-15995]
Warning: Iteration pacing cannot be reached (pace time = 80,00, actual time = 88,14).	[MsgId: MWAR-15995]
Warning: Iteration pacing cannot be reached (pace time = 80,00, actual time = 87,15).	[MsgId: MWAR-15995]
Warning: Iteration pacing cannot be reached (pace time = 80,00, actual time = 85,50).	[MsgId: MWAR-15995]
Warning: Iteration pacing cannot be reached (pace time = 80,00, actual time = 83,01).	[MsgId: MWAR-15995]
Warning: Iteration pacing cannot be reached (pace time = 80,00, actual time = 90,08).	[MsgId: MWAR-15995]
Warning: Iteration pacing cannot be reached (pace time = 80,00, actual time = 94,14).	[MsgId: MWAR-15995]
Warning: Iteration pacing cannot be reached (pace time = 80,00, actual time = 85,12).	[MsgId: MWAR-15995]
Warning: Iteration pacing cannot be reached (pace time = 80,00, actual time = 84,84).	[MsgId: MWAR-15995]
Warning: Iteration pacing cannot be reached (pace time = 80,00, actual time = 91,24).	[MsgId: MWAR-15995]
Warning: Iteration pacing cannot be reached (pace time = 80,00, actual time = 90,96).	[MsgId: MWAR-15995]
Warning: Iteration pacing cannot be reached (pace time = 80,00, actual time = 93,10).	[MsgId: MWAR-15995]
Warning: Iteration pacing cannot be reached (pace time = 80,00, actual time = 84,35).	[MsgId: MWAR-15995]
Warning: Iteration pacing cannot be reached (pace time = 80,00, actual time = 85,36).	[MsgId: MWAR-15995]
Warning: Iteration pacing cannot be reached (pace time = 80,00, actual time = 87,33).	[MsgId: MWAR-15995]
Warning: Iteration pacing cannot be reached (pace time = 80,00, actual time = 91,26).	[MsgId: MWAR-15995]
Warning: Iteration pacing cannot be reached (pace time = 80,00, actual time = 93,00).	[MsgId: MWAR-15995]
Warning: Iteration pacing cannot be reached (pace time = 80,00, actual time = 81,92).	[MsgId: MWAR-15995]
Warning: Iteration pacing cannot be reached (pace time = 80,00, actual time = 85,06).	[MsgId: MWAR-15995]
Warning: Iteration pacing cannot be reached (pace time = 80,00, actual time = 91,45).	[MsgId: MWAR-15995]
Warning: Iteration pacing cannot be reached (pace time = 80,00, actual time = 90,06).	[MsgId: MWAR-15995]
Warning: Iteration pacing cannot be reached (pace time = 80,00, actual time = 95,33).	[MsgId: MWAR-15995]
Warning: Iteration pacing cannot be reached (pace time = 80,00, actual time = 89,67).	[MsgId: MWAR-15995]
Warning: Iteration pacing cannot be reached (pace time = 80,00, actual time = 93,84).	[MsgId: MWAR-15995]
Warning: Iteration pacing cannot be reached (pace time = 80,00, actual time = 87,86).	[MsgId: MWAR-15995]
Warning: Iteration pacing cannot be reached (pace time = 80,00, actual time = 84,89).	[MsgId: MWAR-15995]
Warning: Iteration pacing cannot be reached (pace time = 80,00, actual time = 87,27).	[MsgId: MWAR-15995]
Warning: Iteration pacing cannot be reached (pace time = 80,00, actual time = 89,92).	[MsgId: MWAR-15995]
Warning: Iteration pacing cannot be reached (pace time = 80,00, actual time = 89,62).	[MsgId: MWAR-15995]
Warning: Iteration pacing cannot be reached (pace time = 80,00, actual time = 90,51).	[MsgId: MWAR-15995]
Warning: Iteration pacing cannot be reached (pace time = 80,00, actual time = 88,97).	[MsgId: MWAR-15995]
Warning: Iteration pacing cannot be reached (pace time = 80,00, actual time = 86,60).	[MsgId: MWAR-15995]
Warning: Iteration pacing cannot be reached (pace time = 80,00, actual time = 89,17).	[MsgId: MWAR-15995]
Warning: Iteration pacing cannot be reached (pace time = 80,00, actual time = 90,65).	[MsgId: MWAR-15995]
Warning: Iteration pacing cannot be reached (pace time = 80,00, actual time = 87,21).	[MsgId: MWAR-15995]
Warning: Iteration pacing cannot be reached (pace time = 80,00, actual time = 87,70).	[MsgId: MWAR-15995]
Warning: Iteration pacing cannot be reached (pace time = 80,00, actual time = 89,55).	[MsgId: MWAR-15995]
Warning: Iteration pacing cannot be reached (pace time = 80,00, actual time = 95,70).	[MsgId: MWAR-15995]
Warning: Iteration pacing cannot be reached (pace time = 80,00, actual time = 93,60).	[MsgId: MWAR-15995]
Warning: Iteration pacing cannot be reached (pace time = 80,00, actual time = 88,26).	[MsgId: MWAR-15995]
Warning: Iteration pacing cannot be reached (pace time = 80,00, actual time = 94,17).	[MsgId: MWAR-15995]
Warning: Iteration pacing cannot be reached (pace time = 80,00, actual time = 88,36).	[MsgId: MWAR-15995]
Warning: Iteration pacing cannot be reached (pace time = 80,00, actual time = 89,49).	[MsgId: MWAR-15995]
Warning: Iteration pacing cannot be reached (pace time = 80,00, actual time = 86,55).	[MsgId: MWAR-15995]
Warning: Iteration pacing cannot be reached (pace time = 80,00, actual time = 85,50).	[MsgId: MWAR-15995]
Warning: Iteration pacing cannot be reached (pace time = 80,00, actual time = 91,48).	[MsgId: MWAR-15995]
Warning: Iteration pacing cannot be reached (pace time = 80,00, actual time = 94,03).	[MsgId: MWAR-15995]
Warning: Iteration pacing cannot be reached (pace time = 80,00, actual time = 87,19).	[MsgId: MWAR-15995]
Warning: Iteration pacing cannot be reached (pace time = 80,00, actual time = 86,21).	[MsgId: MWAR-15995]
Warning: Iteration pacing cannot be reached (pace time = 80,00, actual time = 92,58).	[MsgId: MWAR-15995]
Warning: Iteration pacing cannot be reached (pace time = 80,00, actual time = 86,86).	[MsgId: MWAR-15995]
Warning: Iteration pacing cannot be reached (pace time = 80,00, actual time = 89,07).	[MsgId: MWAR-15995]
Warning: Iteration pacing cannot be reached (pace time = 80,00, actual time = 85,17).	[MsgId: MWAR-15995]
Warning: Iteration pacing cannot be reached (pace time = 80,00, actual time = 85,26).	[MsgId: MWAR-15995]
Warning: Iteration pacing cannot be reached (pace time = 80,00, actual time = 98,68).	[MsgId: MWAR-15995]
Warning: Iteration pacing cannot be reached (pace time = 80,00, actual time = 96,69).	[MsgId: MWAR-15995]
Warning: Iteration pacing cannot be reached (pace time = 80,00, actual time = 89,28).	[MsgId: MWAR-15995]
Warning: Iteration pacing cannot be reached (pace time = 80,00, actual time = 96,31).	[MsgId: MWAR-15995]
Warning: Iteration pacing cannot be reached (pace time = 80,00, actual time = 93,35).	[MsgId: MWAR-15995]
Warning: Iteration pacing cannot be reached (pace time = 80,00, actual time = 93,30).	[MsgId: MWAR-15995]
Warning: Iteration pacing cannot be reached (pace time = 80,00, actual time = 92,97).	[MsgId: MWAR-15995]
Warning: Iteration pacing cannot be reached (pace time = 80,00, actual time = 90,86).	[MsgId: MWAR-15995]
Warning: Iteration pacing cannot be reached (pace time = 80,00, actual time = 90,25).	[MsgId: MWAR-15995]
Warning: Iteration pacing cannot be reached (pace time = 80,00, actual time = 93,10).	[MsgId: MWAR-15995]
Warning: Iteration pacing cannot be reached (pace time = 80,00, actual time = 86,48).	[MsgId: MWAR-15995]
Warning: Iteration pacing cannot be reached (pace time = 80,00, actual time = 87,32).	[MsgId: MWAR-15995]
Warning: Iteration pacing cannot be reached (pace time = 80,00, actual time = 88,62).	[MsgId: MWAR-15995]
Warning: Iteration pacing cannot be reached (pace time = 80,00, actual time = 90,66).	[MsgId: MWAR-15995]
Warning: Iteration pacing cannot be reached (pace time = 80,00, actual time = 86,95).	[MsgId: MWAR-15995]
Warning: Iteration pacing cannot be reached (pace time = 80,00, actual time = 86,38).	[MsgId: MWAR-15995]
Warning: Iteration pacing cannot be reached (pace time = 80,00, actual time = 85,81).	[MsgId: MWAR-15995]
Warning: Iteration pacing cannot be reached (pace time = 80,00, actual time = 85,57).	[MsgId: MWAR-15995]
Warning: Iteration pacing cannot be reached (pace time = 80,00, actual time = 89,67).	[MsgId: MWAR-15995]
Warning: Iteration pacing cannot be reached (pace time = 80,00, actual time = 86,05).	[MsgId: MWAR-15995]
Warning: Iteration pacing cannot be reached (pace time = 80,00, actual time = 91,52).	[MsgId: MWAR-15995]
Warning: Iteration pacing cannot be reached (pace time = 80,00, actual time = 89,72).	[MsgId: MWAR-15995]
Warning: Iteration pacing cannot be reached (pace time = 80,00, actual time = 85,50).	[MsgId: MWAR-15995]
Warning: Iteration pacing cannot be reached (pace time = 80,00, actual time = 89,64).	[MsgId: MWAR-15995]
Warning: Iteration pacing cannot be reached (pace time = 80,00, actual time = 90,20).	[MsgId: MWAR-15995]
Warning: Iteration pacing cannot be reached (pace time = 80,00, actual time = 97,25).	[MsgId: MWAR-15995]
Warning: Iteration pacing cannot be reached (pace time = 80,00, actual time = 94,46).	[MsgId: MWAR-15995]
Warning: Iteration pacing cannot be reached (pace time = 80,00, actual time = 93,02).	[MsgId: MWAR-15995]
Warning: Iteration pacing cannot be reached (pace time = 80,00, actual time = 87,25).	[MsgId: MWAR-15995]
Warning: Iteration pacing cannot be reached (pace time = 80,00, actual time = 91,47).	[MsgId: MWAR-15995]
Warning: Iteration pacing cannot be reached (pace time = 80,00, actual time = 95,86).	[MsgId: MWAR-15995]
Warning: Iteration pacing cannot be reached (pace time = 80,00, actual time = 87,76).	[MsgId: MWAR-15995]
Warning: Iteration pacing cannot be reached (pace time = 80,00, actual time = 92,64).	[MsgId: MWAR-15995]
Warning: Iteration pacing cannot be reached (pace time = 80,00, actual time = 87,01).	[MsgId: MWAR-15995]
Warning: Iteration pacing cannot be reached (pace time = 80,00, actual time = 91,66).	[MsgId: MWAR-15995]
Warning: Iteration pacing cannot be reached (pace time = 80,00, actual time = 97,30).	[MsgId: MWAR-15995]
Warning: Iteration pacing cannot be reached (pace time = 80,00, actual time = 96,76).	[MsgId: MWAR-15995]
Warning: Iteration pacing cannot be reached (pace time = 80,00, actual time = 97,68).	[MsgId: MWAR-15995]
Warning: Iteration pacing cannot be reached (pace time = 80,00, actual time = 95,83).	[MsgId: MWAR-15995]
Warning: Iteration pacing cannot be reached (pace time = 80,00, actual time = 89,61).	[MsgId: MWAR-15995]
Warning: Iteration pacing cannot be reached (pace time = 80,00, actual time = 88,30).	[MsgId: MWAR-15995]
Warning: Iteration pacing cannot be reached (pace time = 80,00, actual time = 89,57).	[MsgId: MWAR-15995]
Warning: Iteration pacing cannot be reached (pace time = 80,00, actual time = 88,68).	[MsgId: MWAR-15995]
Warning: Iteration pacing cannot be reached (pace time = 80,00, actual time = 87,82).	[MsgId: MWAR-15995]
Warning: Iteration pacing cannot be reached (pace time = 80,00, actual time = 87,85).	[MsgId: MWAR-15995]
Warning: Iteration pacing cannot be reached (pace time = 80,00, actual time = 87,98).	[MsgId: MWAR-15995]
