../lib/common.h(83): Error -26612: HTTP Status-Code=500 (Internal Server Error) for "http://localhost:1080/cgi-bin/welcome.pl?page=search"  	[MsgId: MERR-26612]
../lib/common.h(83): Error -26366: "Text=User has returned to the search page" not found for web_reg_find  	[MsgId: MERR-26366]
Warning: Iteration pacing cannot be reached (pace time = 80,00, actual time = 80,67).	[MsgId: MWAR-15995]
Warning: Iteration pacing cannot be reached (pace time = 80,00, actual time = 81,02).	[MsgId: MWAR-15995]
Warning: Iteration pacing cannot be reached (pace time = 80,00, actual time = 88,32).	[MsgId: MWAR-15995]
Warning: Iteration pacing cannot be reached (pace time = 80,00, actual time = 81,01).	[MsgId: MWAR-15995]
Warning: Iteration pacing cannot be reached (pace time = 80,00, actual time = 99,10).	[MsgId: MWAR-15995]
Warning: Iteration pacing cannot be reached (pace time = 80,00, actual time = 95,24).	[MsgId: MWAR-15995]
Warning: Iteration pacing cannot be reached (pace time = 80,00, actual time = 89,03).	[MsgId: MWAR-15995]
Warning: Iteration pacing cannot be reached (pace time = 80,00, actual time = 85,65).	[MsgId: MWAR-15995]
Warning: Iteration pacing cannot be reached (pace time = 80,00, actual time = 95,89).	[MsgId: MWAR-15995]
Warning: Iteration pacing cannot be reached (pace time = 80,00, actual time = 87,07).	[MsgId: MWAR-15995]
Warning: Iteration pacing cannot be reached (pace time = 80,00, actual time = 90,29).	[MsgId: MWAR-15995]
Warning: Iteration pacing cannot be reached (pace time = 80,00, actual time = 89,94).	[MsgId: MWAR-15995]
Warning: Iteration pacing cannot be reached (pace time = 80,00, actual time = 86,14).	[MsgId: MWAR-15995]
Warning: Iteration pacing cannot be reached (pace time = 80,00, actual time = 87,97).	[MsgId: MWAR-15995]
Warning: Iteration pacing cannot be reached (pace time = 80,00, actual time = 85,17).	[MsgId: MWAR-15995]
Warning: Iteration pacing cannot be reached (pace time = 80,00, actual time = 85,25).	[MsgId: MWAR-15995]
../lib/common.h(224): Error -26612: HTTP Status-Code=500 (Internal Server Error) for "http://localhost:1080/cgi-bin/reservations.pl"  	[MsgId: MERR-26612]
../lib/common.h(224): Error -26366: "Text=Flight 450 leaves Paris  for Portland" not found for web_reg_find  	[MsgId: MERR-26366]
../lib/common.h(224): Error -26366: "Text=<b>FateEstallo's Flight Invoice" not found for web_reg_find  	[MsgId: MERR-26366]
../lib/common.h(224): Error -26366: "Text=$1802" not found for web_reg_find  	[MsgId: MERR-26366]
Warning: Iteration pacing cannot be reached (pace time = 80,00, actual time = 96,53).	[MsgId: MWAR-15995]
Warning: Iteration pacing cannot be reached (pace time = 80,00, actual time = 82,89).	[MsgId: MWAR-15995]
Warning: Iteration pacing cannot be reached (pace time = 80,00, actual time = 82,28).	[MsgId: MWAR-15995]
Warning: Iteration pacing cannot be reached (pace time = 80,00, actual time = 84,46).	[MsgId: MWAR-15995]
Warning: Iteration pacing cannot be reached (pace time = 80,00, actual time = 87,30).	[MsgId: MWAR-15995]
Warning: Iteration pacing cannot be reached (pace time = 80,00, actual time = 87,47).	[MsgId: MWAR-15995]
Warning: Iteration pacing cannot be reached (pace time = 80,00, actual time = 89,25).	[MsgId: MWAR-15995]
Warning: Iteration pacing cannot be reached (pace time = 80,00, actual time = 86,77).	[MsgId: MWAR-15995]
Warning: Iteration pacing cannot be reached (pace time = 80,00, actual time = 87,08).	[MsgId: MWAR-15995]
Warning: Iteration pacing cannot be reached (pace time = 80,00, actual time = 86,91).	[MsgId: MWAR-15995]
Warning: Iteration pacing cannot be reached (pace time = 80,00, actual time = 87,56).	[MsgId: MWAR-15995]
Warning: Iteration pacing cannot be reached (pace time = 80,00, actual time = 87,03).	[MsgId: MWAR-15995]
Warning: Iteration pacing cannot be reached (pace time = 80,00, actual time = 87,06).	[MsgId: MWAR-15995]
Warning: Iteration pacing cannot be reached (pace time = 80,00, actual time = 93,44).	[MsgId: MWAR-15995]
Warning: Iteration pacing cannot be reached (pace time = 80,00, actual time = 84,01).	[MsgId: MWAR-15995]
Warning: Iteration pacing cannot be reached (pace time = 80,00, actual time = 88,98).	[MsgId: MWAR-15995]
Warning: Iteration pacing cannot be reached (pace time = 80,00, actual time = 87,60).	[MsgId: MWAR-15995]
Warning: Iteration pacing cannot be reached (pace time = 80,00, actual time = 86,18).	[MsgId: MWAR-15995]
Warning: Iteration pacing cannot be reached (pace time = 80,00, actual time = 91,29).	[MsgId: MWAR-15995]
Warning: Iteration pacing cannot be reached (pace time = 80,00, actual time = 91,66).	[MsgId: MWAR-15995]
Warning: Iteration pacing cannot be reached (pace time = 80,00, actual time = 83,16).	[MsgId: MWAR-15995]
Warning: Iteration pacing cannot be reached (pace time = 80,00, actual time = 92,27).	[MsgId: MWAR-15995]
Warning: Iteration pacing cannot be reached (pace time = 80,00, actual time = 90,16).	[MsgId: MWAR-15995]
Warning: Iteration pacing cannot be reached (pace time = 80,00, actual time = 92,33).	[MsgId: MWAR-15995]
Warning: Iteration pacing cannot be reached (pace time = 80,00, actual time = 95,94).	[MsgId: MWAR-15995]
Warning: Iteration pacing cannot be reached (pace time = 80,00, actual time = 88,94).	[MsgId: MWAR-15995]
Warning: Iteration pacing cannot be reached (pace time = 80,00, actual time = 93,33).	[MsgId: MWAR-15995]
Warning: Iteration pacing cannot be reached (pace time = 80,00, actual time = 86,32).	[MsgId: MWAR-15995]
Warning: Iteration pacing cannot be reached (pace time = 80,00, actual time = 90,81).	[MsgId: MWAR-15995]
Warning: Iteration pacing cannot be reached (pace time = 80,00, actual time = 86,79).	[MsgId: MWAR-15995]
Warning: Iteration pacing cannot be reached (pace time = 80,00, actual time = 89,09).	[MsgId: MWAR-15995]
Warning: Iteration pacing cannot be reached (pace time = 80,00, actual time = 86,22).	[MsgId: MWAR-15995]
Warning: Iteration pacing cannot be reached (pace time = 80,00, actual time = 90,43).	[MsgId: MWAR-15995]
Warning: Iteration pacing cannot be reached (pace time = 80,00, actual time = 91,45).	[MsgId: MWAR-15995]
Warning: Iteration pacing cannot be reached (pace time = 80,00, actual time = 93,04).	[MsgId: MWAR-15995]
Warning: Iteration pacing cannot be reached (pace time = 80,00, actual time = 91,51).	[MsgId: MWAR-15995]
Warning: Iteration pacing cannot be reached (pace time = 80,00, actual time = 88,59).	[MsgId: MWAR-15995]
Warning: Iteration pacing cannot be reached (pace time = 80,00, actual time = 90,42).	[MsgId: MWAR-15995]
Warning: Iteration pacing cannot be reached (pace time = 80,00, actual time = 84,18).	[MsgId: MWAR-15995]
Warning: Iteration pacing cannot be reached (pace time = 80,00, actual time = 94,09).	[MsgId: MWAR-15995]
Warning: Iteration pacing cannot be reached (pace time = 80,00, actual time = 88,24).	[MsgId: MWAR-15995]
Warning: Iteration pacing cannot be reached (pace time = 80,00, actual time = 88,89).	[MsgId: MWAR-15995]
Warning: Iteration pacing cannot be reached (pace time = 80,00, actual time = 89,81).	[MsgId: MWAR-15995]
Warning: Iteration pacing cannot be reached (pace time = 80,00, actual time = 86,12).	[MsgId: MWAR-15995]
Warning: Iteration pacing cannot be reached (pace time = 80,00, actual time = 87,84).	[MsgId: MWAR-15995]
Warning: Iteration pacing cannot be reached (pace time = 80,00, actual time = 86,88).	[MsgId: MWAR-15995]
Warning: Iteration pacing cannot be reached (pace time = 80,00, actual time = 99,39).	[MsgId: MWAR-15995]
Warning: Iteration pacing cannot be reached (pace time = 80,00, actual time = 99,34).	[MsgId: MWAR-15995]
Warning: Iteration pacing cannot be reached (pace time = 80,00, actual time = 91,06).	[MsgId: MWAR-15995]
Warning: Iteration pacing cannot be reached (pace time = 80,00, actual time = 95,67).	[MsgId: MWAR-15995]
Warning: Iteration pacing cannot be reached (pace time = 80,00, actual time = 87,57).	[MsgId: MWAR-15995]
Warning: Iteration pacing cannot be reached (pace time = 80,00, actual time = 89,51).	[MsgId: MWAR-15995]
Warning: Iteration pacing cannot be reached (pace time = 80,00, actual time = 91,13).	[MsgId: MWAR-15995]
Warning: Iteration pacing cannot be reached (pace time = 80,00, actual time = 89,00).	[MsgId: MWAR-15995]
Warning: Iteration pacing cannot be reached (pace time = 80,00, actual time = 88,28).	[MsgId: MWAR-15995]
Warning: Iteration pacing cannot be reached (pace time = 80,00, actual time = 92,55).	[MsgId: MWAR-15995]
Warning: Iteration pacing cannot be reached (pace time = 80,00, actual time = 89,92).	[MsgId: MWAR-15995]
Warning: Iteration pacing cannot be reached (pace time = 80,00, actual time = 85,72).	[MsgId: MWAR-15995]
Warning: Iteration pacing cannot be reached (pace time = 80,00, actual time = 91,91).	[MsgId: MWAR-15995]
Warning: Iteration pacing cannot be reached (pace time = 80,00, actual time = 98,10).	[MsgId: MWAR-15995]
Warning: Iteration pacing cannot be reached (pace time = 80,00, actual time = 88,53).	[MsgId: MWAR-15995]
Warning: Iteration pacing cannot be reached (pace time = 80,00, actual time = 89,63).	[MsgId: MWAR-15995]
Warning: Iteration pacing cannot be reached (pace time = 80,00, actual time = 92,97).	[MsgId: MWAR-15995]
Warning: Iteration pacing cannot be reached (pace time = 80,00, actual time = 90,36).	[MsgId: MWAR-15995]
Warning: Iteration pacing cannot be reached (pace time = 80,00, actual time = 92,48).	[MsgId: MWAR-15995]
Warning: Iteration pacing cannot be reached (pace time = 80,00, actual time = 82,63).	[MsgId: MWAR-15995]
Warning: Iteration pacing cannot be reached (pace time = 80,00, actual time = 89,64).	[MsgId: MWAR-15995]
Warning: Iteration pacing cannot be reached (pace time = 80,00, actual time = 85,53).	[MsgId: MWAR-15995]
Warning: Iteration pacing cannot be reached (pace time = 80,00, actual time = 84,17).	[MsgId: MWAR-15995]
Warning: Iteration pacing cannot be reached (pace time = 80,00, actual time = 82,58).	[MsgId: MWAR-15995]
Warning: Iteration pacing cannot be reached (pace time = 80,00, actual time = 96,81).	[MsgId: MWAR-15995]
